Case #1: 1
1 1 1
Case #2: 4
1 1 1
1 1 2
1 2 1
1 2 2
Case #3: 2
1 1 1
1 1 2
Case #4: 2
1 1 1
1 2 2
Case #5: 18
1 1 1
1 1 2
1 1 3
1 2 1
1 2 2
1 2 3
1 3 1
1 3 2
1 3 3
2 3 3
2 3 2
2 3 1
2 2 3
2 2 2
2 2 1
2 1 3
2 1 2
2 1 1
Case #6: 7
1 1 1
1 2 2
1 3 3
2 3 2
2 2 3
3 1 3
3 2 1
Case #7: 9
1 1 1
1 1 2
1 1 3
1 2 1
1 2 2
1 2 3
1 3 1
1 3 2
1 3 3
Case #8: 27
1 1 1
1 1 2
1 1 3
1 2 1
1 2 2
1 2 3
1 3 1
1 3 2
1 3 3
2 3 3
2 3 2
2 3 1
2 2 3
2 2 2
2 2 1
2 1 3
2 1 2
2 1 1
3 1 3
3 1 2
3 1 1
3 2 3
3 2 2
3 2 1
3 3 3
3 3 2
3 3 1
Case #9: 4
1 1 1
1 1 2
1 2 1
1 2 2
Case #10: 3
1 1 1
1 1 2
1 1 3
Case #11: 12
1 1 1
1 1 2
1 1 3
1 2 1
1 2 2
1 2 3
2 2 3
2 2 2
2 2 1
2 1 3
2 1 2
2 1 1
Case #12: 8
1 1 1
1 1 2
1 2 1
1 2 2
2 2 2
2 2 1
2 1 2
2 1 1
Case #13: 3
1 1 1
1 1 2
1 1 3
Case #14: 9
1 1 1
1 1 2
1 1 3
1 2 1
1 2 2
1 2 3
1 3 1
1 3 2
1 3 3
Case #15: 12
1 1 1
1 1 2
1 1 3
1 2 1
1 2 2
1 2 3
2 2 3
2 2 2
2 2 1
2 1 3
2 1 2
2 1 1
Case #16: 27
1 1 1
1 1 2
1 1 3
1 2 1
1 2 2
1 2 3
1 3 1
1 3 2
1 3 3
2 3 3
2 3 2
2 3 1
2 2 3
2 2 2
2 2 1
2 1 3
2 1 2
2 1 1
3 1 3
3 1 2
3 1 1
3 2 3
3 2 2
3 2 1
3 3 3
3 3 2
3 3 1
Case #17: 18
1 1 1
1 1 2
1 1 3
1 2 1
1 2 2
1 2 3
1 3 1
1 3 2
1 3 3
2 3 3
2 3 2
2 3 1
2 2 3
2 2 2
2 2 1
2 1 3
2 1 2
2 1 1
Case #18: 27
1 1 1
1 1 2
1 1 3
1 2 1
1 2 2
1 2 3
1 3 1
1 3 2
1 3 3
2 3 3
2 3 2
2 3 1
2 2 3
2 2 2
2 2 1
2 1 3
2 1 2
2 1 1
3 1 3
3 1 2
3 1 1
3 2 3
3 2 2
3 2 1
3 3 3
3 3 2
3 3 1
Case #19: 9
1 1 1
1 1 2
1 1 3
1 2 1
1 2 2
1 2 3
1 3 1
1 3 2
1 3 3
Case #20: 6
1 1 1
1 1 2
1 1 3
1 2 1
1 2 2
1 2 3
Case #21: 27
1 1 1
1 1 2
1 1 3
1 2 1
1 2 2
1 2 3
1 3 1
1 3 2
1 3 3
2 3 3
2 3 2
2 3 1
2 2 3
2 2 2
2 2 1
2 1 3
2 1 2
2 1 1
3 1 3
3 1 2
3 1 1
3 2 3
3 2 2
3 2 1
3 3 3
3 3 2
3 3 1
Case #22: 2
1 1 1
1 1 2
Case #23: 1
1 1 1
Case #24: 6
1 1 1
1 1 2
1 1 3
1 2 1
1 2 2
1 2 3
Case #25: 5
1 1 1
1 2 2
1 3 3
2 3 2
2 2 3
Case #26: 8
1 1 1
1 1 2
1 2 1
1 2 2
2 2 2
2 2 1
2 1 2
2 1 1
Case #27: 6
1 1 1
1 1 2
1 1 3
1 2 1
1 2 2
1 2 3
Case #28: 2
1 1 1
1 1 2
Case #29: 4
1 1 1
1 1 2
1 2 1
1 2 2
Case #30: 1
1 1 1
Case #31: 16
1 1 1
1 1 2
1 2 1
1 2 2
1 3 3
2 3 3
2 3 2
2 2 3
2 2 2
2 1 1
3 1 3
3 1 2
3 2 3
3 2 1
3 3 2
3 3 1
Case #32: 1
1 1 1
Case #33: 4
1 1 1
1 1 2
1 2 1
1 2 2
Case #34: 2
1 1 1
1 1 2
Case #35: 5
1 1 1
1 1 2
1 2 1
1 2 2
1 3 3
Case #36: 3
1 1 1
1 1 2
1 1 3
Case #37: 3
1 1 1
1 1 2
1 1 3
Case #38: 2
1 1 1
1 2 2
Case #39: 12
1 1 1
1 1 2
1 1 3
1 2 1
1 2 2
1 2 3
2 2 3
2 2 2
2 2 1
2 1 3
2 1 2
2 1 1
Case #40: 18
1 1 1
1 1 2
1 1 3
1 2 1
1 2 2
1 2 3
1 3 1
1 3 2
1 3 3
2 3 3
2 3 2
2 3 1
2 2 3
2 2 2
2 2 1
2 1 3
2 1 2
2 1 1
Case #41: 4
1 1 1
1 2 2
2 2 3
2 1 2
Case #42: 1
1 1 1
Case #43: 4
1 1 1
1 1 2
1 2 1
1 2 2
Case #44: 12
1 1 1
1 1 2
1 1 3
1 2 1
1 2 2
1 2 3
2 2 3
2 2 2
2 2 1
2 1 3
2 1 2
2 1 1
Case #45: 6
1 1 1
1 1 2
1 1 3
1 2 1
1 2 2
1 2 3
Case #46: 3
1 1 1
1 1 2
1 1 3
Case #47: 4
1 1 1
1 1 2
1 2 1
1 2 2
Case #48: 3
1 1 1
1 1 2
1 1 3
Case #49: 9
1 1 1
1 1 2
1 1 3
1 2 1
1 2 2
1 2 3
1 3 1
1 3 2
1 3 3
Case #50: 18
1 1 1
1 1 2
1 1 3
1 2 1
1 2 2
1 2 3
1 3 1
1 3 2
1 3 3
2 3 3
2 3 2
2 3 1
2 2 3
2 2 2
2 2 1
2 1 3
2 1 2
2 1 1
Case #51: 1
1 1 1
Case #52: 1
1 1 1
Case #53: 6
1 1 1
1 1 2
1 1 3
1 2 1
1 2 2
1 2 3
Case #54: 3
1 1 1
1 1 2
1 1 3
Case #55: 9
1 1 1
1 1 2
1 1 3
1 2 1
1 2 2
1 2 3
1 3 1
1 3 2
1 3 3
Case #56: 3
1 1 1
1 2 2
1 3 3
Case #57: 1
1 1 1
Case #58: 1
1 1 1
Case #59: 2
1 1 1
1 1 2
Case #60: 2
1 1 1
1 1 2
Case #61: 18
1 1 1
1 1 2
1 1 3
1 2 1
1 2 2
1 2 3
1 3 1
1 3 2
1 3 3
2 3 3
2 3 2
2 3 1
2 2 3
2 2 2
2 2 1
2 1 3
2 1 2
2 1 1
Case #62: 6
1 1 1
1 1 2
1 1 3
1 2 1
1 2 2
1 2 3
Case #63: 1
1 1 1
Case #64: 2
1 1 1
1 1 2
Case #65: 18
1 1 1
1 1 2
1 1 3
1 2 1
1 2 2
1 2 3
1 3 1
1 3 2
1 3 3
2 3 3
2 3 2
2 3 1
2 2 3
2 2 2
2 2 1
2 1 3
2 1 2
2 1 1
Case #66: 12
1 1 1
1 1 2
1 1 3
1 2 1
1 2 2
1 2 3
2 2 3
2 2 2
2 2 1
2 1 3
2 1 2
2 1 1
Case #67: 12
1 1 1
1 1 2
1 1 3
1 2 1
1 2 2
1 2 3
2 2 3
2 2 2
2 2 1
2 1 3
2 1 2
2 1 1
Case #68: 4
1 1 1
1 1 2
1 2 1
1 2 2
Case #69: 2
1 1 1
1 1 2
Case #70: 4
1 1 1
1 2 2
2 2 1
2 1 2
Case #71: 27
1 1 1
1 1 2
1 1 3
1 2 1
1 2 2
1 2 3
1 3 1
1 3 2
1 3 3
2 3 3
2 3 2
2 3 1
2 2 3
2 2 2
2 2 1
2 1 3
2 1 2
2 1 1
3 1 3
3 1 2
3 1 1
3 2 3
3 2 2
3 2 1
3 3 3
3 3 2
3 3 1
Case #72: 8
1 1 1
1 1 2
1 2 1
1 2 2
2 2 2
2 2 1
2 1 2
2 1 1
Case #73: 27
1 1 1
1 1 2
1 1 3
1 2 1
1 2 2
1 2 3
1 3 1
1 3 2
1 3 3
2 3 3
2 3 2
2 3 1
2 2 3
2 2 2
2 2 1
2 1 3
2 1 2
2 1 1
3 1 3
3 1 2
3 1 1
3 2 3
3 2 2
3 2 1
3 3 3
3 3 2
3 3 1
Case #74: 8
1 1 1
1 1 2
1 2 1
1 2 2
2 2 2
2 2 1
2 1 2
2 1 1
Case #75: 12
1 1 1
1 1 2
1 1 3
1 2 1
1 2 2
1 2 3
2 2 3
2 2 2
2 2 1
2 1 3
2 1 2
2 1 1
Case #76: 9
1 1 1
1 1 2
1 1 3
1 2 1
1 2 2
1 2 3
1 3 1
1 3 2
1 3 3
Case #77: 9
1 1 1
1 1 2
1 1 3
1 2 1
1 2 2
1 2 3
1 3 1
1 3 2
1 3 3
Case #78: 4
1 1 1
1 1 2
1 2 1
1 2 2
Case #79: 1
1 1 1
Case #80: 2
1 1 1
1 1 2
Case #81: 6
1 1 1
1 1 2
1 1 3
1 2 1
1 2 2
1 2 3
Case #82: 18
1 1 1
1 1 2
1 1 3
1 2 1
1 2 2
1 2 3
1 3 1
1 3 2
1 3 3
2 3 3
2 3 2
2 3 1
2 2 3
2 2 2
2 2 1
2 1 3
2 1 2
2 1 1
Case #83: 8
1 1 1
1 1 2
1 2 1
1 2 2
2 2 2
2 2 1
2 1 2
2 1 1
Case #84: 2
1 1 1
1 1 2
Case #85: 8
1 1 1
1 1 2
1 2 1
1 2 2
2 2 2
2 2 1
2 1 2
2 1 1
Case #86: 18
1 1 1
1 1 2
1 1 3
1 2 1
1 2 2
1 2 3
1 3 1
1 3 2
1 3 3
2 3 3
2 3 2
2 3 1
2 2 3
2 2 2
2 2 1
2 1 3
2 1 2
2 1 1
Case #87: 12
1 1 1
1 1 2
1 1 3
1 2 1
1 2 2
1 2 3
2 2 3
2 2 2
2 2 1
2 1 3
2 1 2
2 1 1
Case #88: 8
1 1 1
1 1 2
1 2 1
1 2 2
2 2 2
2 2 1
2 1 2
2 1 1
Case #89: 27
1 1 1
1 1 2
1 1 3
1 2 1
1 2 2
1 2 3
1 3 1
1 3 2
1 3 3
2 3 3
2 3 2
2 3 1
2 2 3
2 2 2
2 2 1
2 1 3
2 1 2
2 1 1
3 1 3
3 1 2
3 1 1
3 2 3
3 2 2
3 2 1
3 3 3
3 3 2
3 3 1
Case #90: 3
1 1 1
1 1 2
1 1 3
Case #91: 8
1 1 1
1 1 2
1 2 1
1 2 2
2 2 3
2 2 2
2 1 3
2 1 2
Case #92: 27
1 1 1
1 1 2
1 1 3
1 2 1
1 2 2
1 2 3
1 3 1
1 3 2
1 3 3
2 3 3
2 3 2
2 3 1
2 2 3
2 2 2
2 2 1
2 1 3
2 1 2
2 1 1
3 1 3
3 1 2
3 1 1
3 2 3
3 2 2
3 2 1
3 3 3
3 3 2
3 3 1
Case #93: 8
1 1 1
1 1 2
1 2 1
1 2 2
2 2 2
2 2 1
2 1 2
2 1 1
Case #94: 1
1 1 1
Case #95: 10
1 1 1
1 1 2
1 2 1
1 2 2
1 3 3
2 3 3
2 3 2
2 2 3
2 2 2
2 1 1
Case #96: 4
1 1 1
1 1 2
1 2 1
1 2 2
Case #97: 6
1 1 1
1 1 2
1 1 3
1 2 1
1 2 2
1 2 3
Case #98: 4
1 1 1
1 1 2
1 2 1
1 2 2
Case #99: 9
1 1 1
1 1 2
1 1 3
1 2 1
1 2 2
1 2 3
1 3 1
1 3 2
1 3 3
Case #100: 8
1 1 1
1 1 2
1 2 1
1 2 2
2 2 2
2 2 1
2 1 2
2 1 1