Case #1: 1
1 1 1
Case #2: 4
1 1 1
1 1 2
1 2 1
1 2 2
Case #3: 2
1 1 1
1 1 2
Case #4: 2
1 1 1
1 2 2
Case #5: 4
1 1 1
1 1 2
1 2 1
1 2 2
Case #6: 6
1 1 1
1 1 2
1 1 3
1 2 1
1 2 2
1 2 3
Case #7: 4
1 1 1
1 2 2
2 2 1
2 1 2
Case #8: 27
1 1 1
1 1 2
1 1 3
1 2 1
1 2 2
1 2 3
1 3 1
1 3 2
1 3 3
2 3 1
2 3 2
2 3 3
2 2 1
2 2 2
2 2 3
2 1 1
2 1 2
2 1 3
3 1 3
3 1 2
3 1 1
3 2 3
3 2 2
3 2 1
3 3 3
3 3 2
3 3 1
Case #9: 9
1 1 1
1 1 2
1 1 3
1 2 1
1 2 2
1 2 3
1 3 1
1 3 2
1 3 3
Case #10: 12
1 1 1
1 1 2
1 1 3
1 2 1
1 2 2
1 2 3
2 2 1
2 2 2
2 2 3
2 1 1
2 1 2
2 1 3
Case #11: 1
1 1 1
Case #12: 6
1 1 1
1 1 2
1 1 3
1 2 1
1 2 2
1 2 3
Case #13: 8
1 1 1
1 1 2
1 2 1
1 2 2
2 2 1
2 2 2
2 1 1
2 1 2
Case #14: 2
1 1 1
1 1 2
Case #15: 2
1 1 1
1 1 2
Case #16: 6
1 1 1
1 1 2
1 1 3
1 2 1
1 2 2
1 2 3
Case #17: 18
1 1 1
1 1 2
1 1 3
1 2 1
1 2 2
1 2 3
1 3 1
1 3 2
1 3 3
2 3 1
2 3 2
2 3 3
2 2 1
2 2 2
2 2 3
2 1 1
2 1 2
2 1 3
Case #18: 6
1 1 1
1 1 2
1 1 3
1 2 1
1 2 2
1 2 3
Case #19: 27
1 1 1
1 1 2
1 1 3
1 2 1
1 2 2
1 2 3
1 3 1
1 3 2
1 3 3
2 3 1
2 3 2
2 3 3
2 2 1
2 2 2
2 2 3
2 1 1
2 1 2
2 1 3
3 1 3
3 1 2
3 1 1
3 2 3
3 2 2
3 2 1
3 3 3
3 3 2
3 3 1
Case #20: 6
1 1 1
1 1 2
1 1 3
1 2 1
1 2 2
1 2 3
Case #21: 9
1 1 1
1 1 2
1 1 3
1 2 1
1 2 2
1 2 3
1 3 1
1 3 2
1 3 3
Case #22: 8
1 1 1
1 1 2
1 2 1
1 2 2
2 2 1
2 2 2
2 1 1
2 1 2
Case #23: 18
1 1 1
1 1 2
1 1 3
1 2 1
1 2 2
1 2 3
1 3 1
1 3 2
1 3 3
2 3 1
2 3 2
2 3 3
2 2 1
2 2 2
2 2 3
2 1 1
2 1 2
2 1 3
Case #24: 8
1 1 1
1 1 2
1 2 1
1 2 2
2 2 1
2 2 2
2 1 1
2 1 2
Case #25: 1
1 1 1
Case #26: 4
1 1 1
1 1 2
1 2 1
1 2 2
Case #27: 1
1 1 1
Case #28: 12
1 1 1
1 1 2
1 1 3
1 2 1
1 2 2
1 2 3
2 2 1
2 2 2
2 2 3
2 1 1
2 1 2
2 1 3
Case #29: 4
1 1 1
1 1 2
1 2 1
1 2 2
Case #30: 12
1 1 1
1 1 2
1 1 3
1 2 1
1 2 2
1 2 3
2 2 1
2 2 2
2 2 3
2 1 1
2 1 2
2 1 3
Case #31: 15
1 1 1
1 1 2
1 2 1
1 2 2
1 3 3
2 3 1
2 3 2
2 2 1
2 2 2
2 1 3
3 1 3
3 1 2
3 2 3
3 3 2
3 3 1
Case #32: 9
1 1 1
1 1 2
1 1 3
1 2 1
1 2 2
1 2 3
1 3 1
1 3 2
1 3 3
Case #33: 1
1 1 1
Case #34: 8
1 1 1
1 1 2
1 2 1
1 2 2
2 2 1
2 2 2
2 1 1
2 1 2
Case #35: 9
1 1 1
1 1 2
1 1 3
1 2 1
1 2 2
1 2 3
1 3 1
1 3 2
1 3 3
Case #36: 3
1 1 1
1 1 2
1 1 3
Case #37: 5
1 1 1
1 1 2
1 2 1
1 2 2
1 3 3
Case #38: 9
1 1 1
1 1 2
1 1 3
1 2 1
1 2 2
1 2 3
1 3 1
1 3 2
1 3 3
Case #39: 4
1 1 1
1 1 2
1 2 1
1 2 2
Case #40: 27
1 1 1
1 1 2
1 1 3
1 2 1
1 2 2
1 2 3
1 3 1
1 3 2
1 3 3
2 3 1
2 3 2
2 3 3
2 2 1
2 2 2
2 2 3
2 1 1
2 1 2
2 1 3
3 1 3
3 1 2
3 1 1
3 2 3
3 2 2
3 2 1
3 3 3
3 3 2
3 3 1
Case #41: 8
1 1 1
1 1 2
1 2 1
1 2 2
2 2 1
2 2 2
2 1 1
2 1 2
Case #42: 4
1 1 1
1 2 2
2 2 1
2 1 2
Case #43: 2
1 1 1
1 1 2
Case #44: 27
1 1 1
1 1 2
1 1 3
1 2 1
1 2 2
1 2 3
1 3 1
1 3 2
1 3 3
2 3 1
2 3 2
2 3 3
2 2 1
2 2 2
2 2 3
2 1 1
2 1 2
2 1 3
3 1 3
3 1 2
3 1 1
3 2 3
3 2 2
3 2 1
3 3 3
3 3 2
3 3 1
Case #45: 9
1 1 1
1 1 2
1 1 3
1 2 1
1 2 2
1 2 3
1 3 1
1 3 2
1 3 3
Case #46: 2
1 1 1
1 1 2
Case #47: 3
1 1 1
1 1 2
1 1 3
Case #48: 9
1 1 1
1 1 2
1 1 3
1 2 1
1 2 2
1 2 3
1 3 1
1 3 2
1 3 3
Case #49: 12
1 1 1
1 1 2
1 1 3
1 2 1
1 2 2
1 2 3
2 2 1
2 2 2
2 2 3
2 1 1
2 1 2
2 1 3
Case #50: 9
1 1 1
1 1 2
1 1 3
1 2 1
1 2 2
1 2 3
1 3 1
1 3 2
1 3 3
Case #51: 18
1 1 1
1 1 2
1 1 3
1 2 1
1 2 2
1 2 3
1 3 1
1 3 2
1 3 3
2 3 1
2 3 2
2 3 3
2 2 1
2 2 2
2 2 3
2 1 1
2 1 2
2 1 3
Case #52: 3
1 1 1
1 1 2
1 1 3
Case #53: 18
1 1 1
1 1 2
1 1 3
1 2 1
1 2 2
1 2 3
1 3 1
1 3 2
1 3 3
2 3 1
2 3 2
2 3 3
2 2 1
2 2 2
2 2 3
2 1 1
2 1 2
2 1 3
Case #54: 4
1 1 1
1 1 2
1 2 1
1 2 2
Case #55: 27
1 1 1
1 1 2
1 1 3
1 2 1
1 2 2
1 2 3
1 3 1
1 3 2
1 3 3
2 3 1
2 3 2
2 3 3
2 2 1
2 2 2
2 2 3
2 1 1
2 1 2
2 1 3
3 1 3
3 1 2
3 1 1
3 2 3
3 2 2
3 2 1
3 3 3
3 3 2
3 3 1
Case #56: 4
1 1 1
1 1 2
1 2 1
1 2 2
Case #57: 6
1 1 1
1 1 2
1 1 3
1 2 1
1 2 2
1 2 3
Case #58: 1
1 1 1
Case #59: 3
1 1 1
1 1 2
1 1 3
Case #60: 1
1 1 1
Case #61: 8
1 1 1
1 1 2
1 2 1
1 2 2
2 2 1
2 2 2
2 1 1
2 1 2
Case #62: 8
1 1 1
1 1 2
1 2 1
1 2 2
2 2 1
2 2 2
2 1 1
2 1 2
Case #63: 8
1 1 1
1 1 2
1 2 1
1 2 2
2 2 1
2 2 2
2 1 1
2 1 2
Case #64: 3
1 1 1
1 2 2
1 3 3
Case #65: 2
1 1 1
1 1 2
Case #66: 4
1 1 1
1 1 2
1 2 1
1 2 2
Case #67: 18
1 1 1
1 1 2
1 1 3
1 2 1
1 2 2
1 2 3
1 3 1
1 3 2
1 3 3
2 3 1
2 3 2
2 3 3
2 2 1
2 2 2
2 2 3
2 1 1
2 1 2
2 1 3
Case #68: 3
1 1 1
1 1 2
1 1 3
Case #69: 27
1 1 1
1 1 2
1 1 3
1 2 1
1 2 2
1 2 3
1 3 1
1 3 2
1 3 3
2 3 1
2 3 2
2 3 3
2 2 1
2 2 2
2 2 3
2 1 1
2 1 2
2 1 3
3 1 3
3 1 2
3 1 1
3 2 3
3 2 2
3 2 1
3 3 3
3 3 2
3 3 1
Case #70: 18
1 1 1
1 1 2
1 1 3
1 2 1
1 2 2
1 2 3
1 3 1
1 3 2
1 3 3
2 3 1
2 3 2
2 3 3
2 2 1
2 2 2
2 2 3
2 1 1
2 1 2
2 1 3
Case #71: 4
1 1 1
1 1 2
1 2 1
1 2 2
Case #72: 1
1 1 1
Case #73: 1
1 1 1
Case #74: 8
1 1 1
1 1 2
1 2 1
1 2 2
2 2 1
2 2 2
2 1 1
2 1 2
Case #75: 1
1 1 1
Case #76: 2
1 1 1
1 1 2
Case #77: 18
1 1 1
1 1 2
1 1 3
1 2 1
1 2 2
1 2 3
1 3 1
1 3 2
1 3 3
2 3 1
2 3 2
2 3 3
2 2 1
2 2 2
2 2 3
2 1 1
2 1 2
2 1 3
Case #78: 27
1 1 1
1 1 2
1 1 3
1 2 1
1 2 2
1 2 3
1 3 1
1 3 2
1 3 3
2 3 1
2 3 2
2 3 3
2 2 1
2 2 2
2 2 3
2 1 1
2 1 2
2 1 3
3 1 3
3 1 2
3 1 1
3 2 3
3 2 2
3 2 1
3 3 3
3 3 2
3 3 1
Case #79: 27
1 1 1
1 1 2
1 1 3
1 2 1
1 2 2
1 2 3
1 3 1
1 3 2
1 3 3
2 3 1
2 3 2
2 3 3
2 2 1
2 2 2
2 2 3
2 1 1
2 1 2
2 1 3
3 1 3
3 1 2
3 1 1
3 2 3
3 2 2
3 2 1
3 3 3
3 3 2
3 3 1
Case #80: 3
1 1 1
1 1 2
1 1 3
Case #81: 6
1 1 1
1 2 2
1 3 3
2 3 1
2 2 3
2 1 2
Case #82: 12
1 1 1
1 1 2
1 1 3
1 2 1
1 2 2
1 2 3
2 2 1
2 2 2
2 2 3
2 1 1
2 1 2
2 1 3
Case #83: 18
1 1 1
1 1 2
1 1 3
1 2 1
1 2 2
1 2 3
1 3 1
1 3 2
1 3 3
2 3 1
2 3 2
2 3 3
2 2 1
2 2 2
2 2 3
2 1 1
2 1 2
2 1 3
Case #84: 3
1 1 1
1 1 2
1 1 3
Case #85: 8
1 1 1
1 1 2
1 2 1
1 2 2
2 2 1
2 2 2
2 1 1
2 1 2
Case #86: 6
1 1 1
1 1 2
1 1 3
1 2 1
1 2 2
1 2 3
Case #87: 1
1 1 1
Case #88: 6
1 1 1
1 1 2
1 1 3
1 2 1
1 2 2
1 2 3
Case #89: 1
1 1 1
Case #90: 4
1 1 1
1 1 2
1 2 1
1 2 2
Case #91: 12
1 1 1
1 1 2
1 1 3
1 2 1
1 2 2
1 2 3
2 2 1
2 2 2
2 2 3
2 1 1
2 1 2
2 1 3
Case #92: 3
1 1 1
1 1 2
1 1 3
Case #93: 12
1 1 1
1 1 2
1 1 3
1 2 1
1 2 2
1 2 3
2 2 1
2 2 2
2 2 3
2 1 1
2 1 2
2 1 3
Case #94: 12
1 1 1
1 1 2
1 1 3
1 2 1
1 2 2
1 2 3
2 2 1
2 2 2
2 2 3
2 1 1
2 1 2
2 1 3
Case #95: 2
1 1 1
1 1 2
Case #96: 10
1 1 1
1 1 2
1 2 1
1 2 2
1 3 3
2 3 1
2 3 2
2 2 1
2 2 2
2 1 3
Case #97: 2
1 1 1
1 1 2
Case #98: 2
1 1 1
1 1 2
Case #99: 2
1 1 1
1 2 2
Case #100: 9
1 1 1
1 2 2
1 3 3
2 3 1
2 2 3
2 1 2
3 1 3
3 2 1
3 3 2