Case #1: 2
Case #2: 1
Case #3: IMPOSSIBLE
Case #4: 1 2
Case #5: 1 2 3
Case #6: IMPOSSIBLE
Case #7: IMPOSSIBLE
Case #8: 2
Case #9: IMPOSSIBLE
Case #10: IMPOSSIBLE
Case #11: 2
Case #12: 1
Case #13: IMPOSSIBLE
Case #14: IMPOSSIBLE
Case #15: IMPOSSIBLE
Case #16: 1 2 3 4
Case #17: IMPOSSIBLE
Case #18: IMPOSSIBLE
Case #19: IMPOSSIBLE
Case #20: 1
Case #21: IMPOSSIBLE
Case #22: IMPOSSIBLE
Case #23: IMPOSSIBLE
Case #24: IMPOSSIBLE
Case #25: IMPOSSIBLE
Case #26: 1 2 3 4 5 6 7 8 9 10 11 12 13 14 15 16 17 18 19 20 21 22 23 24 25 26 27 28 29 30 31 32 33 34 35 36 37 38 39 40 41 42 43 44 45 46 47 48 49 50 51 52 53 54 55 56 57 58 59 60 61 62 63 64 65 66 67 68 69 70 71 72 73 74 75 76 77 78 79 80 81 82 83 84 85 86 87 88 89 90 91 92 93 94 95 96 97 98 99 100
Case #27: IMPOSSIBLE
Case #28: IMPOSSIBLE
Case #29: IMPOSSIBLE
Case #30: IMPOSSIBLE
Case #31: IMPOSSIBLE
Case #32: 1
Case #33: 1
Case #34: IMPOSSIBLE
Case #35: IMPOSSIBLE
Case #36: IMPOSSIBLE
Case #37: IMPOSSIBLE
Case #38: IMPOSSIBLE
Case #39: 1
Case #40: 1 2 3 4 5 6 7 8 9 10 11 12 13 14 15 16 17 18 19 20 21 22 23 24 25 26 27 28 29 30 31 32 33 34 35 36 37 38 39 40 41
Case #41: 1
Case #42: 1
Case #43: 2
Case #44: IMPOSSIBLE
Case #45: IMPOSSIBLE
Case #46: IMPOSSIBLE
Case #47: 2 3 4 5
Case #48: IMPOSSIBLE
Case #49: IMPOSSIBLE
Case #50: IMPOSSIBLE
Case #51: IMPOSSIBLE
Case #52: IMPOSSIBLE
Case #53: IMPOSSIBLE
Case #54: 2 3
Case #55: IMPOSSIBLE
Case #56: 2 3 4 5 6 7 8 9 10 11 12 13 14 15 16 17 18 19 20 21 22 23 24 25 26 27 28 29 30 31 32 33 34 35 36 37 38 39 40 41 42 43 44 45 46 47 48 49 50 51 52 53 54
Case #57: 2
Case #58: 1 2 3
Case #59: IMPOSSIBLE
Case #60: IMPOSSIBLE
Case #61: IMPOSSIBLE
Case #62: IMPOSSIBLE
Case #63: IMPOSSIBLE
Case #64: IMPOSSIBLE
Case #65: 1
Case #66: 1 2
Case #67: IMPOSSIBLE
Case #68: IMPOSSIBLE
Case #69: IMPOSSIBLE
Case #70: IMPOSSIBLE
Case #71: 2 3 4
Case #72: IMPOSSIBLE
Case #73: IMPOSSIBLE
Case #74: 1
Case #75: IMPOSSIBLE
Case #76: 2
Case #77: IMPOSSIBLE
Case #78: IMPOSSIBLE
Case #79: IMPOSSIBLE
Case #80: 2 3 4 5 6 7 8 9 10 11
Case #81: 1
Case #82: 2
Case #83: IMPOSSIBLE
Case #84: IMPOSSIBLE
Case #85: IMPOSSIBLE
Case #86: IMPOSSIBLE
Case #87: IMPOSSIBLE
Case #88: IMPOSSIBLE
Case #89: 1 2 3 4 5 6 7 8 9
Case #90: IMPOSSIBLE
Case #91: IMPOSSIBLE
Case #92: 2 3
Case #93: IMPOSSIBLE
Case #94: 1 2 3
Case #95: IMPOSSIBLE
Case #96: IMPOSSIBLE
Case #97: IMPOSSIBLE
Case #98: 1
Case #99: IMPOSSIBLE
Case #100: IMPOSSIBLE