Case #1: 4 3
o 1 1
+ 1 2
x 2 2
Case #2: 2 0
Case #3: 7 5
o 1 1
o 2 3
+ 1 3
+ 2 1
x 3 2
Case #4: 241 164
o 1 1
o 2 3
o 3 5
o 4 2
o 5 4
o 6 9
o 7 12
o 8 14
o 9 16
o 10 6
o 11 15
o 12 20
o 13 7
o 14 23
o 15 8
o 16 11
o 17 27
o 18 10
o 19 30
o 20 32
o 21 18
o 22 13
o 23 36
o 24 38
o 25 40
o 26 43
o 27 45
o 28 17
o 29 19
o 30 49
o 31 51
o 32 53
o 33 21
o 34 56
o 35 22
o 36 59
o 37 61
o 38 63
o 39 24
o 40 26
o 41 67
o 42 25
o 43 70
o 44 72
o 45 29
o 46 75
o 47 28
o 48 78
o 49 31
o 50 81
o 51 83
o 52 85
o 53 33
o 54 88
o 55 34
o 56 91
o 57 35
o 58 94
o 59 96
o 60 37
o 61 99
o 63 39
o 66 41
o 68 42
o 71 44
o 74 46
o 76 47
o 79 48
o 80 50
o 84 52
o 87 54
o 89 55
o 92 57
o 95 58
o 96 60
o 100 62
+ 1 40
+ 1 41
+ 1 42
+ 1 45
+ 1 46
+ 1 49
+ 1 50
+ 1 52
+ 1 54
+ 1 55
+ 1 57
+ 1 59
+ 1 60
+ 1 63
+ 1 67
+ 1 69
+ 1 70
+ 1 72
+ 1 75
+ 1 76
+ 1 77
+ 1 80
+ 1 82
+ 1 83
+ 1 86
+ 1 87
+ 1 90
+ 1 92
+ 1 93
+ 1 95
+ 1 98
+ 1 99
+ 4 99
+ 4 100
+ 6 99
+ 8 98
+ 11 98
+ 12 100
+ 14 97
+ 15 99
+ 19 99
+ 20 97
+ 22 100
+ 23 96
+ 26 98
+ 29 96
+ 29 99
+ 32 97
+ 34 98
+ 35 98
+ 37 98
+ 39 99
+ 41 98
+ 44 96
+ 44 99
+ 48 98
+ 49 96
+ 51 97
+ 54 96
+ 54 97
+ 97 57
+ 98 59
+ 100 58
+ 100 59
x 62 64
x 64 65
x 65 66
x 67 68
x 69 69
x 70 71
x 72 73
x 73 74
x 75 76
x 77 77
x 78 79
x 81 80
x 82 82
x 83 84
x 85 86
x 86 87
x 88 89
x 90 90
x 91 92
x 93 93
x 94 95
x 97 97
x 98 98
x 99 100
Case #5: 255 113
o 52 50
o 53 52
o 54 49
o 55 51
o 56 48
o 57 54
o 59 53
o 60 47
o 62 46
o 63 56
o 64 45
o 65 55
o 66 44
o 67 58
o 69 57
o 70 43
o 71 60
o 72 42
o 74 41
o 75 61
o 76 40
o 77 62
o 78 39
o 80 38
o 81 63
o 82 65
o 84 37
o 85 64
o 86 36
o 87 67
o 88 35
o 89 66
o 90 34
o 92 68
o 94 33
o 95 69
o 96 32
o 97 72
o 98 31
o 99 71
o 100 30
+ 81 52
+ 82 50
+ 83 52
+ 84 50
+ 86 51
+ 88 50
+ 89 52
+ 90 50
+ 92 51
+ 93 49
+ 94 51
+ 96 50
+ 98 50
+ 98 53
x 2 1
x 3 2
x 4 3
x 5 4
x 6 5
x 7 6
x 8 7
x 9 8
x 10 9
x 11 10
x 12 11
x 13 12
x 14 13
x 15 14
x 16 15
x 17 16
x 18 17
x 19 18
x 20 19
x 21 20
x 22 21
x 23 22
x 24 23
x 25 24
x 26 25
x 27 26
x 28 27
x 29 28
x 30 29
x 31 70
x 32 73
x 33 74
x 34 75
x 35 76
x 36 77
x 37 78
x 38 79
x 39 80
x 40 81
x 41 82
x 42 83
x 43 84
x 44 85
x 45 86
x 46 87
x 47 88
x 48 89
x 49 90
x 50 91
x 51 92
x 58 93
x 61 94
x 68 95
x 73 96
x 79 97
x 83 98
x 91 99
x 93 100
Case #6: 239 163
o 1 1
o 2 3
o 3 5
o 4 2
o 5 4
o 6 9
o 7 11
o 8 13
o 9 15
o 10 6
o 11 8
o 12 19
o 13 7
o 14 22
o 15 10
o 16 25
o 17 27
o 18 29
o 19 31
o 20 12
o 21 14
o 22 35
o 23 37
o 24 39
o 25 41
o 26 16
o 27 18
o 28 45
o 29 17
o 30 48
o 31 20
o 32 51
o 33 53
o 34 21
o 35 56
o 36 58
o 37 60
o 38 23
o 39 63
o 40 24
o 41 66
o 42 28
o 43 26
o 44 70
o 45 72
o 46 74
o 47 76
o 48 78
o 49 30
o 50 32
o 51 82
o 52 84
o 53 86
o 54 33
o 55 89
o 56 34
o 57 92
o 58 38
o 59 36
o 60 96
o 61 98
o 62 100
o 64 40
o 67 42
o 69 43
o 71 44
o 75 46
o 77 47
o 78 50
o 80 49
o 85 52
o 86 54
o 90 55
o 91 57
o 95 59
o 99 61
+ 1 42
+ 1 47
+ 1 48
+ 1 51
+ 1 52
+ 1 53
+ 1 55
+ 1 57
+ 1 58
+ 1 61
+ 1 64
+ 1 66
+ 1 67
+ 1 70
+ 1 71
+ 1 73
+ 1 74
+ 1 75
+ 1 76
+ 1 79
+ 1 80
+ 1 83
+ 1 84
+ 1 87
+ 1 88
+ 1 91
+ 1 92
+ 1 97
+ 1 98
+ 1 99
+ 1 100
+ 4 99
+ 6 99
+ 6 100
+ 8 100
+ 11 99
+ 11 100
+ 14 99
+ 16 100
+ 19 99
+ 19 100
+ 23 99
+ 27 98
+ 30 97
+ 31 99
+ 34 98
+ 35 96
+ 36 98
+ 38 1
+ 38 97
+ 40 98
+ 43 98
+ 45 98
+ 47 95
+ 49 98
+ 51 95
+ 53 98
+ 54 96
+ 55 98
+ 56 96
+ 58 97
+ 98 59
+ 99 59
x 63 62
x 65 64
x 66 65
x 68 67
x 70 68
x 72 69
x 73 71
x 74 73
x 76 75
x 79 77
x 81 79
x 82 80
x 83 81
x 84 83
x 87 85
x 88 87
x 89 88
x 92 90
x 93 91
x 94 93
x 96 94
x 97 95
x 98 97
x 100 99
Case #7: 178 118
o 2 1
o 3 3
o 4 5
o 5 2
o 6 10
o 7 12
o 8 4
o 9 11
o 10 8
o 11 6
o 12 15
o 13 19
o 14 7
o 15 22
o 16 25
o 17 27
o 18 29
o 19 33
o 20 14
o 21 36
o 22 13
o 23 39
o 24 16
o 25 42
o 26 44
o 27 46
o 28 17
o 29 49
o 30 18
o 31 53
o 32 55
o 33 20
o 34 24
o 35 21
o 36 60
o 37 62
o 38 23
o 39 65
o 40 67
o 41 69
o 42 26
o 43 72
o 44 74
o 46 28
o 47 30
o 50 31
o 53 32
o 54 34
o 57 35
o 60 37
o 62 38
o 65 40
o 67 41
o 70 43
o 74 45
+ 1 32
+ 1 35
+ 1 37
+ 1 38
+ 1 41
+ 1 42
+ 1 45
+ 1 48
+ 1 49
+ 1 50
+ 1 53
+ 1 54
+ 1 58
+ 1 59
+ 1 62
+ 1 63
+ 1 64
+ 1 65
+ 1 68
+ 1 70
+ 1 71
+ 1 74
+ 2 74
+ 6 74
+ 7 72
+ 8 74
+ 12 71
+ 13 73
+ 17 72
+ 17 73
+ 20 71
+ 20 74
+ 24 69
+ 24 74
+ 26 69
+ 28 74
+ 29 1
+ 31 70
+ 32 74
+ 34 69
+ 38 71
+ 40 72
+ 71 40
+ 72 42
+ 74 42
x 45 47
x 48 48
x 49 50
x 51 51
x 52 52
x 55 54
x 56 56
x 58 57
x 59 58
x 61 59
x 63 61
x 64 63
x 66 64
x 68 66
x 69 68
x 71 70
x 72 71
x 73 73
Case #8: 12 7
o 1 3
o 4 2
o 5 4
+ 1 1
+ 5 2
x 2 1
x 3 5
Case #9: 256 114
o 52 50
o 53 52
o 54 49
o 55 51
o 56 48
o 57 54
o 59 53
o 60 47
o 62 46
o 63 56
o 64 45
o 65 55
o 66 44
o 67 58
o 69 57
o 70 43
o 71 60
o 72 42
o 73 59
o 74 41
o 76 40
o 77 62
o 78 39
o 79 61
o 80 38
o 81 64
o 83 63
o 84 37
o 86 36
o 87 66
o 88 35
o 89 65
o 90 34
o 91 68
o 93 67
o 94 33
o 95 70
o 96 32
o 97 69
o 98 31
o 100 30
+ 81 52
+ 83 51
+ 83 52
+ 85 51
+ 86 51
+ 88 50
+ 89 52
+ 91 51
+ 92 51
+ 94 50
+ 95 52
+ 97 51
+ 97 52
+ 99 51
+ 100 51
x 2 1
x 3 3
x 4 4
x 5 5
x 6 6
x 7 7
x 8 8
x 9 9
x 10 10
x 11 11
x 12 12
x 13 13
x 14 14
x 15 15
x 16 16
x 17 17
x 18 18
x 19 19
x 20 20
x 21 21
x 22 22
x 23 23
x 24 24
x 25 25
x 26 26
x 27 27
x 28 28
x 29 29
x 30 71
x 31 72
x 32 73
x 33 74
x 34 75
x 35 76
x 36 77
x 37 78
x 38 79
x 39 80
x 40 81
x 41 82
x 42 83
x 43 84
x 44 85
x 45 86
x 46 87
x 47 88
x 48 89
x 49 90
x 50 91
x 51 92
x 58 93
x 61 94
x 68 95
x 75 96
x 82 97
x 85 98
x 92 99
x 99 100
Case #10: 132 87
o 2 1
o 3 3
o 4 5
o 5 2
o 6 4
o 7 9
o 8 11
o 9 13
o 10 15
o 11 6
o 12 8
o 13 19
o 14 7
o 15 22
o 16 10
o 17 25
o 18 27
o 19 29
o 20 31
o 21 12
o 22 34
o 23 36
o 24 14
o 25 39
o 26 18
o 27 16
o 28 43
o 29 17
o 30 46
o 31 48
o 32 50
o 33 52
o 34 20
o 35 55
o 36 21
o 37 24
o 39 23
o 43 26
o 46 28
o 50 30
o 51 32
o 54 33
+ 1 22
+ 1 23
+ 1 26
+ 1 27
+ 1 28
+ 1 29
+ 1 30
+ 1 33
+ 1 34
+ 1 38
+ 1 39
+ 1 40
+ 1 46
+ 1 48
+ 1 49
+ 1 51
+ 1 54
+ 3 55
+ 7 53
+ 10 53
+ 11 55
+ 12 53
+ 13 55
+ 15 55
+ 16 51
+ 18 54
+ 21 52
+ 24 54
+ 26 49
+ 30 54
+ 50 27
+ 53 28
+ 54 32
x 38 37
x 40 38
x 41 40
x 42 41
x 44 42
x 45 44
x 47 45
x 48 47
x 49 49
x 52 51
x 53 53
x 55 54
Case #11: 153 102
o 1 44
o 2 1
o 3 3
o 4 5
o 5 2
o 6 4
o 7 9
o 8 11
o 9 13
o 10 15
o 11 6
o 12 8
o 13 19
o 14 7
o 15 22
o 16 10
o 17 25
o 18 29
o 19 31
o 20 33
o 21 12
o 22 14
o 23 32
o 24 34
o 25 39
o 26 41
o 27 16
o 28 45
o 29 47
o 30 18
o 31 21
o 32 17
o 33 49
o 34 20
o 35 54
o 36 23
o 37 57
o 38 59
o 39 61
o 40 63
o 41 24
o 42 26
o 45 27
o 47 28
o 50 30
o 56 35
o 59 36
o 60 38
o 62 37
o 64 40
+ 1 26
+ 1 27
+ 1 28
+ 1 29
+ 1 30
+ 1 33
+ 1 34
+ 1 37
+ 1 38
+ 1 39
+ 1 40
+ 1 43
+ 1 50
+ 1 55
+ 1 56
+ 1 59
+ 1 60
+ 1 61
+ 1 62
+ 2 64
+ 6 63
+ 7 63
+ 9 62
+ 11 63
+ 13 64
+ 14 64
+ 16 63
+ 18 63
+ 21 62
+ 22 62
+ 25 60
+ 26 60
+ 28 59
+ 29 59
+ 33 57
+ 59 33
+ 60 33
+ 62 34
x 43 42
x 44 43
x 46 46
x 48 48
x 49 50
x 51 51
x 52 52
x 53 53
x 54 55
x 55 56
x 57 58
x 58 60
x 61 62
x 63 64
Case #12: 240 161
o 1 1
o 2 3
o 3 6
o 4 9
o 5 2
o 6 4
o 7 13
o 8 7
o 9 5
o 10 17
o 11 19
o 12 21
o 13 8
o 14 24
o 15 26
o 16 10
o 17 29
o 18 11
o 19 32
o 20 12
o 21 35
o 22 37
o 23 14
o 24 40
o 25 15
o 26 44
o 27 16
o 28 47
o 29 49
o 30 18
o 31 52
o 32 54
o 33 20
o 34 57
o 35 59
o 36 61
o 37 23
o 38 64
o 39 22
o 40 25
o 41 68
o 42 70
o 43 72
o 44 28
o 45 75
o 46 27
o 47 78
o 48 80
o 49 31
o 50 83
o 51 30
o 52 86
o 53 88
o 54 34
o 55 91
o 56 33
o 57 94
o 58 96
o 59 98
o 60 36
o 61 39
o 63 38
o 67 41
o 69 42
o 71 43
o 74 45
o 76 46
o 79 48
o 82 50
o 84 51
o 87 53
o 90 55
o 92 56
o 95 58
o 98 60
+ 1 41
+ 1 43
+ 1 44
+ 1 46
+ 1 48
+ 1 49
+ 1 51
+ 1 53
+ 1 54
+ 1 56
+ 1 61
+ 1 62
+ 1 65
+ 1 66
+ 1 67
+ 1 68
+ 1 70
+ 1 73
+ 1 75
+ 1 76
+ 1 78
+ 1 81
+ 1 83
+ 1 84
+ 1 86
+ 1 89
+ 1 91
+ 1 92
+ 1 94
+ 1 97
+ 1 98
+ 4 99
+ 5 99
+ 7 99
+ 8 97
+ 10 97
+ 12 98
+ 16 97
+ 16 100
+ 19 98
+ 20 98
+ 24 97
+ 24 100
+ 26 97
+ 28 98
+ 31 99
+ 33 96
+ 36 95
+ 36 98
+ 39 97
+ 40 97
+ 44 95
+ 44 98
+ 47 96
+ 49 95
+ 53 94
+ 53 97
+ 94 55
+ 96 56
+ 98 57
+ 99 57
x 62 62
x 64 63
x 65 65
x 66 66
x 68 67
x 70 69
x 72 71
x 73 73
x 75 74
x 77 76
x 78 77
x 80 79
x 81 81
x 83 82
x 85 84
x 86 85
x 88 87
x 89 89
x 91 90
x 93 92
x 94 93
x 96 95
x 97 97
x 99 99
x 100 100
Case #13: 66 42
o 1 5
o 2 1
o 3 4
o 4 6
o 5 3
o 6 9
o 7 2
o 8 8
o 9 14
o 10 7
o 11 17
o 12 19
o 13 21
o 14 10
o 15 24
o 16 26
o 17 28
o 18 11
o 19 13
o 21 12
o 23 15
o 27 16
o 28 18
+ 1 13
+ 1 17
+ 1 18
+ 1 19
+ 1 20
+ 1 21
+ 1 24
+ 1 25
+ 2 28
+ 7 28
+ 11 25
+ 11 26
+ 14 27
+ 26 14
x 20 20
x 22 22
x 24 23
x 25 25
x 26 27
Case #14: 240 161
o 1 57
o 2 1
o 3 6
o 4 2
o 5 7
o 6 10
o 7 3
o 8 5
o 9 16
o 10 4
o 11 12
o 12 20
o 13 8
o 14 23
o 15 25
o 16 27
o 17 9
o 18 11
o 19 31
o 20 33
o 21 35
o 22 13
o 23 38
o 24 14
o 25 41
o 26 15
o 27 44
o 28 46
o 29 17
o 30 49
o 31 18
o 32 52
o 33 19
o 34 55
o 35 58
o 36 21
o 37 59
o 38 22
o 39 63
o 40 65
o 41 24
o 42 68
o 43 70
o 44 26
o 45 73
o 46 75
o 47 28
o 48 78
o 49 29
o 50 81
o 51 30
o 52 84
o 53 86
o 54 32
o 55 89
o 56 91
o 57 34
o 58 94
o 59 96
o 60 98
o 61 36
o 63 37
o 64 40
o 67 39
o 69 42
o 72 43
o 75 45
o 78 47
o 80 48
o 83 50
o 86 51
o 87 53
o 91 54
o 92 56
o 99 60
o 100 62
+ 1 41
+ 1 43
+ 1 44
+ 1 46
+ 1 47
+ 1 50
+ 1 53
+ 1 54
+ 1 58
+ 1 61
+ 1 62
+ 1 63
+ 1 66
+ 1 67
+ 1 68
+ 1 71
+ 1 72
+ 1 75
+ 1 76
+ 1 79
+ 1 81
+ 1 82
+ 1 84
+ 1 86
+ 1 87
+ 1 89
+ 1 91
+ 1 93
+ 1 94
+ 1 97
+ 1 98
+ 1 100
+ 4 99
+ 8 99
+ 10 99
+ 12 96
+ 15 97
+ 19 95
+ 19 98
+ 21 98
+ 22 94
+ 25 98
+ 27 95
+ 29 98
+ 30 94
+ 33 96
+ 36 94
+ 38 97
+ 39 93
+ 42 92
+ 43 98
+ 45 93
+ 46 97
+ 49 93
+ 51 98
+ 55 96
+ 57 96
+ 93 53
+ 96 54
+ 99 55
+ 99 58
x 62 61
x 65 64
x 66 66
x 68 67
x 70 69
x 71 71
x 73 72
x 74 74
x 76 76
x 77 77
x 79 79
x 81 80
x 82 82
x 84 83
x 85 85
x 88 87
x 89 88
x 90 90
x 93 92
x 94 93
x 95 95
x 96 97
x 97 99
x 98 100
Case #15: 88 56
o 2 1
o 3 3
o 4 5
o 5 2
o 6 4
o 7 9
o 8 11
o 9 13
o 10 15
o 11 7
o 12 18
o 13 8
o 14 6
o 15 22
o 16 10
o 17 25
o 18 27
o 19 12
o 20 30
o 21 32
o 22 34
o 23 36
o 24 14
o 25 16
o 29 17
o 30 19
o 34 20
o 36 21
o 37 24
+ 1 22
+ 1 23
+ 1 26
+ 1 27
+ 1 28
+ 1 32
+ 1 33
+ 1 34
+ 1 35
+ 2 37
+ 6 34
+ 7 36
+ 10 34
+ 12 35
+ 14 34
+ 16 35
+ 17 35
+ 19 36
+ 21 37
+ 23 37
x 26 23
x 27 26
x 28 28
x 31 29
x 32 33
x 33 35
x 35 37
Case #16: 168 111
o 1 33
o 2 1
o 3 3
o 4 5
o 5 2
o 6 4
o 7 9
o 8 11
o 9 13
o 10 15
o 11 7
o 12 18
o 13 8
o 14 6
o 15 22
o 16 10
o 17 25
o 18 27
o 19 12
o 20 30
o 21 32
o 22 34
o 23 36
o 24 14
o 25 16
o 26 40
o 27 43
o 28 45
o 29 17
o 30 48
o 31 20
o 32 51
o 33 19
o 34 21
o 35 55
o 36 57
o 37 59
o 38 23
o 39 62
o 40 24
o 41 65
o 42 67
o 43 26
o 44 70
o 46 28
o 48 29
o 51 31
o 56 35
o 60 37
o 61 39
o 64 38
o 66 41
o 68 44
o 69 42
+ 1 28
+ 1 31
+ 1 32
+ 1 34
+ 1 35
+ 1 38
+ 1 39
+ 1 42
+ 1 46
+ 1 47
+ 1 53
+ 1 56
+ 1 57
+ 1 59
+ 1 61
+ 1 62
+ 1 64
+ 1 66
+ 1 67
+ 1 70
+ 2 70
+ 6 70
+ 8 67
+ 11 68
+ 13 67
+ 14 67
+ 17 67
+ 17 68
+ 19 67
+ 19 68
+ 22 66
+ 23 66
+ 26 66
+ 28 67
+ 29 65
+ 32 67
+ 35 63
+ 37 66
+ 66 38
+ 67 38
+ 69 39
x 45 46
x 47 47
x 49 49
x 50 50
x 52 52
x 53 53
x 54 54
x 55 56
x 57 58
x 58 60
x 59 61
x 62 63
x 63 64
x 65 66
x 67 68
x 70 69
Case #17: 240 164
o 1 38
o 2 1
o 3 3
o 4 5
o 5 2
o 6 4
o 7 9
o 8 11
o 9 13
o 10 15
o 11 6
o 12 8
o 13 19
o 14 7
o 15 22
o 16 10
o 17 25
o 18 27
o 19 29
o 20 31
o 21 12
o 22 14
o 23 35
o 24 37
o 25 39
o 26 41
o 27 16
o 28 18
o 29 45
o 30 17
o 31 48
o 32 20
o 33 51
o 34 53
o 35 21
o 36 56
o 37 58
o 38 60
o 39 23
o 40 63
o 41 24
o 42 66
o 43 28
o 44 26
o 45 70
o 46 72
o 47 74
o 48 76
o 49 78
o 50 30
o 51 32
o 52 82
o 53 84
o 54 86
o 55 33
o 56 89
o 57 34
o 58 92
o 59 94
o 60 36
o 61 40
o 62 98
o 67 42
o 69 43
o 72 44
o 73 46
o 76 47
o 79 49
o 81 50
o 84 52
o 87 54
o 89 55
o 92 57
o 95 59
o 98 61
o 100 62
+ 1 39
+ 1 40
+ 1 43
+ 1 48
+ 1 49
+ 1 52
+ 1 53
+ 1 54
+ 1 56
+ 1 58
+ 1 59
+ 1 62
+ 1 65
+ 1 67
+ 1 68
+ 1 71
+ 1 72
+ 1 74
+ 1 75
+ 1 76
+ 1 77
+ 1 80
+ 1 81
+ 1 84
+ 1 85
+ 1 88
+ 1 89
+ 1 92
+ 1 93
+ 1 96
+ 1 98
+ 1 99
+ 3 99
+ 5 99
+ 6 99
+ 8 98
+ 9 98
+ 12 98
+ 13 98
+ 16 97
+ 16 98
+ 20 97
+ 21 99
+ 25 97
+ 28 97
+ 29 97
+ 32 97
+ 34 96
+ 35 98
+ 36 96
+ 38 97
+ 41 97
+ 44 98
+ 45 94
+ 48 98
+ 49 94
+ 51 97
+ 52 95
+ 54 98
+ 55 96
+ 58 98
+ 97 58
+ 99 58
+ 99 59
x 63 64
x 64 65
x 65 67
x 66 68
x 68 69
x 70 71
x 71 73
x 74 75
x 75 77
x 77 79
x 78 80
x 80 81
x 82 83
x 83 85
x 85 87
x 86 88
x 88 90
x 90 91
x 91 93
x 93 95
x 94 96
x 96 97
x 97 99
x 99 100
Case #18: 205 136
o 2 1
o 3 3
o 4 5
o 5 2
o 6 4
o 7 9
o 8 11
o 9 13
o 10 15
o 11 6
o 12 18
o 13 20
o 14 7
o 15 23
o 16 8
o 17 26
o 18 14
o 19 10
o 20 30
o 21 32
o 22 12
o 23 17
o 24 37
o 25 39
o 26 41
o 27 43
o 28 16
o 29 46
o 30 19
o 31 50
o 32 44
o 33 53
o 34 21
o 35 56
o 36 22
o 37 59
o 38 61
o 39 24
o 40 64
o 41 25
o 42 67
o 43 69
o 44 27
o 45 72
o 46 28
o 47 75
o 48 29
o 49 78
o 50 80
o 51 31
o 52 83
o 53 85
o 54 33
o 56 34
o 58 35
o 61 36
o 66 40
o 69 42
o 71 47
o 74 45
o 76 48
o 79 49
o 82 51
o 84 52
+ 1 34
+ 1 35
+ 1 36
+ 1 40
+ 1 44
+ 1 45
+ 1 46
+ 1 47
+ 1 50
+ 1 51
+ 1 53
+ 1 55
+ 1 56
+ 1 58
+ 1 61
+ 1 64
+ 1 67
+ 1 68
+ 1 71
+ 1 72
+ 1 77
+ 1 78
+ 1 79
+ 1 82
+ 1 83
+ 1 84
+ 4 84
+ 5 84
+ 9 83
+ 10 85
+ 11 83
+ 15 83
+ 16 85
+ 18 82
+ 19 84
+ 20 82
+ 22 83
+ 24 83
+ 26 82
+ 30 83
+ 31 79
+ 32 83
+ 36 78
+ 37 84
+ 39 77
+ 41 82
+ 42 78
+ 79 46
+ 80 46
+ 82 47
+ 84 47
+ 84 48
x 55 54
x 57 55
x 59 57
x 60 58
x 62 60
x 63 62
x 64 63
x 65 65
x 67 66
x 68 68
x 70 70
x 72 71
x 73 73
x 75 74
x 77 76
x 78 77
x 80 79
x 81 81
x 83 82
x 85 84
Case #19: 177 116
o 2 1
o 3 3
o 4 5
o 5 2
o 6 4
o 7 9
o 8 11
o 9 14
o 10 16
o 11 6
o 12 8
o 13 17
o 14 7
o 15 23
o 16 25
o 17 28
o 18 10
o 19 13
o 20 27
o 21 12
o 22 32
o 23 35
o 24 37
o 25 15
o 26 40
o 27 42
o 28 44
o 29 46
o 30 19
o 31 49
o 32 18
o 33 20
o 34 22
o 35 54
o 36 21
o 37 58
o 38 60
o 39 62
o 40 24
o 41 65
o 42 67
o 43 69
o 44 26
o 45 72
o 46 74
o 47 30
o 49 29
o 50 31
o 54 33
o 56 34
o 60 36
o 61 38
o 64 39
o 67 41
o 70 43
o 73 45
+ 1 30
+ 1 33
+ 1 34
+ 1 35
+ 1 38
+ 1 41
+ 1 42
+ 1 45
+ 1 50
+ 1 51
+ 1 54
+ 1 58
+ 1 59
+ 1 61
+ 1 62
+ 1 64
+ 1 66
+ 1 67
+ 1 70
+ 1 72
+ 1 73
+ 3 73
+ 6 73
+ 9 73
+ 11 73
+ 12 71
+ 15 70
+ 15 71
+ 17 71
+ 20 71
+ 20 72
+ 23 70
+ 23 71
+ 26 71
+ 31 69
+ 31 74
+ 33 69
+ 34 73
+ 37 67
+ 40 71
+ 70 40
+ 72 43
+ 73 41
x 48 48
x 51 50
x 52 51
x 53 52
x 55 53
x 57 55
x 58 56
x 59 57
x 62 59
x 63 61
x 65 63
x 66 64
x 68 66
x 69 68
x 71 70
x 72 71
x 74 73
Case #20: 239 163
o 1 1
o 2 3
o 3 5
o 4 2
o 5 4
o 6 9
o 7 11
o 8 13
o 9 15
o 10 6
o 11 8
o 12 19
o 13 7
o 14 22
o 15 10
o 16 25
o 17 27
o 18 29
o 19 31
o 20 12
o 21 14
o 22 35
o 23 37
o 24 39
o 25 41
o 26 16
o 27 18
o 28 45
o 29 17
o 30 48
o 31 20
o 32 51
o 33 53
o 34 21
o 35 56
o 36 58
o 37 60
o 38 23
o 39 63
o 40 24
o 41 66
o 42 28
o 43 26
o 44 70
o 45 72
o 46 74
o 47 76
o 48 78
o 49 30
o 50 32
o 51 82
o 52 84
o 53 86
o 54 33
o 55 89
o 56 34
o 57 92
o 58 38
o 59 36
o 60 96
o 61 98
o 62 100
o 64 40
o 67 42
o 69 43
o 71 44
o 75 46
o 77 47
o 78 50
o 80 49
o 85 52
o 86 54
o 90 55
o 91 57
o 95 59
o 99 61
+ 1 42
+ 1 47
+ 1 48
+ 1 51
+ 1 52
+ 1 53
+ 1 55
+ 1 57
+ 1 58
+ 1 61
+ 1 64
+ 1 66
+ 1 67
+ 1 70
+ 1 71
+ 1 73
+ 1 74
+ 1 75
+ 1 76
+ 1 79
+ 1 80
+ 1 83
+ 1 84
+ 1 87
+ 1 88
+ 1 91
+ 1 92
+ 1 97
+ 1 98
+ 1 99
+ 1 100
+ 4 99
+ 6 99
+ 6 100
+ 8 100
+ 11 99
+ 11 100
+ 14 99
+ 16 100
+ 19 99
+ 19 100
+ 23 99
+ 27 98
+ 30 97
+ 31 99
+ 34 98
+ 35 96
+ 36 98
+ 38 1
+ 38 97
+ 40 98
+ 43 98
+ 45 98
+ 47 95
+ 49 98
+ 51 95
+ 53 98
+ 54 96
+ 55 98
+ 56 96
+ 58 97
+ 98 59
+ 99 59
x 63 62
x 65 64
x 66 65
x 68 67
x 70 68
x 72 69
x 73 71
x 74 73
x 76 75
x 79 77
x 81 79
x 82 80
x 83 81
x 84 83
x 87 85
x 88 87
x 89 88
x 92 90
x 93 91
x 94 93
x 96 94
x 97 95
x 98 97
x 100 99
Case #21: 240 163
o 1 58
o 2 1
o 3 3
o 4 5
o 5 2
o 6 4
o 7 9
o 8 11
o 9 13
o 10 15
o 11 6
o 12 8
o 13 19
o 14 7
o 15 22
o 16 10
o 17 25
o 18 27
o 19 29
o 20 31
o 21 12
o 22 14
o 23 35
o 24 37
o 25 39
o 26 41
o 27 16
o 28 18
o 29 45
o 30 17
o 31 48
o 32 20
o 33 51
o 34 53
o 35 21
o 36 56
o 37 59
o 38 61
o 39 23
o 40 64
o 41 24
o 42 63
o 43 28
o 44 26
o 45 70
o 46 72
o 47 74
o 48 76
o 49 78
o 50 30
o 51 32
o 52 82
o 53 84
o 54 86
o 55 33
o 56 89
o 57 34
o 58 92
o 59 38
o 60 95
o 61 97
o 62 36
o 63 100
o 66 42
o 67 40
o 68 43
o 72 44
o 76 46
o 78 47
o 79 50
o 81 49
o 86 52
o 87 54
o 91 55
o 92 57
o 97 60
o 100 62
+ 1 39
+ 1 40
+ 1 43
+ 1 48
+ 1 49
+ 1 52
+ 1 53
+ 1 54
+ 1 56
+ 1 59
+ 1 62
+ 1 65
+ 1 67
+ 1 68
+ 1 71
+ 1 72
+ 1 74
+ 1 75
+ 1 76
+ 1 77
+ 1 80
+ 1 81
+ 1 84
+ 1 85
+ 1 88
+ 1 89
+ 1 92
+ 1 93
+ 1 94
+ 1 99
+ 1 100
+ 3 99
+ 3 100
+ 6 100
+ 10 99
+ 10 100
+ 13 99
+ 14 99
+ 16 98
+ 18 99
+ 21 98
+ 21 99
+ 27 96
+ 27 99
+ 30 98
+ 33 98
+ 35 97
+ 35 98
+ 38 97
+ 38 98
+ 43 99
+ 45 94
+ 45 99
+ 49 94
+ 49 99
+ 52 95
+ 53 99
+ 55 96
+ 55 99
+ 58 98
+ 96 57
+ 100 59
+ 100 60
x 64 65
x 65 66
x 69 67
x 70 68
x 71 69
x 73 71
x 74 73
x 75 75
x 77 77
x 80 79
x 82 80
x 83 81
x 84 83
x 85 85
x 88 87
x 89 88
x 90 90
x 93 91
x 94 93
x 95 94
x 96 96
x 98 98
x 99 99
Case #22: 179 120
o 1 58
o 2 1
o 3 4
o 4 6
o 5 3
o 6 9
o 7 2
o 8 5
o 9 14
o 10 10
o 11 7
o 12 18
o 13 20
o 14 8
o 15 23
o 16 25
o 17 27
o 18 11
o 19 30
o 20 12
o 21 33
o 22 13
o 23 37
o 24 39
o 25 15
o 26 42
o 27 16
o 28 41
o 29 17
o 30 47
o 31 49
o 32 19
o 33 52
o 34 54
o 35 21
o 36 57
o 37 59
o 38 61
o 39 22
o 40 24
o 41 26
o 42 66
o 43 68
o 44 70
o 45 72
o 46 28
o 47 75
o 49 29
o 50 31
o 54 32
o 55 34
o 59 35
o 61 36
o 63 40
o 64 38
o 70 43
o 72 44
o 74 45
+ 1 30
+ 1 33
+ 1 35
+ 1 36
+ 1 38
+ 1 41
+ 1 44
+ 1 46
+ 1 47
+ 1 49
+ 1 51
+ 1 52
+ 1 54
+ 1 56
+ 1 57
+ 1 61
+ 1 64
+ 1 65
+ 1 69
+ 1 70
+ 1 71
+ 1 72
+ 1 74
+ 1 75
+ 6 73
+ 8 74
+ 9 74
+ 11 73
+ 13 74
+ 16 74
+ 16 75
+ 19 73
+ 23 72
+ 23 75
+ 27 74
+ 28 72
+ 31 73
+ 32 73
+ 34 72
+ 34 73
+ 37 73
+ 38 71
+ 41 71
+ 42 73
+ 74 44
x 48 46
x 51 48
x 52 50
x 53 51
x 56 53
x 57 55
x 58 56
x 60 60
x 62 62
x 65 63
x 66 64
x 67 65
x 68 67
x 69 69
x 71 71
x 73 73
x 75 74
Case #23: 255 115
o 1 1
o 51 52
o 52 50
o 54 51
o 55 49
o 56 55
o 57 53
o 58 48
o 59 54
o 60 47
o 62 46
o 63 56
o 64 45
o 65 57
o 67 58
o 68 44
o 70 59
o 71 43
o 72 60
o 73 42
o 75 41
o 76 61
o 77 40
o 78 64
o 79 39
o 80 63
o 82 38
o 83 62
o 84 37
o 85 65
o 86 68
o 87 36
o 89 35
o 90 67
o 91 69
o 92 34
o 93 66
o 94 33
o 95 70
o 96 32
o 97 71
o 99 31
+ 80 51
+ 82 52
+ 83 50
+ 84 52
+ 85 50
+ 87 51
+ 89 50
+ 89 51
+ 91 50
+ 93 51
+ 95 52
+ 96 50
+ 97 52
+ 98 50
+ 100 51
x 2 2
x 3 3
x 4 4
x 5 5
x 6 6
x 7 7
x 8 8
x 9 9
x 10 10
x 11 11
x 12 12
x 13 13
x 14 14
x 15 15
x 16 16
x 17 17
x 18 18
x 19 19
x 20 20
x 21 21
x 22 22
x 23 23
x 24 24
x 25 25
x 26 26
x 27 27
x 28 28
x 29 29
x 30 30
x 31 72
x 32 73
x 33 74
x 34 75
x 35 76
x 36 77
x 37 78
x 38 79
x 39 80
x 40 81
x 41 82
x 42 83
x 43 84
x 44 85
x 45 86
x 46 87
x 47 88
x 48 89
x 49 90
x 50 91
x 53 92
x 61 93
x 66 94
x 69 95
x 74 96
x 81 97
x 88 98
x 98 99
x 100 100
Case #24: 20 13
o 1 8
o 2 1
o 3 3
o 4 6
o 5 2
o 6 7
o 7 5
+ 1 4
+ 1 7
+ 3 8
+ 5 9
x 8 4
x 9 9
Case #25: 240 162
o 1 11
o 2 1
o 3 4
o 4 2
o 5 8
o 6 3
o 7 9
o 8 12
o 9 5
o 10 15
o 11 6
o 12 18
o 13 20
o 14 7
o 15 23
o 16 10
o 17 26
o 18 29
o 19 31
o 20 33
o 21 13
o 22 36
o 23 14
o 24 39
o 25 41
o 26 16
o 27 44
o 28 17
o 29 47
o 30 49
o 31 51
o 32 19
o 33 21
o 34 55
o 35 57
o 36 59
o 37 22
o 38 24
o 39 63
o 40 65
o 41 67
o 42 25
o 43 27
o 44 71
o 45 73
o 46 28
o 47 76
o 48 78
o 49 80
o 50 30
o 51 32
o 52 84
o 53 86
o 54 88
o 55 90
o 56 34
o 57 93
o 58 35
o 59 38
o 60 97
o 61 37
o 62 100
o 66 40
o 67 42
o 70 43
o 74 45
o 76 46
o 78 50
o 79 48
o 85 52
o 86 54
o 88 53
o 90 56
o 94 58
o 98 60
o 99 62
+ 1 40
+ 1 43
+ 1 45
+ 1 47
+ 1 48
+ 1 51
+ 1 54
+ 1 55
+ 1 56
+ 1 59
+ 1 60
+ 1 64
+ 1 67
+ 1 68
+ 1 71
+ 1 72
+ 1 74
+ 1 76
+ 1 77
+ 1 80
+ 1 83
+ 1 84
+ 1 85
+ 1 86
+ 1 87
+ 1 90
+ 1 93
+ 1 95
+ 1 98
+ 1 99
+ 1 100
+ 4 99
+ 4 100
+ 7 100
+ 10 100
+ 12 99
+ 12 100
+ 17 97
+ 18 99
+ 19 97
+ 22 99
+ 23 97
+ 26 98
+ 28 97
+ 31 99
+ 33 98
+ 34 98
+ 36 97
+ 37 97
+ 39 96
+ 41 97
+ 46 97
+ 46 98
+ 49 98
+ 50 98
+ 52 97
+ 54 97
+ 56 97
+ 57 97
+ 97 58
+ 98 58
+ 100 59
x 63 61
x 64 64
x 65 66
x 68 68
x 69 69
x 71 70
x 72 72
x 73 74
x 75 75
x 77 77
x 80 79
x 81 81
x 82 82
x 83 83
x 84 85
x 87 87
x 89 89
x 91 91
x 92 92
x 93 94
x 95 95
x 96 96
x 97 98
x 100 99
Case #26: 119 80
o 2 1
o 3 3
o 4 5
o 5 2
o 6 4
o 7 9
o 8 11
o 9 13
o 10 15
o 11 6
o 12 8
o 13 19
o 14 7
o 15 22
o 16 24
o 17 26
o 18 10
o 19 29
o 20 14
o 21 12
o 22 33
o 23 35
o 24 37
o 25 39
o 26 16
o 27 42
o 28 17
o 29 45
o 30 47
o 31 18
o 32 20
o 35 21
o 39 23
o 43 28
o 45 27
o 48 31
o 50 30
+ 1 22
+ 1 23
+ 1 26
+ 1 28
+ 1 29
+ 1 30
+ 1 34
+ 1 35
+ 1 37
+ 1 38
+ 1 40
+ 1 43
+ 1 45
+ 1 46
+ 1 49
+ 1 50
+ 3 50
+ 4 50
+ 7 50
+ 9 50
+ 10 50
+ 14 49
+ 17 48
+ 17 49
+ 19 49
+ 22 45
+ 22 48
+ 27 46
+ 28 48
+ 30 48
+ 47 28
x 33 32
x 34 34
x 36 36
x 37 38
x 38 40
x 40 41
x 41 43
x 42 44
x 44 46
x 46 48
x 47 49
x 49 50
Case #27: 240 161
o 1 43
o 2 1
o 3 4
o 4 2
o 5 7
o 6 3
o 7 10
o 8 12
o 9 14
o 10 5
o 11 17
o 12 6
o 13 9
o 14 21
o 15 23
o 16 8
o 17 26
o 18 11
o 19 29
o 20 31
o 21 34
o 22 36
o 23 13
o 24 15
o 25 40
o 26 42
o 27 44
o 28 46
o 29 18
o 30 16
o 31 19
o 32 51
o 33 20
o 34 54
o 35 56
o 36 58
o 37 22
o 38 61
o 39 63
o 40 24
o 41 66
o 42 25
o 43 69
o 44 71
o 45 27
o 46 74
o 47 28
o 48 77
o 49 79
o 50 30
o 51 82
o 52 84
o 53 32
o 54 87
o 55 89
o 56 33
o 57 35
o 58 93
o 59 95
o 60 97
o 61 37
o 62 100
o 63 38
o 65 39
o 68 41
o 73 45
o 76 47
o 78 48
o 80 49
o 82 50
o 85 52
o 87 53
o 90 55
o 93 57
o 96 59
o 98 60
+ 1 40
+ 1 41
+ 1 48
+ 1 51
+ 1 53
+ 1 55
+ 1 56
+ 1 59
+ 1 60
+ 1 61
+ 1 62
+ 1 65
+ 1 68
+ 1 69
+ 1 72
+ 1 75
+ 1 76
+ 1 77
+ 1 78
+ 1 80
+ 1 81
+ 1 83
+ 1 85
+ 1 86
+ 1 89
+ 1 92
+ 1 94
+ 1 95
+ 1 96
+ 1 99
+ 3 100
+ 7 99
+ 8 97
+ 9 99
+ 12 98
+ 12 99
+ 15 98
+ 18 96
+ 18 99
+ 22 94
+ 23 96
+ 26 95
+ 26 96
+ 29 95
+ 31 96
+ 34 96
+ 34 97
+ 39 95
+ 39 96
+ 43 96
+ 45 93
+ 46 97
+ 48 94
+ 49 98
+ 51 95
+ 52 97
+ 56 97
+ 94 54
+ 97 55
+ 99 60
+ 100 56
x 64 62
x 66 64
x 67 65
x 69 67
x 70 68
x 71 70
x 72 72
x 74 73
x 75 75
x 77 76
x 79 78
x 81 80
x 83 81
x 84 83
x 86 85
x 88 86
x 89 88
x 91 90
x 92 91
x 94 92
x 95 94
x 97 96
x 99 98
x 100 99
Case #28: 232 155
o 2 1
o 3 3
o 4 5
o 5 2
o 6 4
o 7 9
o 8 11
o 9 13
o 10 15
o 11 6
o 12 8
o 13 19
o 14 7
o 15 22
o 16 10
o 17 25
o 18 27
o 19 29
o 20 31
o 21 12
o 22 14
o 23 35
o 24 37
o 25 39
o 26 41
o 27 16
o 28 44
o 29 46
o 30 17
o 31 21
o 32 18
o 33 51
o 34 53
o 35 20
o 36 24
o 37 57
o 38 59
o 39 23
o 40 62
o 41 64
o 42 66
o 43 26
o 44 69
o 45 71
o 46 28
o 47 74
o 48 76
o 49 30
o 50 79
o 51 81
o 52 83
o 53 32
o 54 34
o 55 87
o 56 33
o 57 90
o 58 92
o 59 94
o 60 36
o 61 97
o 63 38
o 64 42
o 67 40
o 69 43
o 73 45
o 76 47
o 78 48
o 81 49
o 83 50
o 85 54
o 86 52
o 90 55
o 94 58
o 97 60
+ 1 38
+ 1 39
+ 1 40
+ 1 43
+ 1 48
+ 1 52
+ 1 53
+ 1 55
+ 1 58
+ 1 62
+ 1 64
+ 1 65
+ 1 67
+ 1 69
+ 1 70
+ 1 72
+ 1 75
+ 1 76
+ 1 77
+ 1 79
+ 1 80
+ 1 81
+ 1 82
+ 1 85
+ 1 89
+ 1 90
+ 1 91
+ 1 92
+ 1 94
+ 1 97
+ 2 97
+ 3 97
+ 8 95
+ 9 95
+ 12 97
+ 14 96
+ 14 97
+ 19 96
+ 21 93
+ 22 95
+ 25 95
+ 26 93
+ 30 92
+ 30 95
+ 34 93
+ 34 94
+ 38 96
+ 39 92
+ 40 96
+ 44 93
+ 45 95
+ 48 93
+ 48 96
+ 50 93
+ 50 96
+ 54 94
+ 54 95
+ 95 56
+ 96 58
x 62 61
x 65 63
x 66 65
x 68 67
x 70 68
x 71 70
x 72 72
x 74 73
x 75 75
x 77 77
x 79 78
x 80 80
x 82 82
x 84 84
x 87 85
x 88 86
x 89 88
x 91 89
x 92 91
x 93 93
x 95 95
x 96 96
Case #29: 4 2
o 1 1
x 2 2
Case #30: 125 84
o 2 1
o 3 3
o 4 5
o 5 2
o 6 4
o 7 9
o 8 11
o 9 13
o 10 15
o 11 6
o 12 8
o 13 19
o 14 7
o 15 23
o 16 10
o 17 24
o 18 27
o 19 29
o 20 31
o 21 12
o 22 14
o 23 35
o 24 37
o 25 39
o 26 16
o 27 42
o 28 44
o 29 17
o 30 47
o 31 18
o 32 21
o 33 51
o 34 20
o 40 25
o 42 26
o 45 28
o 48 30
o 51 32
+ 1 26
+ 1 27
+ 1 28
+ 1 29
+ 1 30
+ 1 33
+ 1 34
+ 1 36
+ 1 38
+ 1 39
+ 1 42
+ 1 43
+ 1 46
+ 1 49
+ 1 51
+ 3 52
+ 5 51
+ 5 52
+ 8 51
+ 8 52
+ 11 51
+ 12 51
+ 15 51
+ 18 49
+ 18 52
+ 22 52
+ 24 47
+ 26 50
+ 28 47
+ 30 50
+ 50 29
+ 51 31
+ 52 29
x 35 33
x 36 34
x 37 36
x 38 38
x 39 40
x 41 41
x 43 43
x 44 45
x 46 46
x 47 48
x 49 49
x 50 50
x 52 52
Case #31: 97 62
o 2 1
o 3 4
o 4 2
o 5 7
o 6 9
o 7 3
o 8 5
o 9 13
o 10 15
o 11 6
o 12 18
o 13 21
o 14 23
o 15 8
o 16 26
o 17 11
o 18 29
o 19 10
o 20 32
o 21 34
o 22 14
o 23 12
o 24 38
o 25 40
o 27 17
o 29 16
o 31 19
o 34 20
o 37 22
o 40 24
+ 1 17
+ 1 18
+ 1 19
+ 1 20
+ 1 23
+ 1 26
+ 1 30
+ 1 32
+ 1 37
+ 1 38
+ 1 39
+ 1 40
+ 4 39
+ 6 40
+ 8 40
+ 11 38
+ 14 37
+ 16 37
+ 18 38
+ 37 20
+ 38 20
+ 40 20
+ 40 21
x 26 25
x 28 27
x 30 28
x 32 30
x 33 33
x 35 35
x 36 36
x 38 37
x 39 39
Case #32: 169 115
o 2 1
o 3 3
o 4 5
o 5 2
o 6 4
o 7 9
o 8 11
o 9 13
o 10 15
o 11 6
o 12 8
o 13 19
o 14 7
o 15 22
o 16 10
o 17 25
o 18 27
o 19 29
o 20 31
o 21 12
o 22 14
o 23 35
o 24 37
o 25 40
o 26 42
o 27 16
o 28 18
o 29 43
o 30 17
o 31 48
o 32 20
o 33 51
o 34 53
o 35 21
o 36 56
o 37 58
o 38 60
o 39 23
o 40 63
o 41 26
o 42 24
o 43 67
o 44 69
o 45 28
o 50 30
o 51 32
o 55 33
o 57 34
o 59 38
o 60 36
o 66 41
o 70 44
+ 1 27
+ 1 28
+ 1 29
+ 1 30
+ 1 33
+ 1 34
+ 1 37
+ 1 38
+ 1 40
+ 1 43
+ 1 48
+ 1 49
+ 1 52
+ 1 53
+ 1 54
+ 1 56
+ 1 58
+ 1 59
+ 1 62
+ 1 63
+ 1 68
+ 1 69
+ 1 70
+ 4 70
+ 5 70
+ 6 70
+ 7 70
+ 9 69
+ 11 70
+ 13 69
+ 16 70
+ 18 67
+ 20 70
+ 22 67
+ 24 70
+ 25 68
+ 29 70
+ 30 70
+ 33 68
+ 34 68
+ 37 67
+ 37 68
+ 67 39
+ 68 41
+ 69 39
+ 70 41
x 46 45
x 47 46
x 48 47
x 49 49
x 52 50
x 53 52
x 54 54
x 56 55
x 58 57
x 61 59
x 62 61
x 63 62
x 64 64
x 65 65
x 67 66
x 68 68
x 69 70
Case #33: 12 5
o 2 1
o 3 4
+ 5 3
x 4 2
x 5 5
Case #34: 239 162
o 1 1
o 2 3
o 3 5
o 4 2
o 5 4
o 6 9
o 7 11
o 8 13
o 9 15
o 10 6
o 11 8
o 12 19
o 13 7
o 14 22
o 15 10
o 16 25
o 17 28
o 18 30
o 19 32
o 20 12
o 21 14
o 22 36
o 23 38
o 24 40
o 25 42
o 26 16
o 27 45
o 28 47
o 29 17
o 30 50
o 31 18
o 32 21
o 33 24
o 34 20
o 35 56
o 36 58
o 37 60
o 38 62
o 39 23
o 40 65
o 41 67
o 42 27
o 43 70
o 44 26
o 45 73
o 46 75
o 47 77
o 48 29
o 49 80
o 50 33
o 51 31
o 52 84
o 53 86
o 54 88
o 55 34
o 56 91
o 57 35
o 58 94
o 59 96
o 60 98
o 61 37
o 62 39
o 66 41
o 69 43
o 71 44
o 74 46
o 77 48
o 79 49
o 82 51
o 85 52
o 86 54
o 88 53
o 89 55
o 93 57
o 97 59
o 98 61
+ 1 42
+ 1 43
+ 1 46
+ 1 49
+ 1 51
+ 1 54
+ 1 55
+ 1 58
+ 1 59
+ 1 62
+ 1 64
+ 1 65
+ 1 67
+ 1 70
+ 1 72
+ 1 73
+ 1 75
+ 1 77
+ 1 78
+ 1 80
+ 1 83
+ 1 84
+ 1 85
+ 1 86
+ 1 87
+ 1 89
+ 1 92
+ 1 94
+ 1 95
+ 1 98
+ 2 100
+ 4 99
+ 4 100
+ 7 99
+ 10 99
+ 10 100
+ 12 99
+ 17 97
+ 18 99
+ 19 97
+ 22 97
+ 25 98
+ 26 96
+ 29 97
+ 30 97
+ 33 98
+ 34 96
+ 36 96
+ 38 97
+ 39 95
+ 43 95
+ 44 99
+ 47 98
+ 50 96
+ 50 99
+ 52 96
+ 52 99
+ 55 98
+ 57 97
+ 59 98
+ 100 60
+ 100 61
x 63 63
x 64 64
x 65 66
x 67 68
x 68 69
x 70 71
x 72 72
x 73 74
x 75 76
x 76 78
x 78 79
x 80 81
x 81 82
x 83 83
x 84 85
x 87 87
x 90 89
x 91 90
x 92 92
x 94 93
x 95 95
x 96 97
x 99 99
x 100 100
Case #35: 133 89
o 2 1
o 3 3
o 4 5
o 5 2
o 6 4
o 7 9
o 8 11
o 9 13
o 10 15
o 11 6
o 12 8
o 13 19
o 14 7
o 15 22
o 16 10
o 17 25
o 18 27
o 19 29
o 20 31
o 21 12
o 22 14
o 23 36
o 24 38
o 25 40
o 26 42
o 27 16
o 28 18
o 29 46
o 30 17
o 31 49
o 32 20
o 33 52
o 34 54
o 35 21
o 38 23
o 40 24
o 43 26
o 46 28
o 49 30
o 52 32
o 54 33
+ 1 22
+ 1 23
+ 1 26
+ 1 27
+ 1 28
+ 1 29
+ 1 30
+ 1 33
+ 1 34
+ 1 37
+ 1 38
+ 1 40
+ 1 43
+ 1 48
+ 1 49
+ 1 52
+ 1 53
+ 1 54
+ 4 53
+ 4 54
+ 7 53
+ 9 54
+ 11 55
+ 12 55
+ 15 55
+ 18 53
+ 19 53
+ 21 52
+ 23 53
+ 27 50
+ 27 51
+ 52 29
+ 52 30
+ 54 29
+ 55 31
x 36 34
x 37 35
x 39 37
x 41 41
x 42 43
x 44 44
x 45 45
x 47 47
x 48 48
x 50 50
x 51 51
x 53 53
x 55 55
Case #36: 208 140
o 1 27
o 2 1
o 3 3
o 4 5
o 5 2
o 6 4
o 7 9
o 8 11
o 9 13
o 10 15
o 11 6
o 12 8
o 13 19
o 14 7
o 15 22
o 16 10
o 17 25
o 18 28
o 19 30
o 20 32
o 21 12
o 22 14
o 23 36
o 24 33
o 25 39
o 26 41
o 27 16
o 28 44
o 29 46
o 30 17
o 31 49
o 32 18
o 33 21
o 34 24
o 35 20
o 36 55
o 37 57
o 38 59
o 39 23
o 40 62
o 41 64
o 42 66
o 43 26
o 44 69
o 45 72
o 46 74
o 47 29
o 48 77
o 49 79
o 50 31
o 51 82
o 52 84
o 53 86
o 54 34
o 57 35
o 58 37
o 61 38
o 64 40
o 67 42
o 69 43
o 73 45
o 74 47
o 78 48
o 79 50
o 83 51
o 84 53
o 86 52
o 87 54
+ 1 37
+ 1 38
+ 1 39
+ 1 40
+ 1 43
+ 1 44
+ 1 47
+ 1 50
+ 1 52
+ 1 55
+ 1 59
+ 1 60
+ 1 62
+ 1 64
+ 1 65
+ 1 67
+ 1 69
+ 1 70
+ 1 72
+ 1 73
+ 1 76
+ 1 77
+ 1 78
+ 1 81
+ 1 82
+ 1 83
+ 1 84
+ 1 85
+ 1 86
+ 5 84
+ 6 84
+ 10 83
+ 11 85
+ 14 84
+ 17 84
+ 19 81
+ 19 84
+ 23 83
+ 25 82
+ 27 83
+ 28 83
+ 31 83
+ 31 84
+ 33 83
+ 36 83
+ 37 85
+ 39 84
+ 40 84
+ 43 84
+ 45 85
+ 48 83
+ 49 83
+ 85 50
x 55 56
x 56 58
x 59 60
x 60 61
x 62 63
x 63 65
x 65 67
x 66 68
x 68 70
x 70 71
x 71 73
x 72 75
x 75 76
x 76 78
x 77 80
x 80 81
x 81 83
x 82 85
x 85 87
Case #37: 241 162
o 1 1
o 2 4
o 3 7
o 4 3
o 5 6
o 6 2
o 7 5
o 8 13
o 9 15
o 10 17
o 11 8
o 12 20
o 13 22
o 14 9
o 15 25
o 16 10
o 17 29
o 18 11
o 19 30
o 20 33
o 21 12
o 22 14
o 23 37
o 24 39
o 25 41
o 26 16
o 27 44
o 28 46
o 29 18
o 30 49
o 31 19
o 32 53
o 33 55
o 34 21
o 35 58
o 36 60
o 37 62
o 38 23
o 39 65
o 40 24
o 41 27
o 42 69
o 43 26
o 44 72
o 45 74
o 46 76
o 47 28
o 48 79
o 49 31
o 50 82
o 51 84
o 52 32
o 53 87
o 54 89
o 55 34
o 56 92
o 57 35
o 58 95
o 59 36
o 60 98
o 61 100
o 62 38
o 65 40
o 68 42
o 70 43
o 73 45
o 76 47
o 78 48
o 81 50
o 83 51
o 85 52
o 88 54
o 91 56
o 93 57
o 96 59
o 99 61
+ 1 42
+ 1 43
+ 1 47
+ 1 50
+ 1 51
+ 1 53
+ 1 55
+ 1 56
+ 1 57
+ 1 58
+ 1 61
+ 1 64
+ 1 66
+ 1 69
+ 1 71
+ 1 72
+ 1 75
+ 1 76
+ 1 77
+ 1 80
+ 1 81
+ 1 82
+ 1 85
+ 1 86
+ 1 89
+ 1 90
+ 1 93
+ 1 96
+ 1 97
+ 1 100
+ 2 100
+ 3 100
+ 6 100
+ 7 100
+ 9 99
+ 9 100
+ 13 99
+ 16 98
+ 16 99
+ 20 97
+ 21 99
+ 24 97
+ 26 98
+ 28 97
+ 31 97
+ 31 98
+ 33 97
+ 36 97
+ 37 99
+ 40 1
+ 40 98
+ 40 99
+ 44 97
+ 47 98
+ 48 96
+ 51 95
+ 51 98
+ 53 98
+ 56 96
+ 97 57
+ 99 57
+ 99 58
x 63 63
x 64 64
x 66 66
x 67 67
x 69 68
x 71 70
x 72 71
x 74 73
x 75 75
x 77 77
x 79 78
x 80 80
x 82 81
x 84 83
x 86 85
x 87 86
x 89 88
x 90 90
x 92 91
x 94 93
x 95 94
x 97 96
x 98 97
x 100 99
Case #38: 157 107
o 1 22
o 2 1
o 3 3
o 4 5
o 5 2
o 6 4
o 7 9
o 8 11
o 9 13
o 10 15
o 11 6
o 12 8
o 13 19
o 14 7
o 15 23
o 16 10
o 17 24
o 18 27
o 19 29
o 20 31
o 21 12
o 22 14
o 23 35
o 24 37
o 25 39
o 26 16
o 27 42
o 28 44
o 29 17
o 30 47
o 31 18
o 32 21
o 33 51
o 34 53
o 35 20
o 36 56
o 37 59
o 38 61
o 39 63
o 40 26
o 42 25
o 46 28
o 48 32
o 49 30
o 53 33
o 55 34
o 58 36
o 62 38
o 63 40
+ 1 26
+ 1 27
+ 1 28
+ 1 29
+ 1 30
+ 1 33
+ 1 34
+ 1 36
+ 1 38
+ 1 39
+ 1 42
+ 1 43
+ 1 46
+ 1 49
+ 1 51
+ 1 55
+ 1 56
+ 1 58
+ 1 59
+ 1 61
+ 1 62
+ 1 64
+ 3 65
+ 6 65
+ 7 63
+ 10 63
+ 12 63
+ 15 61
+ 16 65
+ 17 61
+ 18 65
+ 21 61
+ 21 64
+ 26 62
+ 26 65
+ 28 62
+ 31 62
+ 34 64
+ 60 35
+ 62 35
+ 65 36
+ 65 39
x 41 41
x 43 43
x 44 45
x 45 46
x 47 48
x 50 49
x 51 50
x 52 52
x 54 54
x 56 55
x 57 57
x 59 58
x 60 60
x 61 62
x 64 64
x 65 65
Case #39: 240 162
o 1 1
o 2 3
o 3 6
o 4 2
o 5 7
o 6 5
o 7 11
o 8 13
o 9 4
o 10 17
o 11 8
o 12 20
o 13 9
o 14 23
o 15 25
o 16 10
o 17 28
o 18 30
o 19 12
o 20 33
o 21 35
o 22 14
o 23 38
o 24 15
o 25 41
o 26 16
o 27 44
o 28 46
o 29 18
o 30 49
o 31 19
o 32 52
o 33 54
o 34 21
o 35 57
o 36 22
o 37 60
o 38 62
o 39 24
o 40 65
o 41 67
o 42 26
o 43 70
o 44 72
o 45 27
o 46 29
o 47 76
o 48 78
o 49 80
o 50 31
o 51 83
o 52 85
o 53 32
o 54 34
o 55 89
o 56 91
o 57 93
o 58 36
o 59 96
o 60 98
o 61 37
o 62 39
o 66 40
o 67 42
o 71 43
o 72 45
o 77 47
o 79 48
o 80 51
o 82 50
o 86 53
o 90 55
o 92 56
o 93 59
o 95 58
o 99 61
+ 1 40
+ 1 42
+ 1 43
+ 1 45
+ 1 48
+ 1 50
+ 1 51
+ 1 53
+ 1 56
+ 1 58
+ 1 59
+ 1 61
+ 1 63
+ 1 64
+ 1 66
+ 1 68
+ 1 69
+ 1 72
+ 1 75
+ 1 76
+ 1 77
+ 1 79
+ 1 81
+ 1 82
+ 1 85
+ 1 88
+ 1 89
+ 1 90
+ 1 92
+ 1 94
+ 1 95
+ 2 100
+ 4 99
+ 4 100
+ 10 100
+ 11 96
+ 13 99
+ 14 97
+ 18 97
+ 18 100
+ 21 98
+ 24 96
+ 24 97
+ 26 96
+ 28 97
+ 31 97
+ 33 97
+ 36 97
+ 38 97
+ 40 96
+ 42 96
+ 44 97
+ 46 94
+ 46 97
+ 48 94
+ 52 97
+ 53 93
+ 54 97
+ 97 57
+ 98 59
+ 99 57
+ 100 59
x 63 63
x 64 64
x 65 66
x 68 68
x 69 69
x 70 71
x 73 73
x 74 74
x 75 75
x 76 77
x 78 79
x 81 81
x 83 82
x 84 84
x 85 86
x 87 87
x 88 88
x 89 90
x 91 92
x 94 94
x 96 95
x 97 97
x 98 99
x 100 100
Case #40: 240 163
o 1 1
o 2 3
o 3 5
o 4 7
o 5 2
o 6 4
o 7 6
o 8 13
o 9 15
o 10 17
o 11 19
o 12 8
o 13 22
o 14 9
o 15 25
o 16 10
o 17 28
o 18 11
o 19 31
o 20 12
o 21 34
o 22 36
o 23 14
o 24 39
o 25 41
o 26 16
o 27 44
o 28 46
o 29 18
o 30 49
o 31 51
o 32 20
o 33 54
o 34 56
o 35 21
o 36 23
o 37 60
o 38 62
o 39 64
o 40 24
o 41 26
o 42 68
o 43 70
o 44 72
o 45 27
o 46 29
o 47 76
o 48 78
o 49 80
o 50 30
o 51 32
o 52 84
o 53 86
o 54 88
o 55 33
o 56 35
o 57 92
o 58 94
o 59 96
o 60 98
o 61 37
o 63 38
o 65 42
o 66 40
o 71 43
o 72 45
o 77 47
o 79 48
o 81 52
o 82 50
o 87 53
o 88 55
o 93 57
o 94 59
o 96 58
o 98 61
+ 1 40
+ 1 42
+ 1 43
+ 1 45
+ 1 47
+ 1 48
+ 1 50
+ 1 52
+ 1 53
+ 1 56
+ 1 59
+ 1 60
+ 1 61
+ 1 64
+ 1 67
+ 1 68
+ 1 69
+ 1 72
+ 1 75
+ 1 76
+ 1 77
+ 1 80
+ 1 83
+ 1 84
+ 1 85
+ 1 88
+ 1 91
+ 1 92
+ 1 93
+ 1 94
+ 1 95
+ 1 98
+ 2 100
+ 4 100
+ 5 100
+ 10 98
+ 10 99
+ 13 98
+ 13 99
+ 17 98
+ 19 99
+ 21 98
+ 21 99
+ 24 97
+ 25 97
+ 28 97
+ 29 99
+ 33 97
+ 33 98
+ 36 98
+ 37 98
+ 40 97
+ 41 97
+ 44 97
+ 45 99
+ 48 98
+ 50 95
+ 50 98
+ 52 95
+ 58 98
+ 95 56
+ 99 58
+ 100 60
x 62 63
x 64 65
x 67 66
x 68 67
x 69 69
x 70 71
x 73 73
x 74 74
x 75 75
x 76 77
x 78 79
x 80 81
x 83 82
x 84 83
x 85 85
x 86 87
x 89 89
x 90 90
x 91 91
x 92 93
x 95 95
x 97 97
x 99 99
x 100 100
Case #41: 240 163
o 1 1
o 2 3
o 3 5
o 4 2
o 5 8
o 6 10
o 7 4
o 8 7
o 9 14
o 10 16
o 11 6
o 12 20
o 13 9
o 14 23
o 15 25
o 16 27
o 17 11
o 18 30
o 19 12
o 20 33
o 21 13
o 22 36
o 23 38
o 24 15
o 25 41
o 26 43
o 27 17
o 28 46
o 29 18
o 30 49
o 31 19
o 32 52
o 33 54
o 34 21
o 35 57
o 36 59
o 37 22
o 38 24
o 39 63
o 40 65
o 41 67
o 42 26
o 43 70
o 44 72
o 45 28
o 46 75
o 47 29
o 48 78
o 49 80
o 50 31
o 51 83
o 52 85
o 53 32
o 54 34
o 55 89
o 56 91
o 57 93
o 58 35
o 59 37
o 60 97
o 61 99
o 64 39
o 66 40
o 68 44
o 69 42
o 73 45
o 76 47
o 79 48
o 80 50
o 84 51
o 85 53
o 90 55
o 92 56
o 94 60
o 95 58
o 100 61
+ 1 40
+ 1 41
+ 1 44
+ 1 45
+ 1 48
+ 1 50
+ 1 51
+ 1 53
+ 1 55
+ 1 56
+ 1 59
+ 1 62
+ 1 63
+ 1 64
+ 1 66
+ 1 69
+ 1 70
+ 1 71
+ 1 74
+ 1 76
+ 1 77
+ 1 79
+ 1 81
+ 1 82
+ 1 85
+ 1 88
+ 1 89
+ 1 90
+ 1 93
+ 1 96
+ 1 97
+ 1 98
+ 1 99
+ 1 100
+ 5 99
+ 7 100
+ 9 100
+ 10 100
+ 14 100
+ 15 100
+ 17 100
+ 20 99
+ 23 97
+ 25 97
+ 27 98
+ 29 95
+ 32 96
+ 32 99
+ 36 96
+ 37 96
+ 40 96
+ 41 98
+ 44 97
+ 46 94
+ 46 97
+ 48 94
+ 52 94
+ 52 97
+ 55 96
+ 95 57
+ 98 57
+ 98 58
+ 100 58
x 62 62
x 63 64
x 65 66
x 67 68
x 70 69
x 71 71
x 72 73
x 74 74
x 75 76
x 77 77
x 78 79
x 81 81
x 82 82
x 83 84
x 86 86
x 87 87
x 88 88
x 89 90
x 91 92
x 93 94
x 96 95
x 97 96
x 98 98
x 99 100
Case #42: 14 9
o 1 4
o 2 1
o 3 3
o 4 5
o 5 2
+ 1 3
+ 2 6
+ 6 4
x 6 6
Case #43: 79 51
o 2 1
o 3 3
o 4 5
o 5 2
o 6 4
o 7 9
o 8 11
o 9 13
o 10 15
o 11 6
o 12 8
o 13 19
o 14 7
o 15 22
o 16 10
o 17 25
o 18 27
o 19 29
o 20 31
o 21 33
o 22 12
o 24 16
o 25 14
o 26 17
o 31 18
o 32 20
+ 1 14
+ 1 17
+ 1 22
+ 1 23
+ 1 26
+ 1 27
+ 1 28
+ 1 29
+ 1 30
+ 1 34
+ 2 34
+ 4 34
+ 9 32
+ 10 34
+ 13 33
+ 14 33
+ 16 34
+ 19 34
x 23 21
x 27 23
x 28 24
x 29 26
x 30 28
x 33 30
x 34 34
Case #44: 240 161
o 1 1
o 2 4
o 3 2
o 4 7
o 5 3
o 6 10
o 7 12
o 8 5
o 9 15
o 10 17
o 11 6
o 12 8
o 13 21
o 14 23
o 15 25
o 16 9
o 17 11
o 18 29
o 19 32
o 20 34
o 21 36
o 22 13
o 23 39
o 24 14
o 25 42
o 26 18
o 27 16
o 28 46
o 29 48
o 30 50
o 31 19
o 32 54
o 33 20
o 34 55
o 35 58
o 36 22
o 37 61
o 38 63
o 39 24
o 40 66
o 41 68
o 42 26
o 43 71
o 44 27
o 45 74
o 46 76
o 47 28
o 48 30
o 49 80
o 50 82
o 51 31
o 52 85
o 53 87
o 54 33
o 55 90
o 56 92
o 57 35
o 58 95
o 59 97
o 60 37
o 61 100
o 62 38
o 65 40
o 67 41
o 70 43
o 72 44
o 75 45
o 76 47
o 81 49
o 82 51
o 86 52
o 88 53
o 90 57
o 93 56
o 95 59
o 98 60
+ 1 41
+ 1 44
+ 1 45
+ 1 47
+ 1 48
+ 1 51
+ 1 54
+ 1 55
+ 1 58
+ 1 59
+ 1 60
+ 1 63
+ 1 64
+ 1 65
+ 1 68
+ 1 69
+ 1 71
+ 1 72
+ 1 75
+ 1 78
+ 1 80
+ 1 82
+ 1 83
+ 1 87
+ 1 89
+ 1 90
+ 1 93
+ 1 94
+ 1 95
+ 1 98
+ 2 100
+ 4 99
+ 4 100
+ 8 99
+ 10 100
+ 12 99
+ 14 98
+ 15 100
+ 19 99
+ 21 96
+ 24 97
+ 24 100
+ 27 99
+ 28 97
+ 31 96
+ 31 97
+ 35 96
+ 37 97
+ 40 1
+ 40 95
+ 40 96
+ 44 95
+ 45 97
+ 47 96
+ 48 96
+ 52 94
+ 53 98
+ 57 98
+ 95 55
+ 97 55
+ 99 58
x 63 62
x 64 64
x 66 65
x 68 67
x 69 69
x 71 70
x 73 72
x 74 73
x 77 75
x 78 77
x 79 78
x 80 79
x 83 81
x 84 83
x 85 84
x 87 86
x 89 88
x 91 89
x 92 91
x 94 93
x 96 94
x 97 96
x 99 98
x 100 99
Case #45: 237 162
o 1 1
o 2 3
o 3 5
o 4 2
o 5 4
o 6 9
o 7 11
o 8 13
o 9 15
o 10 6
o 11 8
o 12 19
o 13 7
o 14 22
o 15 10
o 16 25
o 17 27
o 18 29
o 19 31
o 20 12
o 21 14
o 22 35
o 23 37
o 24 39
o 25 41
o 26 16
o 27 18
o 28 45
o 29 17
o 30 48
o 31 20
o 32 51
o 33 53
o 34 21
o 35 56
o 36 58
o 37 60
o 38 23
o 39 63
o 40 24
o 41 66
o 42 28
o 43 26
o 44 70
o 45 72
o 46 74
o 47 76
o 48 78
o 49 30
o 50 32
o 51 82
o 52 84
o 53 86
o 54 33
o 55 89
o 56 34
o 57 92
o 58 38
o 59 36
o 60 96
o 61 98
o 64 40
o 67 42
o 69 43
o 71 44
o 75 46
o 77 47
o 78 50
o 80 49
o 85 52
o 86 54
o 90 55
o 91 57
o 95 59
o 99 61
+ 1 39
+ 1 42
+ 1 47
+ 1 48
+ 1 51
+ 1 52
+ 1 53
+ 1 55
+ 1 57
+ 1 58
+ 1 61
+ 1 64
+ 1 66
+ 1 67
+ 1 70
+ 1 71
+ 1 73
+ 1 74
+ 1 75
+ 1 76
+ 1 79
+ 1 80
+ 1 83
+ 1 84
+ 1 87
+ 1 88
+ 1 91
+ 1 92
+ 1 97
+ 1 98
+ 1 99
+ 3 98
+ 5 98
+ 7 99
+ 8 97
+ 10 98
+ 13 97
+ 13 98
+ 16 97
+ 18 98
+ 21 97
+ 21 98
+ 27 95
+ 27 98
+ 30 97
+ 33 97
+ 35 96
+ 35 97
+ 38 1
+ 38 96
+ 38 97
+ 43 98
+ 45 93
+ 45 98
+ 49 93
+ 49 98
+ 52 94
+ 53 98
+ 55 95
+ 55 98
+ 58 97
+ 96 56
+ 98 59
x 62 62
x 63 64
x 65 65
x 66 67
x 68 68
x 70 69
x 72 71
x 73 73
x 74 75
x 76 77
x 79 79
x 81 80
x 82 81
x 83 83
x 84 85
x 87 87
x 88 88
x 89 90
x 92 91
x 93 93
x 94 94
x 96 95
x 97 97
x 98 99
Case #46: 241 162
o 1 86
o 2 1
o 3 4
o 4 2
o 5 7
o 6 9
o 7 3
o 8 5
o 9 13
o 10 15
o 11 6
o 12 18
o 13 21
o 14 23
o 15 8
o 16 10
o 17 27
o 18 29
o 19 31
o 20 11
o 21 34
o 22 14
o 23 12
o 24 38
o 25 40
o 26 16
o 27 43
o 28 45
o 29 17
o 30 48
o 31 50
o 32 19
o 33 53
o 34 20
o 35 56
o 36 58
o 37 22
o 38 61
o 39 63
o 40 24
o 41 66
o 42 25
o 43 69
o 44 71
o 45 26
o 46 28
o 47 75
o 48 77
o 49 79
o 50 30
o 51 82
o 52 84
o 53 32
o 54 87
o 55 33
o 56 90
o 57 92
o 58 35
o 59 95
o 60 36
o 61 98
o 63 37
o 64 39
o 68 41
o 71 42
o 72 44
o 77 46
o 79 47
o 81 51
o 82 49
o 86 52
o 89 54
o 92 55
o 93 57
o 97 59
o 100 60
+ 1 40
+ 1 42
+ 1 44
+ 1 47
+ 1 48
+ 1 51
+ 1 52
+ 1 55
+ 1 56
+ 1 57
+ 1 59
+ 1 60
+ 1 62
+ 1 65
+ 1 67
+ 1 68
+ 1 71
+ 1 74
+ 1 75
+ 1 76
+ 1 78
+ 1 81
+ 1 82
+ 1 83
+ 1 88
+ 1 89
+ 1 91
+ 1 94
+ 1 96
+ 1 97
+ 1 100
+ 5 99
+ 7 98
+ 7 99
+ 11 97
+ 11 100
+ 13 97
+ 17 100
+ 18 96
+ 20 99
+ 21 97
+ 24 96
+ 25 96
+ 28 96
+ 29 98
+ 32 97
+ 34 96
+ 36 99
+ 37 97
+ 40 97
+ 43 96
+ 44 96
+ 47 95
+ 48 97
+ 50 94
+ 53 95
+ 53 98
+ 56 96
+ 96 57
+ 98 57
+ 100 57
+ 100 58
x 62 62
x 65 64
x 66 65
x 67 67
x 69 68
x 70 70
x 73 72
x 74 73
x 75 74
x 76 76
x 78 78
x 80 80
x 83 81
x 84 83
x 85 85
x 87 88
x 88 89
x 90 91
x 91 93
x 94 94
x 95 96
x 96 97
x 98 99
x 99 100
Case #47: 231 156
o 2 1
o 3 3
o 4 5
o 5 2
o 6 4
o 7 9
o 8 11
o 9 13
o 10 15
o 11 6
o 12 8
o 13 19
o 14 7
o 15 22
o 16 10
o 17 25
o 18 27
o 19 29
o 20 31
o 21 12
o 22 14
o 23 35
o 24 37
o 25 39
o 26 41
o 27 16
o 28 18
o 29 45
o 30 17
o 31 48
o 32 20
o 33 51
o 34 54
o 35 21
o 36 55
o 37 58
o 38 60
o 39 23
o 40 63
o 41 24
o 42 66
o 43 28
o 44 26
o 45 70
o 46 72
o 47 74
o 48 76
o 49 78
o 50 30
o 51 32
o 52 82
o 53 84
o 54 33
o 55 87
o 56 34
o 57 90
o 58 92
o 59 94
o 60 36
o 61 38
o 65 40
o 68 42
o 70 43
o 72 44
o 76 46
o 78 47
o 79 50
o 81 49
o 86 52
o 89 56
o 92 57
o 95 59
+ 1 37
+ 1 38
+ 1 39
+ 1 43
+ 1 48
+ 1 49
+ 1 52
+ 1 54
+ 1 56
+ 1 58
+ 1 59
+ 1 62
+ 1 65
+ 1 67
+ 1 68
+ 1 71
+ 1 72
+ 1 74
+ 1 75
+ 1 76
+ 1 77
+ 1 80
+ 1 81
+ 1 84
+ 1 85
+ 1 88
+ 1 91
+ 1 92
+ 1 93
+ 1 96
+ 3 97
+ 4 97
+ 7 95
+ 9 95
+ 11 96
+ 12 94
+ 14 95
+ 17 94
+ 17 95
+ 21 93
+ 24 93
+ 26 94
+ 27 92
+ 30 93
+ 32 94
+ 34 94
+ 36 95
+ 38 94
+ 41 95
+ 42 91
+ 45 90
+ 45 95
+ 48 91
+ 49 95
+ 50 91
+ 51 95
+ 54 94
+ 90 53
+ 95 56
+ 95 57
x 62 61
x 63 62
x 64 64
x 66 65
x 67 67
x 69 68
x 71 69
x 73 71
x 74 73
x 75 75
x 77 77
x 80 79
x 82 80
x 83 81
x 84 83
x 85 85
x 87 86
x 88 88
x 90 89
x 91 91
x 93 93
x 94 95
x 96 96
x 97 97
Case #48: 85 56
o 2 1
o 3 3
o 4 5
o 5 2
o 6 4
o 7 9
o 8 11
o 9 13
o 10 15
o 11 6
o 12 8
o 13 19
o 14 21
o 15 23
o 16 7
o 17 10
o 18 12
o 19 28
o 20 30
o 21 32
o 22 14
o 23 35
o 26 16
o 28 17
o 30 18
o 35 22
+ 1 14
+ 1 23
+ 1 25
+ 1 27
+ 1 28
+ 1 30
+ 1 32
+ 1 33
+ 1 36
+ 3 36
+ 5 35
+ 8 33
+ 8 36
+ 10 33
+ 13 33
+ 14 35
+ 17 34
+ 17 35
+ 20 34
+ 20 35
+ 35 21
x 24 24
x 25 25
x 27 26
x 29 27
x 31 29
x 32 31
x 33 33
x 34 34
x 36 36
Case #49: 222 150
o 2 1
o 3 3
o 4 5
o 5 2
o 6 4
o 7 9
o 8 11
o 9 13
o 10 15
o 11 6
o 12 8
o 13 19
o 14 7
o 15 22
o 16 10
o 17 25
o 18 27
o 19 29
o 20 31
o 21 12
o 22 14
o 23 35
o 24 37
o 25 39
o 26 41
o 27 16
o 28 18
o 29 45
o 30 17
o 31 48
o 32 20
o 33 51
o 34 53
o 35 21
o 36 56
o 37 58
o 38 60
o 39 23
o 40 63
o 41 24
o 42 66
o 43 28
o 44 26
o 45 70
o 46 72
o 47 74
o 48 76
o 49 78
o 50 80
o 51 30
o 52 33
o 53 84
o 54 32
o 55 87
o 56 89
o 57 34
o 58 38
o 59 93
o 61 36
o 64 40
o 68 42
o 70 43
o 72 44
o 76 46
o 78 47
o 79 50
o 82 49
o 84 52
o 89 54
o 91 55
+ 1 37
+ 1 38
+ 1 39
+ 1 40
+ 1 43
+ 1 48
+ 1 49
+ 1 52
+ 1 53
+ 1 54
+ 1 56
+ 1 58
+ 1 59
+ 1 62
+ 1 65
+ 1 67
+ 1 68
+ 1 71
+ 1 72
+ 1 74
+ 1 75
+ 1 76
+ 1 77
+ 1 81
+ 1 82
+ 1 87
+ 1 88
+ 1 89
+ 1 92
+ 1 93
+ 7 92
+ 8 92
+ 9 92
+ 10 92
+ 13 92
+ 15 92
+ 17 89
+ 20 89
+ 22 90
+ 23 88
+ 26 88
+ 27 90
+ 30 89
+ 30 90
+ 35 91
+ 37 86
+ 37 91
+ 41 91
+ 44 89
+ 44 90
+ 46 89
+ 47 91
+ 49 90
+ 50 90
+ 53 88
+ 89 55
+ 92 55
+ 93 55
x 60 57
x 62 59
x 63 61
x 65 62
x 66 64
x 67 65
x 69 67
x 71 68
x 73 69
x 74 71
x 75 73
x 77 75
x 80 77
x 81 81
x 83 82
x 85 83
x 86 85
x 87 86
x 88 88
x 90 90
x 92 91
x 93 92
Case #50: 82 52
o 1 2
o 2 4
o 3 1
o 4 3
o 5 5
o 6 10
o 7 12
o 8 14
o 9 16
o 10 7
o 11 19
o 12 6
o 13 8
o 14 23
o 15 11
o 16 26
o 17 28
o 18 9
o 19 22
o 20 13
o 21 33
o 23 15
o 27 17
o 29 18
o 32 20
o 34 21
+ 1 22
+ 1 23
+ 1 28
+ 1 31
+ 1 33
+ 1 34
+ 1 35
+ 4 35
+ 6 34
+ 9 34
+ 11 35
+ 14 34
+ 15 34
+ 17 33
+ 17 34
+ 19 34
+ 21 35
x 22 24
x 24 25
x 25 27
x 26 29
x 28 30
x 30 31
x 31 32
x 33 34
x 35 35
Case #51: 240 160
o 1 1
o 2 3
o 3 5
o 4 2
o 5 4
o 6 9
o 7 11
o 8 14
o 9 16
o 10 6
o 11 8
o 12 17
o 13 7
o 14 22
o 15 24
o 16 27
o 17 10
o 18 13
o 19 31
o 20 12
o 21 34
o 22 36
o 23 38
o 24 40
o 25 15
o 26 43
o 27 18
o 28 46
o 29 49
o 30 19
o 31 52
o 32 20
o 33 55
o 34 57
o 35 21
o 36 23
o 37 61
o 38 63
o 39 65
o 40 25
o 41 68
o 42 26
o 43 71
o 44 73
o 45 28
o 46 76
o 47 29
o 48 79
o 49 30
o 50 82
o 51 84
o 52 32
o 53 87
o 54 33
o 55 90
o 56 92
o 57 35
o 58 95
o 59 97
o 60 37
o 61 100
o 63 39
o 66 41
o 68 42
o 71 44
o 73 45
o 76 47
o 78 48
o 81 50
o 83 51
o 86 53
o 88 54
o 91 56
o 94 58
o 96 59
o 98 60
+ 1 43
+ 1 45
+ 1 46
+ 1 47
+ 1 50
+ 1 52
+ 1 53
+ 1 56
+ 1 59
+ 1 61
+ 1 62
+ 1 66
+ 1 69
+ 1 70
+ 1 71
+ 1 74
+ 1 76
+ 1 79
+ 1 80
+ 1 81
+ 1 84
+ 1 85
+ 1 88
+ 1 89
+ 1 92
+ 1 93
+ 1 94
+ 1 95
+ 1 98
+ 1 99
+ 4 99
+ 8 97
+ 8 98
+ 11 97
+ 13 98
+ 15 97
+ 16 97
+ 20 96
+ 21 98
+ 23 97
+ 25 96
+ 26 98
+ 29 96
+ 31 97
+ 33 96
+ 34 96
+ 37 96
+ 40 1
+ 40 96
+ 40 97
+ 42 96
+ 44 97
+ 47 97
+ 48 95
+ 49 97
+ 53 96
+ 55 96
+ 95 55
+ 98 56
+ 99 58
x 62 62
x 64 64
x 65 66
x 67 67
x 69 69
x 70 70
x 72 72
x 74 74
x 75 75
x 77 77
x 79 78
x 80 80
x 82 81
x 84 83
x 85 85
x 87 86
x 89 88
x 90 89
x 92 91
x 93 93
x 95 94
x 97 96
x 99 98
x 100 99
Case #52: 26 15
o 1 8
o 2 1
o 3 5
o 4 2
o 5 6
o 6 9
o 7 3
o 9 4
o 10 7
+ 1 11
+ 3 11
+ 5 11
+ 7 11
x 8 10
x 11 11
Case #53: 240 162
o 1 1
o 2 3
o 3 5
o 4 2
o 5 4
o 6 9
o 7 11
o 8 14
o 9 16
o 10 6
o 11 8
o 12 20
o 13 7
o 14 23
o 15 25
o 16 27
o 17 10
o 18 13
o 19 31
o 20 33
o 21 12
o 22 36
o 23 15
o 24 39
o 25 41
o 26 43
o 27 17
o 28 47
o 29 18
o 30 48
o 31 51
o 32 19
o 33 21
o 34 55
o 35 57
o 36 59
o 37 22
o 38 24
o 39 63
o 40 65
o 41 67
o 42 26
o 43 70
o 44 72
o 45 28
o 46 75
o 47 29
o 48 78
o 49 30
o 50 81
o 51 83
o 52 32
o 53 86
o 54 88
o 55 90
o 56 34
o 57 93
o 58 35
o 59 38
o 60 97
o 61 37
o 62 100
o 66 40
o 67 42
o 71 44
o 73 45
o 76 46
o 78 49
o 82 50
o 83 52
o 87 53
o 89 54
o 91 58
o 92 56
o 98 60
o 99 62
+ 1 40
+ 1 41
+ 1 44
+ 1 45
+ 1 47
+ 1 48
+ 1 51
+ 1 54
+ 1 55
+ 1 56
+ 1 59
+ 1 60
+ 1 63
+ 1 64
+ 1 66
+ 1 69
+ 1 70
+ 1 71
+ 1 76
+ 1 79
+ 1 80
+ 1 82
+ 1 84
+ 1 85
+ 1 86
+ 1 87
+ 1 90
+ 1 93
+ 1 95
+ 1 98
+ 1 99
+ 1 100
+ 4 99
+ 4 100
+ 7 100
+ 10 100
+ 12 99
+ 12 100
+ 16 98
+ 20 97
+ 20 100
+ 23 96
+ 24 100
+ 26 97
+ 29 96
+ 31 97
+ 33 97
+ 34 95
+ 38 95
+ 38 98
+ 41 97
+ 43 94
+ 46 95
+ 46 98
+ 49 97
+ 51 96
+ 55 96
+ 55 97
+ 96 57
+ 97 57
+ 98 57
+ 99 57
x 63 61
x 64 64
x 65 66
x 68 68
x 69 69
x 70 71
x 72 73
x 74 74
x 75 76
x 77 77
x 79 79
x 80 80
x 81 82
x 84 84
x 85 85
x 86 87
x 88 89
x 90 91
x 93 92
x 94 94
x 95 95
x 96 96
x 97 98
x 100 99
Case #54: 256 115
o 1 1
o 52 50
o 53 52
o 54 49
o 55 51
o 56 48
o 57 54
o 59 53
o 60 47
o 62 46
o 63 56
o 64 45
o 65 55
o 66 44
o 67 58
o 69 57
o 70 43
o 71 60
o 72 42
o 73 59
o 74 41
o 76 40
o 77 62
o 78 39
o 79 61
o 80 38
o 81 64
o 83 63
o 84 37
o 86 36
o 87 66
o 88 35
o 89 65
o 90 34
o 91 68
o 93 67
o 94 33
o 95 70
o 96 32
o 97 69
o 98 31
o 100 30
+ 81 52
+ 83 51
+ 83 52
+ 85 51
+ 86 51
+ 88 50
+ 89 52
+ 91 51
+ 92 51
+ 94 50
+ 95 52
+ 97 51
+ 97 52
+ 99 51
+ 100 51
x 2 2
x 3 3
x 4 4
x 5 5
x 6 6
x 7 7
x 8 8
x 9 9
x 10 10
x 11 11
x 12 12
x 13 13
x 14 14
x 15 15
x 16 16
x 17 17
x 18 18
x 19 19
x 20 20
x 21 21
x 22 22
x 23 23
x 24 24
x 25 25
x 26 26
x 27 27
x 28 28
x 29 29
x 30 71
x 31 72
x 32 73
x 33 74
x 34 75
x 35 76
x 36 77
x 37 78
x 38 79
x 39 80
x 40 81
x 41 82
x 42 83
x 43 84
x 44 85
x 45 86
x 46 87
x 47 88
x 48 89
x 49 90
x 50 91
x 51 92
x 58 93
x 61 94
x 68 95
x 75 96
x 82 97
x 85 98
x 92 99
x 99 100
Case #55: 227 150
o 2 1
o 3 3
o 4 5
o 5 2
o 6 4
o 7 9
o 8 12
o 9 14
o 10 16
o 11 6
o 12 15
o 13 20
o 14 7
o 15 23
o 16 25
o 17 8
o 18 10
o 19 13
o 20 30
o 21 32
o 22 18
o 23 11
o 24 36
o 25 38
o 26 40
o 27 17
o 28 43
o 29 45
o 30 19
o 31 49
o 32 51
o 33 53
o 34 21
o 35 58
o 36 22
o 37 61
o 38 59
o 39 64
o 40 24
o 41 26
o 42 68
o 43 70
o 44 72
o 45 27
o 46 29
o 47 76
o 48 28
o 49 79
o 50 81
o 51 83
o 52 33
o 53 31
o 54 87
o 55 34
o 56 91
o 57 93
o 59 35
o 60 94
o 62 37
o 64 41
o 65 39
o 69 42
o 73 44
o 74 46
o 77 47
o 79 48
o 82 50
o 85 52
o 88 54
o 90 55
o 92 56
o 94 57
+ 1 38
+ 1 41
+ 1 42
+ 1 44
+ 1 45
+ 1 46
+ 1 47
+ 1 50
+ 1 51
+ 1 53
+ 1 55
+ 1 56
+ 1 58
+ 1 60
+ 1 61
+ 1 64
+ 1 67
+ 1 68
+ 1 69
+ 1 72
+ 1 76
+ 1 77
+ 1 78
+ 1 81
+ 1 86
+ 1 87
+ 1 89
+ 1 91
+ 1 94
+ 2 94
+ 7 94
+ 8 92
+ 10 92
+ 13 94
+ 14 92
+ 17 91
+ 18 91
+ 20 92
+ 22 92
+ 23 92
+ 27 91
+ 27 92
+ 30 91
+ 30 92
+ 34 92
+ 36 89
+ 37 93
+ 39 90
+ 43 90
+ 44 92
+ 48 87
+ 48 90
+ 51 89
+ 89 50
+ 91 53
+ 92 51
+ 93 53
x 58 60
x 61 62
x 63 63
x 66 65
x 67 66
x 68 67
x 70 69
x 71 71
x 72 73
x 75 74
x 76 75
x 78 77
x 80 78
x 81 80
x 83 82
x 84 84
x 86 85
x 87 86
x 89 88
x 91 89
x 93 92
Case #56: 239 161
o 1 97
o 2 1
o 3 4
o 4 2
o 5 7
o 6 3
o 7 10
o 8 12
o 9 5
o 10 15
o 11 17
o 12 6
o 13 8
o 14 21
o 15 23
o 16 25
o 17 9
o 18 11
o 19 29
o 20 31
o 21 33
o 22 35
o 23 13
o 24 38
o 25 14
o 26 41
o 27 18
o 28 16
o 29 45
o 30 47
o 31 49
o 32 51
o 33 19
o 34 54
o 35 20
o 36 57
o 37 24
o 38 22
o 39 61
o 40 63
o 41 65
o 42 67
o 43 26
o 44 70
o 45 27
o 46 73
o 47 28
o 48 76
o 49 78
o 50 80
o 51 30
o 52 32
o 53 84
o 54 86
o 55 88
o 56 34
o 57 91
o 58 93
o 59 36
o 60 96
o 61 98
o 62 37
o 63 39
o 67 40
o 68 42
o 72 43
o 74 44
o 77 46
o 78 50
o 81 48
o 84 52
o 88 53
o 89 55
o 93 56
o 94 58
o 98 59
o 100 60
+ 1 39
+ 1 41
+ 1 42
+ 1 45
+ 1 46
+ 1 48
+ 1 49
+ 1 52
+ 1 55
+ 1 57
+ 1 58
+ 1 62
+ 1 63
+ 1 64
+ 1 65
+ 1 67
+ 1 69
+ 1 70
+ 1 72
+ 1 75
+ 1 77
+ 1 78
+ 1 81
+ 1 84
+ 1 85
+ 1 86
+ 1 88
+ 1 90
+ 1 91
+ 1 93
+ 1 95
+ 1 96
+ 1 100
+ 6 99
+ 8 96
+ 11 97
+ 15 96
+ 15 97
+ 17 96
+ 19 97
+ 21 96
+ 24 96
+ 24 97
+ 26 96
+ 29 96
+ 33 93
+ 33 98
+ 37 95
+ 37 96
+ 40 95
+ 41 93
+ 43 96
+ 44 94
+ 48 94
+ 48 97
+ 52 94
+ 52 95
+ 57 96
+ 94 56
+ 98 56
+ 98 57
x 64 62
x 65 64
x 66 66
x 69 68
x 70 69
x 71 71
x 73 72
x 75 74
x 76 75
x 79 77
x 80 79
x 82 81
x 83 82
x 85 83
x 86 85
x 87 87
x 90 89
x 91 90
x 92 92
x 95 94
x 96 95
x 97 99
x 99 100
Case #57: 256 115
o 1 1
o 52 50
o 53 52
o 54 49
o 55 51
o 56 48
o 57 54
o 59 53
o 60 47
o 62 46
o 63 56
o 64 45
o 65 55
o 66 44
o 67 58
o 69 57
o 70 43
o 71 60
o 72 42
o 73 59
o 74 41
o 76 40
o 77 62
o 78 39
o 79 61
o 80 38
o 81 64
o 83 63
o 84 37
o 86 36
o 87 66
o 88 35
o 89 65
o 90 34
o 91 68
o 93 67
o 94 33
o 95 70
o 96 32
o 97 69
o 98 31
o 100 30
+ 81 52
+ 83 51
+ 83 52
+ 85 51
+ 86 51
+ 88 50
+ 89 52
+ 91 51
+ 92 51
+ 94 50
+ 95 52
+ 97 51
+ 97 52
+ 99 51
+ 100 51
x 2 2
x 3 3
x 4 4
x 5 5
x 6 6
x 7 7
x 8 8
x 9 9
x 10 10
x 11 11
x 12 12
x 13 13
x 14 14
x 15 15
x 16 16
x 17 17
x 18 18
x 19 19
x 20 20
x 21 21
x 22 22
x 23 23
x 24 24
x 25 25
x 26 26
x 27 27
x 28 28
x 29 29
x 30 71
x 31 72
x 32 73
x 33 74
x 34 75
x 35 76
x 36 77
x 37 78
x 38 79
x 39 80
x 40 81
x 41 82
x 42 83
x 43 84
x 44 85
x 45 86
x 46 87
x 47 88
x 48 89
x 49 90
x 50 91
x 51 92
x 58 93
x 61 94
x 68 95
x 75 96
x 82 97
x 85 98
x 92 99
x 99 100
Case #58: 149 100
o 1 16
o 2 1
o 3 3
o 4 5
o 5 2
o 6 4
o 7 9
o 8 11
o 9 13
o 10 15
o 11 7
o 12 18
o 13 8
o 14 6
o 15 22
o 16 10
o 17 25
o 18 27
o 19 12
o 20 30
o 21 32
o 22 34
o 23 36
o 24 14
o 25 39
o 26 17
o 27 43
o 28 45
o 29 47
o 30 19
o 31 50
o 32 20
o 33 53
o 34 21
o 35 56
o 36 58
o 37 23
o 38 61
o 39 24
o 42 26
o 46 28
o 48 29
o 50 33
o 51 31
o 57 35
o 58 37
o 62 38
+ 1 26
+ 1 27
+ 1 28
+ 1 31
+ 1 33
+ 1 35
+ 1 38
+ 1 39
+ 1 40
+ 1 43
+ 1 45
+ 1 46
+ 1 47
+ 1 50
+ 1 53
+ 1 56
+ 1 57
+ 1 60
+ 1 61
+ 4 61
+ 4 62
+ 7 60
+ 9 60
+ 11 61
+ 12 59
+ 16 59
+ 19 59
+ 19 60
+ 22 58
+ 25 60
+ 28 56
+ 29 58
+ 32 56
+ 56 33
+ 58 32
+ 59 34
+ 62 34
+ 62 35
x 40 40
x 41 41
x 43 42
x 44 44
x 45 46
x 47 48
x 49 49
x 52 51
x 53 52
x 54 54
x 55 55
x 56 57
x 59 59
x 60 60
x 61 62
Case #59: 256 115
o 1 1
o 52 50
o 53 52
o 54 49
o 55 51
o 56 48
o 57 54
o 59 53
o 60 47
o 62 46
o 63 56
o 64 45
o 65 55
o 66 44
o 67 58
o 69 57
o 70 43
o 71 60
o 72 42
o 73 59
o 74 41
o 76 40
o 77 62
o 78 39
o 79 61
o 80 38
o 81 64
o 83 63
o 84 37
o 86 36
o 87 66
o 88 35
o 89 65
o 90 34
o 91 68
o 93 67
o 94 33
o 95 70
o 96 32
o 97 69
o 98 31
o 100 30
+ 81 52
+ 83 51
+ 83 52
+ 85 51
+ 86 51
+ 88 50
+ 89 52
+ 91 51
+ 92 51
+ 94 50
+ 95 52
+ 97 51
+ 97 52
+ 99 51
+ 100 51
x 2 2
x 3 3
x 4 4
x 5 5
x 6 6
x 7 7
x 8 8
x 9 9
x 10 10
x 11 11
x 12 12
x 13 13
x 14 14
x 15 15
x 16 16
x 17 17
x 18 18
x 19 19
x 20 20
x 21 21
x 22 22
x 23 23
x 24 24
x 25 25
x 26 26
x 27 27
x 28 28
x 29 29
x 30 71
x 31 72
x 32 73
x 33 74
x 34 75
x 35 76
x 36 77
x 37 78
x 38 79
x 39 80
x 40 81
x 41 82
x 42 83
x 43 84
x 44 85
x 45 86
x 46 87
x 47 88
x 48 89
x 49 90
x 50 91
x 51 92
x 58 93
x 61 94
x 68 95
x 75 96
x 82 97
x 85 98
x 92 99
x 99 100
Case #60: 159 107
o 1 34
o 2 1
o 3 3
o 4 5
o 5 2
o 6 4
o 7 9
o 8 11
o 9 13
o 10 15
o 11 6
o 12 8
o 13 20
o 14 7
o 15 21
o 16 10
o 17 25
o 18 27
o 19 29
o 20 31
o 21 33
o 22 12
o 23 14
o 24 16
o 25 38
o 26 40
o 27 42
o 28 44
o 29 17
o 30 19
o 31 48
o 32 18
o 33 51
o 34 53
o 35 22
o 36 56
o 37 58
o 38 23
o 39 61
o 40 24
o 41 64
o 42 66
o 44 26
o 45 28
o 50 30
o 51 32
o 56 35
o 58 36
o 60 37
o 63 39
o 66 41
+ 1 26
+ 1 27
+ 1 28
+ 1 29
+ 1 30
+ 1 37
+ 1 38
+ 1 40
+ 1 42
+ 1 43
+ 1 46
+ 1 51
+ 1 52
+ 1 54
+ 1 55
+ 1 57
+ 1 58
+ 1 59
+ 1 61
+ 1 64
+ 1 66
+ 2 66
+ 5 66
+ 10 65
+ 11 63
+ 14 62
+ 14 63
+ 16 62
+ 17 64
+ 19 63
+ 21 64
+ 23 63
+ 25 63
+ 27 62
+ 28 62
+ 31 62
+ 32 64
+ 62 36
+ 63 36
+ 65 36
+ 66 38
x 43 43
x 46 45
x 47 46
x 48 47
x 49 49
x 52 50
x 53 52
x 54 54
x 55 55
x 57 57
x 59 59
x 61 60
x 62 62
x 64 63
x 65 65
Case #61: 165 107
o 2 1
o 3 3
o 4 5
o 5 7
o 6 2
o 7 4
o 8 6
o 9 12
o 10 14
o 11 17
o 12 19
o 13 21
o 14 8
o 15 10
o 16 25
o 17 9
o 18 11
o 19 30
o 20 32
o 21 34
o 22 13
o 23 33
o 24 39
o 25 15
o 26 42
o 27 16
o 28 45
o 29 48
o 30 50
o 31 52
o 32 18
o 33 20
o 34 56
o 35 23
o 36 59
o 37 22
o 38 62
o 39 57
o 40 24
o 41 66
o 42 68
o 43 26
o 45 27
o 47 28
o 49 29
o 53 31
o 56 35
o 60 37
o 62 36
o 63 38
o 64 40
o 68 41
+ 1 29
+ 1 31
+ 1 32
+ 1 35
+ 1 36
+ 1 38
+ 1 41
+ 1 43
+ 1 44
+ 1 45
+ 1 46
+ 1 53
+ 1 56
+ 1 59
+ 1 60
+ 1 61
+ 1 64
+ 1 65
+ 1 66
+ 1 69
+ 2 69
+ 6 68
+ 10 66
+ 11 68
+ 14 67
+ 14 68
+ 17 68
+ 18 68
+ 20 67
+ 20 68
+ 24 65
+ 27 65
+ 27 66
+ 31 63
+ 33 66
+ 37 66
+ 39 66
+ 65 37
+ 68 38
x 44 43
x 46 44
x 48 46
x 50 49
x 51 51
x 52 53
x 54 54
x 55 55
x 57 58
x 58 60
x 59 61
x 61 63
x 65 64
x 66 65
x 67 67
x 69 69
Case #62: 38 22
o 2 1
o 3 3
o 4 5
o 5 2
o 6 4
o 7 10
o 8 12
o 9 14
o 10 16
o 11 7
o 13 6
o 14 8
o 16 11
+ 1 3
+ 1 10
+ 1 12
+ 1 13
+ 1 14
+ 7 14
+ 8 16
x 12 9
x 15 13
Case #63: 24 17
o 1 3
o 2 1
o 3 4
o 4 2
o 5 5
o 6 9
o 10 6
+ 1 7
+ 1 8
+ 1 10
+ 2 10
+ 4 1
+ 4 9
+ 5 9
x 7 7
x 8 8
x 9 10
Case #64: 2 1
o 1 1
Case #65: 41 27
o 1 9
o 2 1
o 3 4
o 4 7
o 5 3
o 6 6
o 7 2
o 8 5
o 9 11
o 10 15
o 11 17
o 14 8
o 17 10
+ 1 13
+ 1 14
+ 1 15
+ 1 16
+ 1 17
+ 4 15
+ 6 15
+ 7 17
+ 8 15
+ 15 11
x 12 12
x 13 13
x 15 14
x 16 16
Case #66: 239 163
o 1 6
o 2 1
o 3 3
o 4 5
o 5 7
o 6 2
o 7 4
o 8 11
o 9 13
o 10 8
o 11 17
o 12 19
o 13 21
o 14 9
o 15 24
o 16 10
o 17 27
o 18 29
o 19 31
o 20 12
o 21 14
o 22 35
o 23 37
o 24 39
o 25 15
o 26 42
o 27 16
o 28 45
o 29 20
o 30 18
o 31 49
o 32 51
o 33 53
o 34 55
o 35 57
o 36 22
o 37 60
o 38 23
o 39 26
o 40 64
o 41 25
o 42 67
o 43 69
o 44 71
o 45 73
o 46 28
o 47 30
o 48 77
o 49 79
o 50 81
o 51 83
o 52 32
o 53 34
o 54 87
o 55 33
o 56 90
o 57 36
o 58 93
o 59 95
o 60 97
o 61 38
o 62 100
o 65 40
o 67 41
o 70 43
o 72 44
o 74 50
o 75 46
o 78 48
o 80 47
o 83 52
o 86 54
o 91 56
o 92 58
o 96 59
o 97 61
+ 1 40
+ 1 41
+ 1 44
+ 1 45
+ 1 50
+ 1 51
+ 1 52
+ 1 53
+ 1 54
+ 1 55
+ 1 58
+ 1 61
+ 1 63
+ 1 66
+ 1 68
+ 1 69
+ 1 70
+ 1 71
+ 1 74
+ 1 75
+ 1 77
+ 1 78
+ 1 80
+ 1 81
+ 1 84
+ 1 89
+ 1 90
+ 1 93
+ 1 94
+ 1 95
+ 1 97
+ 1 99
+ 1 100
+ 3 100
+ 6 96
+ 8 99
+ 10 96
+ 12 99
+ 13 97
+ 16 98
+ 18 99
+ 21 99
+ 22 97
+ 25 97
+ 26 97
+ 32 98
+ 33 96
+ 34 98
+ 36 97
+ 39 97
+ 39 98
+ 41 97
+ 42 97
+ 47 95
+ 48 95
+ 49 95
+ 50 95
+ 53 95
+ 54 95
+ 95 57
+ 96 57
+ 98 58
+ 100 59
x 63 62
x 64 63
x 66 65
x 68 66
x 69 68
x 71 70
x 73 72
x 76 74
x 77 75
x 79 76
x 81 78
x 82 80
x 84 82
x 85 84
x 87 85
x 88 86
x 89 88
x 90 89
x 93 91
x 94 92
x 95 94
x 98 96
x 99 98
x 100 99
Case #67: 64 40
o 2 1
o 3 3
o 4 5
o 5 2
o 6 4
o 7 9
o 8 11
o 9 14
o 10 16
o 11 6
o 12 8
o 13 17
o 14 21
o 15 7
o 16 24
o 17 10
o 18 27
o 21 12
o 24 18
o 26 15
+ 1 11
+ 1 12
+ 1 14
+ 1 17
+ 1 23
+ 1 27
+ 2 27
+ 5 26
+ 6 26
+ 8 26
+ 10 27
+ 11 25
+ 12 27
+ 24 14
x 19 19
x 20 20
x 22 22
x 23 23
x 25 25
x 27 26
Case #68: 241 161
o 1 1
o 2 5
o 3 2
o 4 6
o 5 3
o 6 11
o 7 4
o 8 14
o 9 16
o 10 18
o 11 7
o 12 21
o 13 8
o 14 24
o 15 9
o 16 28
o 17 10
o 18 31
o 19 33
o 20 12
o 21 36
o 22 13
o 23 39
o 24 41
o 25 15
o 26 44
o 27 46
o 28 17
o 29 49
o 30 51
o 31 19
o 32 54
o 33 20
o 34 57
o 35 59
o 36 22
o 37 62
o 38 23
o 39 65
o 40 67
o 41 25
o 42 70
o 43 26
o 44 73
o 45 27
o 46 76
o 47 78
o 48 29
o 49 81
o 50 30
o 51 84
o 52 86
o 53 32
o 54 89
o 55 91
o 56 34
o 57 94
o 58 35
o 59 97
o 60 99
o 61 37
o 63 38
o 66 40
o 69 42
o 71 43
o 74 45
o 77 47
o 79 48
o 82 50
o 85 52
o 87 53
o 90 55
o 92 56
o 95 58
o 98 60
o 100 61
+ 1 41
+ 1 42
+ 1 45
+ 1 46
+ 1 47
+ 1 50
+ 1 53
+ 1 54
+ 1 58
+ 1 59
+ 1 62
+ 1 63
+ 1 66
+ 1 67
+ 1 70
+ 1 73
+ 1 74
+ 1 75
+ 1 78
+ 1 81
+ 1 82
+ 1 83
+ 1 86
+ 1 87
+ 1 88
+ 1 91
+ 1 94
+ 1 95
+ 1 96
+ 1 99
+ 3 99
+ 3 100
+ 7 98
+ 8 100
+ 10 99
+ 11 99
+ 15 98
+ 16 100
+ 18 97
+ 20 98
+ 22 98
+ 23 98
+ 26 97
+ 28 98
+ 30 98
+ 31 98
+ 34 97
+ 35 99
+ 37 96
+ 38 98
+ 42 97
+ 43 99
+ 45 96
+ 47 97
+ 50 97
+ 51 99
+ 53 96
+ 55 97
+ 97 57
+ 98 57
+ 100 57
x 62 63
x 64 64
x 65 66
x 67 68
x 68 69
x 70 71
x 72 72
x 73 74
x 75 75
x 76 77
x 78 79
x 80 80
x 81 82
x 83 83
x 84 85
x 86 87
x 88 88
x 89 90
x 91 92
x 93 93
x 94 95
x 96 96
x 97 98
x 99 100
Case #69: 239 162
o 1 91
o 2 1
o 3 3
o 4 5
o 5 2
o 6 4
o 7 9
o 8 11
o 9 13
o 10 15
o 11 6
o 12 8
o 13 19
o 14 7
o 15 22
o 16 10
o 17 25
o 18 27
o 19 29
o 20 31
o 21 12
o 22 14
o 23 35
o 24 37
o 25 39
o 26 41
o 27 16
o 28 18
o 29 45
o 30 17
o 31 48
o 32 20
o 33 51
o 34 53
o 35 21
o 36 57
o 37 59
o 38 61
o 39 23
o 40 60
o 41 24
o 42 66
o 43 28
o 44 26
o 45 70
o 46 72
o 47 74
o 48 76
o 49 78
o 50 30
o 51 32
o 52 82
o 53 84
o 54 86
o 55 33
o 56 89
o 57 34
o 58 92
o 59 38
o 60 95
o 61 97
o 62 36
o 63 100
o 64 40
o 67 42
o 70 43
o 72 44
o 76 46
o 78 47
o 79 50
o 81 49
o 86 52
o 87 54
o 91 55
o 93 56
o 96 58
o 97 62
+ 1 39
+ 1 40
+ 1 43
+ 1 48
+ 1 49
+ 1 52
+ 1 53
+ 1 54
+ 1 56
+ 1 58
+ 1 59
+ 1 62
+ 1 65
+ 1 67
+ 1 68
+ 1 71
+ 1 72
+ 1 74
+ 1 75
+ 1 76
+ 1 77
+ 1 80
+ 1 81
+ 1 84
+ 1 85
+ 1 88
+ 1 89
+ 1 93
+ 1 94
+ 1 100
+ 2 100
+ 3 100
+ 5 100
+ 6 100
+ 8 99
+ 11 100
+ 12 98
+ 15 97
+ 18 96
+ 18 99
+ 21 98
+ 24 96
+ 27 96
+ 29 97
+ 33 95
+ 33 98
+ 35 98
+ 36 96
+ 38 97
+ 40 96
+ 44 98
+ 45 94
+ 47 97
+ 49 94
+ 51 97
+ 52 95
+ 54 98
+ 55 96
+ 58 98
+ 96 57
+ 99 58
+ 100 60
x 65 63
x 66 64
x 68 65
x 69 67
x 71 68
x 73 69
x 74 71
x 75 73
x 77 75
x 80 77
x 82 79
x 83 80
x 84 81
x 85 83
x 88 85
x 89 87
x 90 88
x 92 90
x 94 93
x 95 94
x 98 96
x 99 98
x 100 99
Case #70: 241 159
o 1 1
o 2 5
o 3 2
o 4 9
o 5 3
o 6 10
o 7 4
o 8 14
o 9 16
o 10 19
o 11 6
o 12 8
o 13 24
o 14 7
o 15 28
o 16 30
o 17 11
o 18 33
o 19 35
o 20 12
o 21 38
o 22 13
o 23 41
o 24 43
o 25 15
o 26 46
o 27 48
o 28 17
o 29 51
o 30 18
o 31 54
o 32 56
o 33 20
o 34 60
o 35 21
o 36 61
o 37 64
o 38 22
o 39 67
o 40 23
o 41 70
o 42 27
o 43 25
o 44 74
o 45 26
o 46 77
o 47 79
o 48 81
o 49 29
o 50 84
o 51 86
o 52 31
o 53 89
o 54 32
o 55 92
o 56 94
o 57 34
o 58 97
o 59 99
o 60 36
o 62 37
o 65 39
o 67 40
o 70 42
o 73 44
o 75 45
o 78 47
o 81 49
o 83 50
o 86 52
o 88 53
o 91 55
o 94 57
o 96 58
o 98 59
+ 1 43
+ 1 46
+ 1 48
+ 1 49
+ 1 51
+ 1 54
+ 1 56
+ 1 57
+ 1 60
+ 1 61
+ 1 64
+ 1 65
+ 1 69
+ 1 72
+ 1 73
+ 1 75
+ 1 76
+ 1 78
+ 1 80
+ 1 81
+ 1 83
+ 1 86
+ 1 88
+ 1 89
+ 1 91
+ 1 94
+ 1 99
+ 3 100
+ 4 98
+ 5 100
+ 8 100
+ 10 99
+ 12 98
+ 15 98
+ 15 99
+ 17 98
+ 19 97
+ 23 96
+ 23 99
+ 26 95
+ 27 97
+ 30 97
+ 31 97
+ 33 98
+ 35 97
+ 37 98
+ 39 97
+ 41 1
+ 41 98
+ 43 97
+ 46 97
+ 46 98
+ 48 97
+ 51 97
+ 53 96
+ 54 98
+ 56 97
+ 99 57
+ 100 59
x 61 62
x 63 63
x 64 65
x 66 66
x 68 68
x 69 69
x 71 71
x 72 72
x 74 73
x 76 75
x 77 76
x 79 78
x 80 80
x 82 82
x 84 83
x 85 85
x 87 87
x 89 88
x 90 90
x 92 91
x 93 93
x 95 95
x 97 96
x 99 98
x 100 100
Case #71: 2 1
o 1 1
Case #72: 240 162
o 1 1
o 2 3
o 3 5
o 4 2
o 5 8
o 6 10
o 7 4
o 8 7
o 9 14
o 10 16
o 11 6
o 12 20
o 13 9
o 14 23
o 15 25
o 16 27
o 17 11
o 18 30
o 19 12
o 20 33
o 21 35
o 22 13
o 23 15
o 24 39
o 25 41
o 26 43
o 27 17
o 28 46
o 29 18
o 30 49
o 31 19
o 32 52
o 33 54
o 34 21
o 35 57
o 36 22
o 37 60
o 38 62
o 39 64
o 40 24
o 41 26
o 42 68
o 43 70
o 44 72
o 45 28
o 46 75
o 47 29
o 48 78
o 49 80
o 50 31
o 51 84
o 52 86
o 53 32
o 54 34
o 55 90
o 56 92
o 57 94
o 58 36
o 59 97
o 60 99
o 61 37
o 63 38
o 65 42
o 66 40
o 71 44
o 73 45
o 76 47
o 79 48
o 80 50
o 83 51
o 86 53
o 89 55
o 91 56
o 94 58
o 96 59
o 99 61
+ 1 41
+ 1 44
+ 1 45
+ 1 48
+ 1 50
+ 1 51
+ 1 53
+ 1 56
+ 1 58
+ 1 59
+ 1 60
+ 1 61
+ 1 64
+ 1 67
+ 1 69
+ 1 70
+ 1 71
+ 1 74
+ 1 76
+ 1 77
+ 1 79
+ 1 81
+ 1 82
+ 1 85
+ 1 88
+ 1 89
+ 1 90
+ 1 92
+ 1 94
+ 1 95
+ 1 98
+ 2 100
+ 4 100
+ 5 100
+ 8 100
+ 12 97
+ 13 99
+ 14 97
+ 16 98
+ 19 98
+ 21 98
+ 23 97
+ 25 97
+ 27 98
+ 30 94
+ 32 99
+ 33 95
+ 34 99
+ 38 94
+ 38 99
+ 40 1
+ 41 95
+ 44 97
+ 46 94
+ 46 97
+ 48 94
+ 52 94
+ 52 97
+ 56 97
+ 95 55
+ 98 56
+ 99 58
x 62 63
x 64 65
x 67 66
x 68 67
x 69 69
x 70 71
x 72 73
x 74 74
x 75 76
x 77 77
x 78 79
x 81 81
x 82 82
x 84 83
x 85 85
x 87 87
x 88 88
x 90 89
x 92 91
x 93 93
x 95 95
x 97 96
x 98 98
x 100 100
Case #73: 241 162
o 1 76
o 2 1
o 3 4
o 4 2
o 5 7
o 6 3
o 7 10
o 8 12
o 9 5
o 10 16
o 11 18
o 12 6
o 13 8
o 14 19
o 15 23
o 16 25
o 17 27
o 18 9
o 19 11
o 20 31
o 21 14
o 22 34
o 23 13
o 24 37
o 25 39
o 26 41
o 27 15
o 28 17
o 29 45
o 30 48
o 31 50
o 32 52
o 33 20
o 34 51
o 35 56
o 36 21
o 37 59
o 38 22
o 39 63
o 40 26
o 41 24
o 42 67
o 43 69
o 44 71
o 45 73
o 46 75
o 47 28
o 48 78
o 49 80
o 50 29
o 51 83
o 52 30
o 53 33
o 54 36
o 55 32
o 56 89
o 57 91
o 58 93
o 59 35
o 60 96
o 61 98
o 62 100
o 63 38
o 66 40
o 69 42
o 71 43
o 73 44
o 76 46
o 78 47
o 81 49
o 86 53
o 88 54
o 91 55
o 92 57
o 95 58
o 98 60
o 100 61
+ 1 42
+ 1 45
+ 1 46
+ 1 47
+ 1 48
+ 1 49
+ 1 51
+ 1 53
+ 1 54
+ 1 57
+ 1 58
+ 1 61
+ 1 62
+ 1 67
+ 1 68
+ 1 69
+ 1 70
+ 1 71
+ 1 72
+ 1 75
+ 1 79
+ 1 82
+ 1 87
+ 1 88
+ 1 91
+ 1 92
+ 1 94
+ 1 96
+ 1 97
+ 1 98
+ 1 99
+ 5 99
+ 7 96
+ 8 100
+ 10 95
+ 11 99
+ 12 95
+ 16 100
+ 17 96
+ 20 100
+ 21 98
+ 24 100
+ 25 98
+ 28 100
+ 31 96
+ 34 97
+ 34 98
+ 37 96
+ 37 99
+ 40 95
+ 40 98
+ 43 94
+ 43 97
+ 46 95
+ 50 93
+ 51 93
+ 54 93
+ 55 95
+ 96 56
+ 98 56
+ 98 57
+ 100 57
x 64 62
x 65 64
x 67 65
x 68 66
x 70 68
x 72 70
x 74 72
x 75 74
x 77 77
x 79 79
x 80 81
x 82 82
x 83 84
x 84 85
x 85 86
x 87 87
x 89 88
x 90 90
x 93 92
x 94 94
x 96 95
x 97 97
x 99 99
Case #74: 131 89
o 1 5
o 2 1
o 3 4
o 4 6
o 5 3
o 6 9
o 7 2
o 8 8
o 9 14
o 10 7
o 11 17
o 12 19
o 13 21
o 14 10
o 15 24
o 16 26
o 17 28
o 18 11
o 19 13
o 20 32
o 21 12
o 22 35
o 23 15
o 24 38
o 25 40
o 26 42
o 27 16
o 28 18
o 29 46
o 30 48
o 31 50
o 32 52
o 33 20
o 34 22
o 37 23
o 41 25
o 42 27
o 47 29
o 48 31
o 50 30
o 52 33
o 55 34
+ 1 24
+ 1 25
+ 1 26
+ 1 29
+ 1 34
+ 1 35
+ 1 36
+ 1 39
+ 1 40
+ 1 43
+ 1 46
+ 1 47
+ 1 48
+ 1 49
+ 1 50
+ 1 53
+ 1 54
+ 4 54
+ 4 55
+ 9 52
+ 10 54
+ 11 52
+ 15 52
+ 15 55
+ 18 54
+ 20 51
+ 21 53
+ 22 51
+ 25 52
+ 28 54
+ 31 52
+ 32 54
+ 55 32
+ 55 33
x 35 36
x 36 37
x 38 39
x 39 41
x 40 43
x 43 44
x 44 45
x 45 47
x 46 49
x 49 51
x 51 53
x 53 54
x 54 55
Case #75: 239 157
o 2 1
o 3 3
o 4 5
o 5 2
o 6 4
o 7 10
o 8 12
o 9 14
o 10 16
o 11 7
o 12 19
o 13 6
o 14 8
o 15 17
o 16 11
o 17 25
o 18 27
o 19 9
o 20 30
o 21 13
o 22 33
o 23 35
o 24 15
o 25 38
o 26 41
o 27 43
o 28 45
o 29 18
o 30 48
o 31 50
o 32 20
o 33 53
o 34 55
o 35 21
o 36 23
o 37 60
o 38 22
o 39 61
o 40 64
o 41 24
o 42 67
o 43 28
o 44 70
o 45 72
o 46 26
o 47 29
o 48 76
o 49 78
o 50 80
o 51 32
o 52 83
o 53 31
o 54 86
o 55 88
o 56 90
o 57 34
o 58 37
o 59 94
o 60 96
o 61 98
o 62 36
o 63 39
o 65 40
o 69 42
o 72 44
o 75 46
o 78 47
o 79 49
o 83 51
o 85 52
o 88 54
o 91 56
o 93 57
o 96 58
o 98 59
o 99 62
+ 1 39
+ 1 40
+ 1 43
+ 1 45
+ 1 47
+ 1 48
+ 1 50
+ 1 52
+ 1 56
+ 1 60
+ 1 61
+ 1 63
+ 1 65
+ 1 67
+ 1 73
+ 1 74
+ 1 76
+ 1 78
+ 1 79
+ 1 81
+ 1 84
+ 1 86
+ 1 87
+ 1 89
+ 1 91
+ 1 92
+ 1 93
+ 1 98
+ 1 100
+ 4 99
+ 7 100
+ 11 95
+ 13 95
+ 13 100
+ 17 93
+ 17 98
+ 19 93
+ 20 99
+ 24 94
+ 26 94
+ 26 97
+ 30 99
+ 32 90
+ 33 98
+ 35 91
+ 35 98
+ 39 93
+ 39 100
+ 42 99
+ 43 93
+ 45 93
+ 46 99
+ 52 92
+ 52 97
+ 54 97
+ 94 54
+ 97 55
+ 98 57
x 64 63
x 66 65
x 67 66
x 68 69
x 70 71
x 71 73
x 73 74
x 74 75
x 76 77
x 77 79
x 80 81
x 81 82
x 82 84
x 84 85
x 86 87
x 87 89
x 89 91
x 90 92
x 92 93
x 94 95
x 95 97
x 97 99
x 100 100
Case #76: 256 114
o 52 50
o 53 52
o 54 49
o 55 51
o 56 48
o 57 54
o 59 53
o 60 47
o 62 46
o 63 56
o 64 45
o 65 55
o 66 44
o 67 58
o 69 57
o 70 43
o 71 60
o 72 42
o 73 59
o 74 41
o 76 40
o 77 62
o 78 39
o 79 61
o 80 38
o 81 64
o 83 63
o 84 37
o 86 36
o 87 66
o 88 35
o 89 65
o 90 34
o 91 68
o 93 67
o 94 33
o 95 70
o 96 32
o 97 69
o 98 31
o 100 30
+ 81 52
+ 83 51
+ 83 52
+ 85 51
+ 86 51
+ 88 50
+ 89 52
+ 91 51
+ 92 51
+ 94 50
+ 95 52
+ 97 51
+ 97 52
+ 99 51
+ 100 51
x 2 2
x 3 3
x 4 4
x 5 5
x 6 6
x 7 7
x 8 8
x 9 9
x 10 10
x 11 11
x 12 12
x 13 13
x 14 14
x 15 15
x 16 16
x 17 17
x 18 18
x 19 19
x 20 20
x 21 21
x 22 22
x 23 23
x 24 24
x 25 25
x 26 26
x 27 27
x 28 28
x 29 29
x 30 71
x 31 72
x 32 73
x 33 74
x 34 75
x 35 76
x 36 77
x 37 78
x 38 79
x 39 80
x 40 81
x 41 82
x 42 83
x 43 84
x 44 85
x 45 86
x 46 87
x 47 88
x 48 89
x 49 90
x 50 91
x 51 92
x 58 93
x 61 94
x 68 95
x 75 96
x 82 97
x 85 98
x 92 99
x 99 100
Case #77: 241 159
o 1 1
o 2 8
o 3 2
o 4 7
o 5 3
o 6 13
o 7 15
o 8 4
o 9 6
o 10 19
o 11 5
o 12 22
o 13 24
o 14 9
o 15 27
o 16 29
o 17 10
o 18 32
o 19 11
o 20 35
o 21 12
o 22 39
o 23 41
o 24 14
o 25 44
o 26 46
o 27 16
o 28 49
o 29 17
o 30 52
o 31 18
o 32 55
o 33 57
o 34 20
o 35 60
o 36 21
o 37 63
o 38 65
o 39 23
o 40 68
o 41 70
o 42 25
o 43 73
o 44 26
o 45 76
o 46 78
o 47 28
o 48 81
o 49 83
o 50 30
o 51 86
o 52 31
o 53 89
o 54 91
o 55 33
o 56 94
o 57 34
o 58 97
o 59 99
o 60 36
o 62 37
o 64 38
o 67 40
o 70 42
o 72 43
o 75 45
o 78 47
o 80 48
o 83 50
o 85 51
o 88 53
o 90 54
o 93 56
o 96 58
o 98 59
+ 1 43
+ 1 46
+ 1 47
+ 1 50
+ 1 51
+ 1 52
+ 1 55
+ 1 58
+ 1 59
+ 1 62
+ 1 64
+ 1 65
+ 1 67
+ 1 72
+ 1 73
+ 1 75
+ 1 77
+ 1 78
+ 1 80
+ 1 83
+ 1 84
+ 1 85
+ 1 88
+ 1 91
+ 1 92
+ 1 93
+ 1 96
+ 1 97
+ 1 100
+ 5 99
+ 6 99
+ 9 97
+ 10 99
+ 12 98
+ 14 99
+ 17 97
+ 18 99
+ 20 98
+ 22 97
+ 25 98
+ 26 96
+ 29 97
+ 30 97
+ 33 98
+ 34 96
+ 37 97
+ 38 97
+ 42 97
+ 43 95
+ 45 98
+ 46 94
+ 50 97
+ 51 95
+ 54 97
+ 56 97
+ 94 54
+ 97 55
+ 100 56
+ 100 59
x 61 61
x 63 62
x 65 64
x 66 66
x 68 67
x 69 69
x 71 71
x 73 72
x 74 74
x 76 75
x 77 77
x 79 79
x 81 80
x 82 82
x 84 84
x 86 85
x 87 87
x 89 88
x 91 90
x 92 92
x 94 93
x 95 95
x 97 96
x 99 98
x 100 100
Case #78: 241 160
o 1 1
o 2 3
o 3 6
o 4 9
o 5 2
o 6 4
o 7 14
o 8 7
o 9 5
o 10 18
o 11 20
o 12 22
o 13 24
o 14 8
o 15 10
o 16 28
o 17 30
o 18 11
o 19 33
o 20 12
o 21 36
o 22 13
o 23 39
o 24 41
o 25 15
o 26 45
o 27 16
o 28 48
o 29 17
o 30 51
o 31 53
o 32 19
o 33 56
o 34 58
o 35 21
o 36 61
o 37 63
o 38 23
o 39 66
o 40 68
o 41 25
o 42 71
o 43 26
o 44 74
o 45 27
o 46 78
o 47 80
o 48 29
o 49 83
o 50 85
o 51 31
o 52 88
o 53 32
o 54 91
o 55 93
o 56 34
o 57 96
o 58 98
o 59 35
o 61 38
o 64 37
o 66 40
o 67 42
o 71 43
o 73 44
o 76 46
o 78 47
o 81 49
o 83 50
o 86 52
o 89 54
o 91 55
o 94 57
o 98 59
o 100 60
+ 1 44
+ 1 47
+ 1 48
+ 1 49
+ 1 52
+ 1 53
+ 1 54
+ 1 57
+ 1 58
+ 1 59
+ 1 62
+ 1 63
+ 1 66
+ 1 67
+ 1 69
+ 1 72
+ 1 73
+ 1 74
+ 1 77
+ 1 78
+ 1 79
+ 1 82
+ 1 85
+ 1 86
+ 1 87
+ 1 90
+ 1 94
+ 1 95
+ 1 97
+ 2 100
+ 3 100
+ 6 98
+ 10 97
+ 10 100
+ 12 100
+ 14 97
+ 17 99
+ 18 97
+ 20 100
+ 22 97
+ 26 95
+ 26 100
+ 28 95
+ 29 99
+ 33 96
+ 35 99
+ 36 95
+ 38 98
+ 40 2
+ 41 96
+ 44 98
+ 45 94
+ 47 97
+ 48 93
+ 53 94
+ 53 97
+ 55 97
+ 95 54
+ 98 56
+ 99 56
x 60 62
x 62 64
x 63 65
x 65 67
x 68 69
x 69 70
x 70 72
x 72 73
x 74 75
x 75 76
x 77 77
x 79 79
x 80 81
x 82 82
x 84 84
x 85 86
x 87 87
x 88 89
x 90 90
x 92 92
x 93 94
x 95 95
x 96 97
x 97 99
x 99 100
Case #79: 240 163
o 1 15
o 2 1
o 3 4
o 4 2
o 5 7
o 6 3
o 7 10
o 8 12
o 9 5
o 10 16
o 11 18
o 12 6
o 13 8
o 14 19
o 15 23
o 16 9
o 17 26
o 18 28
o 19 11
o 20 31
o 21 33
o 22 13
o 23 36
o 24 39
o 25 14
o 26 42
o 27 17
o 28 45
o 29 47
o 30 49
o 31 51
o 32 20
o 33 54
o 34 21
o 35 57
o 36 22
o 37 60
o 38 62
o 39 64
o 40 24
o 41 67
o 42 25
o 43 70
o 44 72
o 45 27
o 46 75
o 47 77
o 48 29
o 49 34
o 50 30
o 51 82
o 52 84
o 53 32
o 54 87
o 55 89
o 56 91
o 57 93
o 58 35
o 59 37
o 60 97
o 61 99
o 63 38
o 64 40
o 68 41
o 69 43
o 73 44
o 74 46
o 78 48
o 81 50
o 85 52
o 87 53
o 90 55
o 92 56
o 93 61
o 95 58
o 97 59
+ 1 40
+ 1 41
+ 1 44
+ 1 46
+ 1 47
+ 1 48
+ 1 49
+ 1 52
+ 1 55
+ 1 56
+ 1 59
+ 1 60
+ 1 61
+ 1 64
+ 1 65
+ 1 68
+ 1 69
+ 1 70
+ 1 73
+ 1 74
+ 1 77
+ 1 80
+ 1 83
+ 1 85
+ 1 87
+ 1 88
+ 1 89
+ 1 90
+ 1 93
+ 1 94
+ 1 97
+ 1 98
+ 2 100
+ 5 100
+ 6 100
+ 8 99
+ 10 100
+ 13 98
+ 16 99
+ 17 97
+ 19 100
+ 20 98
+ 23 100
+ 24 98
+ 25 100
+ 28 99
+ 29 99
+ 32 97
+ 32 98
+ 35 97
+ 37 98
+ 39 95
+ 41 98
+ 43 95
+ 45 98
+ 46 96
+ 50 99
+ 51 95
+ 55 96
+ 55 97
+ 97 58
+ 99 59
+ 100 59
x 62 63
x 65 65
x 66 66
x 67 68
x 70 69
x 71 71
x 72 73
x 75 74
x 76 76
x 77 78
x 79 79
x 80 80
x 82 81
x 83 83
x 84 85
x 86 86
x 88 88
x 89 90
x 91 92
x 94 94
x 96 95
x 98 96
x 99 98
x 100 100
Case #80: 91 62
o 1 15
o 2 1
o 3 4
o 4 2
o 5 7
o 6 3
o 7 10
o 8 12
o 9 5
o 10 16
o 11 18
o 12 6
o 13 8
o 14 19
o 15 23
o 16 9
o 17 26
o 18 28
o 19 11
o 20 31
o 21 33
o 22 13
o 23 36
o 25 14
o 27 17
o 32 20
o 34 21
o 36 22
+ 1 18
+ 1 21
+ 1 22
+ 1 23
+ 1 26
+ 1 27
+ 1 30
+ 1 31
+ 1 33
+ 1 35
+ 1 36
+ 2 38
+ 4 37
+ 7 35
+ 7 38
+ 10 37
+ 12 36
+ 13 36
+ 16 34
+ 17 36
+ 20 36
+ 21 36
+ 38 22
+ 38 23
x 24 24
x 26 25
x 28 27
x 29 29
x 30 30
x 31 32
x 33 34
x 35 35
x 37 37
x 38 38
Case #81: 239 162
o 1 75
o 2 1
o 3 3
o 4 5
o 5 2
o 6 4
o 7 9
o 8 11
o 9 13
o 10 15
o 11 6
o 12 8
o 13 19
o 14 7
o 15 22
o 16 10
o 17 25
o 18 27
o 19 29
o 20 31
o 21 12
o 22 14
o 23 35
o 24 37
o 25 39
o 26 41
o 27 16
o 28 18
o 29 45
o 30 17
o 31 48
o 32 20
o 33 51
o 34 53
o 35 21
o 36 56
o 37 58
o 38 60
o 39 23
o 40 63
o 41 24
o 42 66
o 43 28
o 44 26
o 45 70
o 46 72
o 47 74
o 48 76
o 49 78
o 50 30
o 51 32
o 52 82
o 53 84
o 54 86
o 55 33
o 56 89
o 57 34
o 58 92
o 59 38
o 60 36
o 61 96
o 62 98
o 63 100
o 65 40
o 68 42
o 70 43
o 72 44
o 76 46
o 78 47
o 79 50
o 81 49
o 86 52
o 87 54
o 91 55
o 92 57
o 96 59
o 100 61
+ 1 39
+ 1 40
+ 1 43
+ 1 48
+ 1 49
+ 1 52
+ 1 53
+ 1 54
+ 1 56
+ 1 58
+ 1 59
+ 1 62
+ 1 65
+ 1 67
+ 1 68
+ 1 71
+ 1 72
+ 1 74
+ 1 76
+ 1 77
+ 1 80
+ 1 81
+ 1 84
+ 1 85
+ 1 88
+ 1 89
+ 1 92
+ 1 93
+ 1 98
+ 1 99
+ 1 100
+ 3 99
+ 5 99
+ 7 100
+ 8 98
+ 10 99
+ 13 98
+ 13 99
+ 16 98
+ 18 99
+ 21 98
+ 21 99
+ 27 96
+ 27 99
+ 30 98
+ 33 98
+ 35 97
+ 35 98
+ 38 97
+ 38 98
+ 43 99
+ 45 94
+ 45 99
+ 49 94
+ 49 99
+ 52 95
+ 53 99
+ 55 96
+ 55 99
+ 58 98
+ 97 56
+ 98 60
x 64 62
x 66 64
x 67 65
x 69 67
x 71 68
x 73 69
x 74 71
x 75 73
x 77 77
x 80 79
x 82 80
x 83 81
x 84 83
x 85 85
x 88 87
x 89 88
x 90 90
x 93 91
x 94 93
x 95 94
x 97 95
x 98 97
x 99 99
Case #82: 239 161
o 1 1
o 2 3
o 3 5
o 4 2
o 5 4
o 6 9
o 7 11
o 8 13
o 9 15
o 10 6
o 11 8
o 12 19
o 13 7
o 14 22
o 15 24
o 16 26
o 17 10
o 18 29
o 19 14
o 20 12
o 21 33
o 22 35
o 23 37
o 24 39
o 25 16
o 26 42
o 27 17
o 28 45
o 29 47
o 30 18
o 31 20
o 32 51
o 33 53
o 34 21
o 35 56
o 36 58
o 37 61
o 38 23
o 39 25
o 40 65
o 41 67
o 42 69
o 43 27
o 44 72
o 45 74
o 46 28
o 47 30
o 48 78
o 49 80
o 50 31
o 51 83
o 52 32
o 53 86
o 54 88
o 55 34
o 56 91
o 57 93
o 58 95
o 59 36
o 60 98
o 61 100
o 62 38
o 63 41
o 66 40
o 69 44
o 71 43
o 75 46
o 76 49
o 79 48
o 80 50
o 84 52
o 87 54
o 89 55
o 92 57
o 95 59
o 97 60
o 100 62
+ 1 42
+ 1 44
+ 1 45
+ 1 48
+ 1 49
+ 1 51
+ 1 52
+ 1 55
+ 1 57
+ 1 58
+ 1 61
+ 1 64
+ 1 65
+ 1 66
+ 1 68
+ 1 70
+ 1 71
+ 1 74
+ 1 77
+ 1 78
+ 1 79
+ 1 81
+ 1 84
+ 1 86
+ 1 87
+ 1 89
+ 1 91
+ 1 92
+ 1 95
+ 1 96
+ 1 98
+ 1 100
+ 2 100
+ 5 98
+ 9 98
+ 11 98
+ 13 97
+ 15 97
+ 17 98
+ 19 98
+ 22 96
+ 24 96
+ 24 99
+ 27 95
+ 29 95
+ 33 95
+ 35 96
+ 37 95
+ 37 96
+ 40 95
+ 42 95
+ 43 95
+ 47 93
+ 47 96
+ 50 95
+ 52 94
+ 54 94
+ 95 56
+ 96 56
+ 98 57
+ 99 57
x 64 63
x 65 64
x 67 66
x 68 68
x 70 70
x 72 71
x 73 73
x 74 75
x 77 76
x 78 77
x 81 79
x 82 81
x 83 82
x 85 84
x 86 85
x 88 87
x 90 89
x 91 90
x 93 92
x 94 94
x 96 96
x 98 97
x 99 99
Case #83: 241 160
o 1 83
o 2 1
o 3 4
o 4 2
o 5 8
o 6 3
o 7 11
o 8 13
o 9 5
o 10 16
o 11 6
o 12 19
o 13 7
o 14 22
o 15 24
o 16 9
o 17 27
o 18 10
o 19 30
o 20 32
o 21 12
o 22 35
o 23 37
o 24 14
o 25 40
o 26 15
o 27 43
o 28 46
o 29 17
o 30 49
o 31 51
o 32 18
o 33 20
o 34 55
o 35 57
o 36 59
o 37 21
o 38 23
o 39 63
o 40 65
o 41 67
o 42 25
o 43 70
o 44 72
o 45 26
o 46 75
o 47 29
o 48 78
o 49 28
o 50 81
o 51 84
o 52 86
o 53 33
o 54 31
o 55 90
o 56 34
o 57 93
o 58 95
o 59 97
o 60 36
o 61 100
o 63 38
o 65 39
o 68 41
o 70 42
o 73 44
o 75 45
o 78 47
o 80 48
o 83 50
o 87 52
o 88 54
o 90 53
o 92 56
o 96 58
o 99 60
+ 1 41
+ 1 42
+ 1 44
+ 1 46
+ 1 47
+ 1 50
+ 1 53
+ 1 54
+ 1 55
+ 1 58
+ 1 61
+ 1 62
+ 1 63
+ 1 65
+ 1 67
+ 1 68
+ 1 71
+ 1 72
+ 1 74
+ 1 79
+ 1 80
+ 1 82
+ 1 86
+ 1 87
+ 1 90
+ 1 92
+ 1 93
+ 1 96
+ 1 97
+ 1 98
+ 1 99
+ 5 98
+ 6 100
+ 10 97
+ 10 100
+ 14 97
+ 15 99
+ 19 96
+ 19 99
+ 22 97
+ 24 98
+ 26 98
+ 27 96
+ 31 96
+ 31 99
+ 33 96
+ 37 95
+ 39 95
+ 39 98
+ 43 93
+ 43 98
+ 46 94
+ 48 99
+ 50 94
+ 51 98
+ 52 94
+ 96 55
+ 96 56
+ 99 56
+ 100 58
x 62 61
x 64 62
x 66 64
x 67 66
x 69 68
x 71 69
x 72 71
x 74 73
x 76 74
x 77 76
x 79 77
x 81 79
x 82 80
x 84 82
x 85 85
x 86 87
x 89 88
x 91 89
x 93 91
x 94 92
x 95 94
x 97 96
x 98 98
x 100 99
Case #84: 36 23
o 1 10
o 2 1
o 3 3
o 4 5
o 5 2
o 6 4
o 7 9
o 8 11
o 9 13
o 10 15
o 11 6
o 12 8
o 14 7
+ 1 7
+ 1 11
+ 1 12
+ 1 13
+ 1 14
+ 5 13
+ 8 15
+ 15 9
x 13 12
x 15 14
Case #85: 163 107
o 2 3
o 3 5
o 4 2
o 5 4
o 6 9
o 7 11
o 8 14
o 9 16
o 10 7
o 11 19
o 12 8
o 13 6
o 14 23
o 15 20
o 16 10
o 17 12
o 18 28
o 19 30
o 20 32
o 21 13
o 22 35
o 23 38
o 24 15
o 25 41
o 26 43
o 27 17
o 28 46
o 29 18
o 30 50
o 31 53
o 32 55
o 33 21
o 34 58
o 35 60
o 36 22
o 37 63
o 38 25
o 39 66
o 40 24
o 41 26
o 44 27
o 47 29
o 50 31
o 53 33
o 55 34
o 58 36
o 60 37
o 63 39
o 66 40
o 67 42
+ 1 30
+ 1 31
+ 1 35
+ 1 37
+ 1 39
+ 1 40
+ 1 41
+ 1 42
+ 1 44
+ 1 47
+ 1 49
+ 1 50
+ 1 52
+ 1 54
+ 1 55
+ 1 58
+ 1 59
+ 1 61
+ 1 64
+ 1 67
+ 3 67
+ 5 67
+ 6 67
+ 8 67
+ 11 66
+ 11 67
+ 15 67
+ 16 63
+ 19 64
+ 22 66
+ 24 61
+ 24 66
+ 28 63
+ 30 63
+ 32 64
+ 35 63
+ 63 36
+ 65 36
+ 66 38
+ 67 36
x 42 44
x 43 45
x 45 47
x 46 48
x 48 49
x 49 51
x 51 52
x 52 54
x 54 56
x 56 57
x 57 59
x 59 61
x 61 62
x 62 64
x 64 65
x 65 67
x 68 68
Case #86: 15 8
o 2 3
o 3 5
o 4 2
o 5 4
+ 3 7
+ 4 7
x 6 6
x 7 7
Case #87: 240 159
o 1 1
o 2 5
o 3 2
o 4 8
o 5 3
o 6 11
o 7 13
o 8 15
o 9 4
o 10 6
o 11 19
o 12 9
o 13 23
o 14 25
o 15 7
o 16 10
o 17 30
o 18 32
o 19 12
o 20 35
o 21 37
o 22 39
o 23 14
o 24 42
o 25 44
o 26 16
o 27 47
o 28 17
o 29 50
o 30 18
o 31 53
o 32 55
o 33 20
o 34 58
o 35 21
o 36 61
o 37 63
o 38 22
o 39 24
o 40 67
o 41 69
o 42 71
o 43 73
o 44 26
o 45 28
o 46 77
o 47 79
o 48 27
o 49 29
o 50 31
o 51 84
o 52 86
o 53 88
o 54 90
o 55 33
o 56 93
o 57 34
o 58 96
o 59 98
o 60 36
o 63 38
o 66 40
o 68 41
o 71 43
o 74 45
o 76 46
o 79 48
o 81 49
o 85 51
o 87 52
o 89 56
o 92 54
o 93 57
o 96 59
o 99 60
+ 1 42
+ 1 43
+ 1 45
+ 1 48
+ 1 50
+ 1 53
+ 1 56
+ 1 61
+ 1 63
+ 1 64
+ 1 66
+ 1 67
+ 1 70
+ 1 71
+ 1 75
+ 1 76
+ 1 79
+ 1 81
+ 1 82
+ 1 84
+ 1 85
+ 1 88
+ 1 89
+ 1 92
+ 1 93
+ 1 94
+ 1 97
+ 1 98
+ 2 100
+ 4 99
+ 5 99
+ 8 97
+ 9 99
+ 13 98
+ 13 99
+ 18 97
+ 18 100
+ 20 97
+ 22 98
+ 24 97
+ 26 98
+ 27 98
+ 30 98
+ 31 98
+ 34 98
+ 35 96
+ 37 96
+ 38 96
+ 42 95
+ 42 98
+ 44 98
+ 46 97
+ 50 98
+ 51 96
+ 53 99
+ 54 97
+ 58 98
+ 97 56
+ 99 59
x 61 62
x 62 64
x 64 65
x 65 66
x 67 68
x 69 70
x 70 72
x 72 74
x 73 75
x 75 76
x 77 78
x 78 80
x 80 81
x 82 82
x 83 83
x 84 85
x 86 87
x 88 89
x 90 91
x 91 92
x 94 94
x 95 95
x 97 97
x 98 99
x 100 100
Case #88: 77 51
o 1 26
o 2 1
o 3 3
o 4 5
o 5 2
o 6 4
o 7 9
o 8 11
o 9 13
o 10 15
o 11 6
o 12 8
o 13 19
o 14 7
o 15 22
o 16 10
o 17 25
o 18 27
o 19 29
o 20 31
o 21 12
o 22 14
o 27 16
o 28 18
o 30 17
o 32 20
+ 1 13
+ 1 14
+ 1 17
+ 1 22
+ 1 23
+ 1 27
+ 1 28
+ 1 29
+ 1 30
+ 1 33
+ 2 33
+ 7 31
+ 8 31
+ 10 30
+ 11 30
+ 13 31
+ 16 33
+ 18 32
x 23 21
x 24 23
x 25 24
x 26 28
x 29 30
x 31 32
x 33 33
Case #89: 166 111
o 2 1
o 3 3
o 4 5
o 5 2
o 6 4
o 7 9
o 8 11
o 9 13
o 10 15
o 11 6
o 12 8
o 13 19
o 14 7
o 15 22
o 16 10
o 17 25
o 18 27
o 19 29
o 20 31
o 21 33
o 22 12
o 23 36
o 24 16
o 25 14
o 26 40
o 27 43
o 28 45
o 29 17
o 30 48
o 31 18
o 32 23
o 33 52
o 34 49
o 35 21
o 36 56
o 37 20
o 38 59
o 39 24
o 40 62
o 41 64
o 42 26
o 43 67
o 44 69
o 46 28
o 49 30
o 52 32
o 55 34
o 58 35
o 59 37
o 62 38
o 64 39
o 67 41
+ 1 27
+ 1 28
+ 1 29
+ 1 30
+ 1 34
+ 1 35
+ 1 37
+ 1 40
+ 1 43
+ 1 46
+ 1 49
+ 1 51
+ 1 52
+ 1 57
+ 1 59
+ 1 60
+ 1 61
+ 1 63
+ 1 64
+ 1 66
+ 1 68
+ 3 69
+ 5 66
+ 9 66
+ 11 65
+ 11 66
+ 14 66
+ 14 67
+ 18 64
+ 19 68
+ 21 65
+ 22 69
+ 24 64
+ 26 64
+ 26 69
+ 31 63
+ 31 68
+ 33 68
+ 34 64
+ 66 38
+ 67 40
+ 68 38
+ 69 40
x 45 44
x 47 46
x 48 47
x 50 50
x 51 51
x 53 53
x 54 54
x 56 55
x 57 57
x 60 58
x 61 60
x 63 61
x 65 63
x 66 65
x 68 66
x 69 68
Case #90: 67 45
o 1 20
o 2 1
o 3 3
o 4 5
o 5 2
o 6 4
o 7 9
o 8 11
o 9 13
o 10 15
o 11 6
o 12 8
o 13 19
o 14 21
o 15 23
o 16 7
o 17 10
o 18 12
o 19 28
o 22 14
o 26 16
o 28 17
+ 1 11
+ 1 12
+ 1 13
+ 1 14
+ 1 17
+ 1 23
+ 1 25
+ 1 27
+ 1 28
+ 3 28
+ 5 28
+ 7 27
+ 10 27
+ 12 27
+ 13 27
+ 27 14
+ 28 16
x 20 18
x 21 22
x 23 24
x 24 25
x 25 26
x 27 27
Case #91: 19 9
o 2 5
o 3 8
o 4 1
o 5 3
o 6 6
o 8 7
+ 1 8
+ 2 8
x 7 4
Case #92: 21 13
o 2 1
o 3 3
o 4 5
o 5 2
o 6 8
o 9 7
+ 1 7
+ 1 9
+ 2 9
+ 4 8
+ 4 9
x 7 6
x 8 9
Case #93: 186 123
o 2 1
o 3 3
o 4 5
o 5 2
o 6 4
o 7 9
o 8 11
o 9 15
o 10 18
o 11 6
o 12 8
o 13 17
o 14 7
o 15 20
o 16 23
o 17 26
o 18 28
o 19 10
o 20 12
o 21 32
o 22 16
o 23 36
o 24 38
o 25 40
o 26 14
o 27 43
o 28 45
o 29 19
o 30 48
o 31 50
o 32 52
o 33 22
o 34 56
o 35 21
o 36 59
o 37 24
o 38 64
o 39 66
o 40 68
o 41 25
o 42 27
o 43 72
o 44 74
o 45 76
o 46 29
o 49 30
o 51 31
o 52 34
o 54 33
o 57 35
o 60 37
o 64 39
o 65 41
o 68 42
o 72 44
o 73 46
o 76 47
+ 1 33
+ 1 35
+ 1 36
+ 1 40
+ 1 41
+ 1 44
+ 1 46
+ 1 48
+ 1 49
+ 1 50
+ 1 51
+ 1 53
+ 1 56
+ 1 57
+ 1 59
+ 1 62
+ 1 63
+ 1 66
+ 1 67
+ 1 70
+ 1 71
+ 1 73
+ 1 75
+ 1 76
+ 6 74
+ 6 77
+ 9 76
+ 12 76
+ 13 76
+ 16 75
+ 17 77
+ 18 75
+ 21 75
+ 23 76
+ 25 76
+ 26 72
+ 28 72
+ 32 1
+ 33 71
+ 33 74
+ 36 73
+ 38 74
+ 39 72
+ 72 42
+ 73 40
+ 76 41
+ 76 44
x 47 49
x 48 51
x 50 53
x 53 54
x 55 55
x 56 57
x 58 58
x 59 60
x 61 61
x 62 62
x 63 63
x 66 65
x 67 67
x 69 69
x 70 70
x 71 71
x 74 73
x 75 75
x 77 77
Case #94: 2 1
o 1 1
Case #95: 136 89
o 2 1
o 3 3
o 4 5
o 5 2
o 6 4
o 7 9
o 8 11
o 9 13
o 10 15
o 11 6
o 12 8
o 13 19
o 14 7
o 15 22
o 16 10
o 17 26
o 18 28
o 19 31
o 20 33
o 21 12
o 22 14
o 23 34
o 24 32
o 25 39
o 26 41
o 27 17
o 28 44
o 29 16
o 30 18
o 31 20
o 32 49
o 33 51
o 34 53
o 35 55
o 36 57
o 37 21
o 38 23
o 41 24
o 43 25
o 46 27
o 49 29
o 50 36
o 56 35
+ 1 23
+ 1 26
+ 1 28
+ 1 29
+ 1 33
+ 1 34
+ 1 37
+ 1 38
+ 1 39
+ 1 40
+ 1 46
+ 1 48
+ 1 51
+ 1 53
+ 1 54
+ 2 57
+ 3 57
+ 6 57
+ 7 55
+ 10 56
+ 13 56
+ 13 57
+ 15 56
+ 20 54
+ 20 55
+ 23 53
+ 23 54
+ 28 51
+ 28 52
+ 52 30
+ 53 30
+ 55 30
+ 56 32
x 39 37
x 40 38
x 42 40
x 44 42
x 45 43
x 47 45
x 48 46
x 51 47
x 52 48
x 53 50
x 54 52
x 55 54
x 57 56
Case #96: 39 25
o 2 3
o 3 5
o 4 2
o 5 4
o 6 9
o 7 11
o 8 13
o 9 15
o 10 6
o 11 8
o 13 7
o 15 10
+ 1 9
+ 1 10
+ 1 11
+ 1 12
+ 1 13
+ 1 16
+ 8 15
+ 15 7
+ 17 10
x 12 12
x 14 14
x 16 16
x 17 17
Case #97: 241 158
o 1 1
o 2 6
o 3 4
o 4 2
o 5 10
o 6 3
o 7 13
o 8 15
o 9 5
o 10 9
o 11 19
o 12 21
o 13 8
o 14 24
o 15 7
o 16 27
o 17 11
o 18 30
o 19 12
o 20 33
o 21 35
o 22 37
o 23 14
o 24 40
o 25 42
o 26 16
o 27 45
o 28 17
o 29 48
o 30 50
o 31 18
o 32 20
o 33 54
o 34 58
o 35 60
o 36 22
o 37 59
o 38 23
o 39 65
o 40 67
o 41 25
o 42 70
o 43 26
o 44 73
o 45 75
o 46 28
o 47 78
o 48 80
o 49 29
o 50 31
o 51 84
o 52 86
o 53 32
o 54 89
o 55 91
o 56 93
o 57 34
o 58 36
o 59 97
o 60 99
o 62 38
o 64 39
o 67 41
o 70 43
o 72 44
o 75 46
o 77 47
o 80 49
o 83 51
o 85 52
o 87 53
o 90 55
o 92 56
o 94 57
o 99 61
+ 1 43
+ 1 45
+ 1 46
+ 1 49
+ 1 50
+ 1 53
+ 1 54
+ 1 56
+ 1 59
+ 1 61
+ 1 62
+ 1 67
+ 1 69
+ 1 72
+ 1 75
+ 1 78
+ 1 82
+ 1 83
+ 1 85
+ 1 87
+ 1 88
+ 1 92
+ 1 96
+ 1 97
+ 1 98
+ 1 100
+ 2 100
+ 6 99
+ 6 100
+ 10 99
+ 10 100
+ 13 98
+ 16 99
+ 18 96
+ 20 99
+ 21 97
+ 24 99
+ 25 97
+ 28 98
+ 30 97
+ 33 97
+ 33 98
+ 35 97
+ 37 96
+ 40 1
+ 40 96
+ 41 98
+ 44 98
+ 45 96
+ 47 97
+ 50 97
+ 52 98
+ 55 98
+ 56 96
+ 57 98
+ 97 57
+ 99 58
+ 100 58
x 61 62
x 63 63
x 65 64
x 66 66
x 68 68
x 69 69
x 71 71
x 73 72
x 74 74
x 76 76
x 78 77
x 79 79
x 81 81
x 82 82
x 84 83
x 86 85
x 88 87
x 89 88
x 91 90
x 93 92
x 95 94
x 96 95
x 97 96
x 98 98
x 100 100
Case #98: 256 115
o 1 2
o 52 50
o 53 52
o 54 49
o 55 51
o 56 48
o 57 54
o 59 53
o 60 47
o 62 46
o 63 56
o 64 45
o 65 55
o 66 44
o 67 58
o 69 57
o 70 43
o 71 60
o 72 42
o 73 59
o 74 41
o 76 40
o 77 62
o 78 39
o 79 61
o 80 38
o 81 64
o 83 63
o 84 37
o 86 36
o 87 66
o 88 35
o 89 65
o 90 34
o 91 68
o 93 67
o 94 33
o 95 70
o 96 32
o 97 69
o 98 31
o 100 30
+ 81 52
+ 83 51
+ 83 52
+ 85 51
+ 86 51
+ 88 50
+ 89 52
+ 91 51
+ 92 51
+ 94 50
+ 95 52
+ 97 51
+ 97 52
+ 99 51
+ 100 51
x 2 1
x 3 3
x 4 4
x 5 5
x 6 6
x 7 7
x 8 8
x 9 9
x 10 10
x 11 11
x 12 12
x 13 13
x 14 14
x 15 15
x 16 16
x 17 17
x 18 18
x 19 19
x 20 20
x 21 21
x 22 22
x 23 23
x 24 24
x 25 25
x 26 26
x 27 27
x 28 28
x 29 29
x 30 71
x 31 72
x 32 73
x 33 74
x 34 75
x 35 76
x 36 77
x 37 78
x 38 79
x 39 80
x 40 81
x 41 82
x 42 83
x 43 84
x 44 85
x 45 86
x 46 87
x 47 88
x 48 89
x 49 90
x 50 91
x 51 92
x 58 93
x 61 94
x 68 95
x 75 96
x 82 97
x 85 98
x 92 99
x 99 100
Case #99: 240 163
o 1 1
o 2 3
o 3 6
o 4 2
o 5 9
o 6 5
o 7 12
o 8 4
o 9 15
o 10 7
o 11 18
o 12 20
o 13 8
o 14 23
o 15 25
o 16 10
o 17 28
o 18 30
o 19 11
o 20 13
o 21 34
o 22 36
o 23 38
o 24 14
o 25 16
o 26 42
o 27 44
o 28 46
o 29 17
o 30 19
o 31 50
o 32 52
o 33 54
o 34 56
o 35 21
o 36 59
o 37 22
o 38 62
o 39 26
o 40 24
o 41 66
o 42 68
o 43 70
o 44 72
o 45 27
o 46 29
o 47 76
o 48 78
o 49 80
o 50 82
o 51 31
o 52 33
o 53 86
o 54 32
o 55 89
o 56 35
o 57 92
o 58 94
o 59 96
o 60 37
o 61 99
o 63 39
o 65 40
o 67 41
o 71 43
o 72 45
o 77 47
o 78 49
o 80 48
o 82 51
o 87 53
o 88 55
o 93 57
o 95 58
o 96 61
o 98 60
+ 1 41
+ 1 42
+ 1 43
+ 1 46
+ 1 49
+ 1 50
+ 1 51
+ 1 52
+ 1 53
+ 1 56
+ 1 59
+ 1 61
+ 1 62
+ 1 65
+ 1 66
+ 1 68
+ 1 69
+ 1 72
+ 1 75
+ 1 76
+ 1 77
+ 1 78
+ 1 79
+ 1 82
+ 1 87
+ 1 88
+ 1 91
+ 1 92
+ 1 93
+ 1 95
+ 1 97
+ 1 98
+ 1 100
+ 4 99
+ 8 96
+ 10 99
+ 11 95
+ 13 98
+ 15 97
+ 16 99
+ 19 99
+ 20 99
+ 24 96
+ 24 97
+ 26 96
+ 28 97
+ 32 98
+ 34 97
+ 36 98
+ 38 97
+ 40 96
+ 40 97
+ 42 96
+ 44 97
+ 48 94
+ 49 96
+ 51 95
+ 52 95
+ 56 95
+ 94 54
+ 98 56
+ 99 60
+ 100 56
x 62 63
x 64 64
x 66 65
x 68 67
x 69 69
x 70 71
x 73 73
x 74 74
x 75 75
x 76 77
x 79 79
x 81 81
x 83 83
x 84 84
x 85 85
x 86 87
x 89 88
x 90 90
x 91 91
x 92 93
x 94 95
x 97 97
x 99 98
x 100 100
Case #100: 242 163
o 1 2
o 2 5
o 3 7
o 4 1
o 5 3
o 6 11
o 7 6
o 8 4
o 9 15
o 10 18
o 11 20
o 12 22
o 13 8
o 14 25
o 15 27
o 16 9
o 17 30
o 18 12
o 19 10
o 20 34
o 21 36
o 22 14
o 23 39
o 24 13
o 25 42
o 26 44
o 27 17
o 28 47
o 29 16
o 30 50
o 31 19
o 32 53
o 33 55
o 34 57
o 35 21
o 36 61
o 37 63
o 38 23
o 39 66
o 40 24
o 41 69
o 42 71
o 43 26
o 44 74
o 45 76
o 46 28
o 47 79
o 48 29
o 49 82
o 50 84
o 51 31
o 52 87
o 53 89
o 54 32
o 55 92
o 56 33
o 57 95
o 58 37
o 59 35
o 60 99
o 63 38
o 66 40
o 68 41
o 71 43
o 74 45
o 76 46
o 79 48
o 81 49
o 84 51
o 86 52
o 89 54
o 92 56
o 95 58
o 97 59
o 100 60
+ 1 42
+ 1 45
+ 1 47
+ 1 48
+ 1 50
+ 1 51
+ 1 52
+ 1 54
+ 1 57
+ 1 58
+ 1 59
+ 1 62
+ 1 64
+ 1 65
+ 1 67
+ 1 70
+ 1 71
+ 1 72
+ 1 75
+ 1 77
+ 1 78
+ 1 80
+ 1 82
+ 1 83
+ 1 86
+ 1 89
+ 1 91
+ 1 92
+ 1 95
+ 1 97
+ 1 98
+ 2 100
+ 4 99
+ 6 98
+ 7 100
+ 11 97
+ 11 100
+ 14 98
+ 16 99
+ 18 98
+ 21 96
+ 21 99
+ 25 98
+ 26 98
+ 29 96
+ 30 98
+ 32 97
+ 35 97
+ 37 96
+ 38 98
+ 40 1
+ 41 96
+ 43 97
+ 46 98
+ 48 93
+ 49 97
+ 51 94
+ 54 96
+ 57 97
+ 95 54
+ 97 54
+ 100 55
+ 100 58
x 61 62
x 62 64
x 64 65
x 65 67
x 67 68
x 69 70
x 70 72
x 72 73
x 73 75
x 75 77
x 77 78
x 78 80
x 80 81
x 82 83
x 83 85
x 85 86
x 87 88
x 88 90
x 90 91
x 91 93
x 93 94
x 94 96
x 96 97
x 98 98
x 99 100
