Case #1: 
10000000000000000000000000000001 3 2 2 2 2 2 2 2 2
10000000000000000000000000000011 83 7 2 2 2 2 2 2 2
10000000000000000000000000000101 7 13 2 2 2 2 2 2 2
10000000000000000000000000000111 3 2 2 2 2 2 2 2 2
10000000000000000000000000001001 11 5 2 2 2 2 2 2 2
10000000000000000000000000001101 3 2 2 2 2 2 2 2 2
10000000000000000000000000001111 13 149 2 2 2 2 2 2 2
10000000000000000000000000010001 5 67 2 2 2 2 2 2 2
10000000000000000000000000010011 3 2 2 2 2 2 2 2 2
10000000000000000000000000010101 29 2 2 2 2 2 2 2 2
10000000000000000000000000010111 1409 20068583 2 2 2 2 2 2 2
10000000000000000000000000011001 3 2 2 2 2 2 2 2 2
10000000000000000000000000011101 31 5 2 2 2 2 2 2 2
10000000000000000000000000011111 3 2 2 2 2 2 2 2 2
10000000000000000000000000100001 7 13 2 2 2 2 2 2 2
10000000000000000000000000100011 19 2 2 2 2 2 2 2 2
10000000000000000000000000100101 3 2 2 2 2 2 2 2 2
10000000000000000000000000100111 107 7 2 2 2 2 2 2 2
10000000000000000000000000101001 13 2 2 2 2 2 2 2 2
10000000000000000000000000101011 3 163 2 2 2 2 2 2 2
10000000000000000000000000101111 5 2 2 2 2 2 2 2 2
10000000000000000000000000110001 3 2 2 2 2 2 2 2 2
10000000000000000000000000110011 443 5 2 2 2 2 2 2 2
10000000000000000000000000110101 11 17 2 2 2 2 2 2 2
10000000000000000000000000110111 3 2 2 2 2 2 2 2 2
10000000000000000000000000111001 5 317 2 2 2 2 2 2 2
10000000000000000000000000111011 17 2 2 2 2 2 2 2 2
10000000000000000000000000111101 3 2 2 2 2 2 2 2 2
10000000000000000000000000111111 23 199 2 2 2 2 2 2 2
10000000000000000000000001000011 3 2 2 2 2 2 2 2 2
10000000000000000000000001000101 373 2 2 2 2 2 2 2 2
10000000000000000000000001000111 709 17 2 2 2 2 2 2 2
10000000000000000000000001001001 3 2 2 2 2 2 2 2 2
10000000000000000000000001001011 7 7 2 2 2 2 2 2 2
10000000000000000000000001001111 3 2 2 2 2 2 2 2 2
10000000000000000000000001010001 13337 2 2 2 2 2 2 2 2
10000000000000000000000001010011 181 29 2 2 2 2 2 2 2
10000000000000000000000001010111 5 2 2 2 2 2 2 2 2
10000000000000000000000001011001 7 5 2 2 2 2 2 2 2
10000000000000000000000001011011 3 2 2 2 2 2 2 2 2
10000000000000000000000001011101 13 2 2 2 2 2 2 2 2
10000000000000000000000001100001 3 2 2 2 2 2 2 2 2
10000000000000000000000001100011 1933 11 2 2 2 2 2 2 2
10000000000000000000000001100111 3 2 2 2 2 2 2 2 2
10000000000000000000000001101011 5 2 2 2 2 2 2 2 2
10000000000000000000000001101101 3 2 2 2 2 2 2 2 2
10000000000000000000000001101111 19 7 2 2 2 2 2 2 2
10000000000000000000000001110001 163 7 2 2 2 2 2 2 2
10000000000000000000000001110011 3 2 2 2 2 2 2 2 2
10000000000000000000000001110101 5 2 2 2 2 2 2 2 2
10000000000000000000000001110111 11 1093 2 2 2 2 2 2 2
10000000000000000000000001111001 3 2 2 2 2 2 2 2 2
10000000000000000000000001111101 41 7013 2 2 2 2 2 2 2
10000000000000000000000001111111 3 2 2 2 2 2 2 2 2
10000000000000000000000010000011 7 2 2 2 2 2 2 2 2
10000000000000000000000010000101 3 2 2 2 2 2 2 2 2
10000000000000000000000010001001 5 2 2 2 2 2 2 2 2
10000000000000000000000010001011 3 5 2 2 2 2 2 2 2
10000000000000000000000010001101 11 103 2 2 2 2 2 2 2
10000000000000000000000010001111 359 2 2 2 2 2 2 2 2
10000000000000000000000010010001 3 2 2 2 2 2 2 2 2
10000000000000000000000010010011 5 7 2 2 2 2 2 2 2
10000000000000000000000010010101 19 5 2 2 2 2 2 2 2
10000000000000000000000010010111 3 2 2 2 2 2 2 2 2
10000000000000000000000010011001 31 11 2 2 2 2 2 2 2
10000000000000000000000010011011 23 2 2 2 2 2 2 2 2
10000000000000000000000010011101 3 2 2 2 2 2 2 2 2
10000000000000000000000010011111 7 5 2 2 2 2 2 2 2
10000000000000000000000010100001 17 2 2 2 2 2 2 2 2
10000000000000000000000010100011 3 1429 2 2 2 2 2 2 2
10000000000000000000000010100111 5 2 2 2 2 2 2 2 2
10000000000000000000000010101001 3 5 2 2 2 2 2 2 2
10000000000000000000000010101011 13 2 2 2 2 2 2 2 2
10000000000000000000000010101101 7 2 2 2 2 2 2 2 2
10000000000000000000000010110001 5 23 2 2 2 2 2 2 2
10000000000000000000000010110011 11197 2 2 2 2 2 2 2 2
10000000000000000000000010110101 3 2 2 2 2 2 2 2 2
10000000000000000000000010110111 2207 7 2 2 2 2 2 2 2
10000000000000000000000010111001 11 2 2 2 2 2 2 2 2
10000000000000000000000010111011 3 353 2 2 2 2 2 2 2
10000000000000000000000010111101 157 5 2 2 2 2 2 2 2
10000000000000000000000010111111 53 2 2 2 2 2 2 2 2
10000000000000000000000011000001 3 2 2 2 2 2 2 2 2
10000000000000000000000011000011 17 337 2 2 2 2 2 2 2
10000000000000000000000011000101 5 23 2 2 2 2 2 2 2
10000000000000000000000011000111 3 2 2 2 2 2 2 2 2
10000000000000000000000011001001 7 7 2 2 2 2 2 2 2
10000000000000000000000011001011 73 2 2 2 2 2 2 2 2
10000000000000000000000011001101 3 2 2 2 2 2 2 2 2
10000000000000000000000011001111 5 11 2 2 2 2 2 2 2
10000000000000000000000011010011 3 2 2 2 2 2 2 2 2
10000000000000000000000011010101 191 2 2 2 2 2 2 2 2
10000000000000000000000011010111 7 11953 2 2 2 2 2 2 2
10000000000000000000000011011001 3 2 2 2 2 2 2 2 2
10000000000000000000000011011111 3 2 2 2 2 2 2 2 2
10000000000000000000000011100001 19 1433 2 2 2 2 2 2 2
10000000000000000000000011100011 5 2 2 2 2 2 2 2 2
10000000000000000000000011100101 3 2 2 2 2 2 2 2 2
10000000000000000000000011101001 3847 2 2 2 2 2 2 2 2
10000000000000000000000011101011 3 17 2 2 2 2 2 2 2
10000000000000000000000011101101 5 7 2 2 2 2 2 2 2
10000000000000000000000011110001 3 2 2 2 2 2 2 2 2
10000000000000000000000011110011 7 139 2 2 2 2 2 2 2
10000000000000000000000011110111 3 2 2 2 2 2 2 2 2
10000000000000000000000011111001 13 5 2 2 2 2 2 2 2
10000000000000000000000011111011 11 2 2 2 2 2 2 2 2
10000000000000000000000011111101 3 2 2 2 2 2 2 2 2
10000000000000000000000011111111 28619 7 2 2 2 2 2 2 2
10000000000000000000000100000001 5 13 2 2 2 2 2 2 2
10000000000000000000000100000011 3 2 2 2 2 2 2 2 2
10000000000000000000000100000101 47 2 2 2 2 2 2 2 2
10000000000000000000000100000111 17 27941 2 2 2 2 2 2 2
10000000000000000000000100001001 3 2 2 2 2 2 2 2 2
10000000000000000000000100001011 5 2039 2 2 2 2 2 2 2
10000000000000000000000100001101 101 5 2 2 2 2 2 2 2
10000000000000000000000100001111 3 2 2 2 2 2 2 2 2
10000000000000000000000100010001 11 2 2 2 2 2 2 2 2
10000000000000000000000100010011 13 47 2 2 2 2 2 2 2
10000000000000000000000100010101 3 11 2 2 2 2 2 2 2
10000000000000000000000100010111 2293 2 2 2 2 2 2 2 2
10000000000000000000000100011011 3 2 2 2 2 2 2 2 2
10000000000000000000000100011101 7 2 2 2 2 2 2 2 2
10000000000000000000000100011111 5 7 2 2 2 2 2 2 2
10000000000000000000000100100001 3 2 2 2 2 2 2 2 2
10000000000000000000000100100011 79 5 2 2 2 2 2 2 2
10000000000000000000000100100101 23 79 2 2 2 2 2 2 2
10000000000000000000000100100111 3 2 2 2 2 2 2 2 2
10000000000000000000000100101001 5 239 2 2 2 2 2 2 2
10000000000000000000000100101011 7 2 2 2 2 2 2 2 2
10000000000000000000000100101101 3 2 2 2 2 2 2 2 2
10000000000000000000000100110011 3 2 2 2 2 2 2 2 2
10000000000000000000000100110101 439 2 2 2 2 2 2 2 2
10000000000000000000000100110111 29 5 2 2 2 2 2 2 2
10000000000000000000000100111001 3 2 2 2 2 2 2 2 2
10000000000000000000000100111011 71 11 2 2 2 2 2 2 2
10000000000000000000000100111101 5 105499 2 2 2 2 2 2 2
10000000000000000000000100111111 3 2 2 2 2 2 2 2 2
10000000000000000000000101000001 641 2 2 2 2 2 2 2 2
10000000000000000000000101000011 6379 211 2 2 2 2 2 2 2
10000000000000000000000101000101 3 902347 2 2 2 2 2 2 2
10000000000000000000000101000111 5 2 2 2 2 2 2 2 2
10000000000000000000000101001001 103 5 2 2 2 2 2 2 2
10000000000000000000000101001011 3 2 2 2 2 2 2 2 2
10000000000000000000000101001101 17077 2 2 2 2 2 2 2 2
10000000000000000000000101010001 3 17 2 2 2 2 2 2 2
10000000000000000000000101010011 11 2 2 2 2 2 2 2 2
10000000000000000000000101010101 7 2 2 2 2 2 2 2 2
10000000000000000000000101010111 3 44741 2 2 2 2 2 2 2
10000000000000000000000101011011 5 8161 2 2 2 2 2 2 2
10000000000000000000000101011101 3 5 2 2 2 2 2 2 2
10000000000000000000000101100001 13 89 2 2 2 2 2 2 2
10000000000000000000000101100011 3 2 2 2 2 2 2 2 2
10000000000000000000000101100101 5 2 2 2 2 2 2 2 2
10000000000000000000000101101001 3 2 2 2 2 2 2 2 2
10000000000000000000000101101011 2377 7 2 2 2 2 2 2 2
10000000000000000000000101101101 17 769 2 2 2 2 2 2 2
10000000000000000000000101101111 3 2 2 2 2 2 2 2 2
10000000000000000000000101110001 7 2 2 2 2 2 2 2 2
10000000000000000000000101110011 41 5 2 2 2 2 2 2 2
10000000000000000000000101110101 3 19 2 2 2 2 2 2 2
10000000000000000000000101110111 199 2 2 2 2 2 2 2 2
10000000000000000000000101111001 5 11 2 2 2 2 2 2 2
10000000000000000000000101111011 3 2 2 2 2 2 2 2 2
10000000000000000000000101111101 1987 2 2 2 2 2 2 2 2
10000000000000000000000101111111 7 13 2 2 2 2 2 2 2
10000000000000000000000110000001 3 2 2 2 2 2 2 2 2
10000000000000000000000110000011 5 41131 2 2 2 2 2 2 2
10000000000000000000000110000111 3 2 2 2 2 2 2 2 2
10000000000000000000000110001101 3 2 2 2 2 2 2 2 2
10000000000000000000000110001111 17 5 2 2 2 2 2 2 2
10000000000000000000000110010001 31 11 2 2 2 2 2 2 2
10000000000000000000000110010011 3 2 2 2 2 2 2 2 2
10000000000000000000000110010101 11 2 2 2 2 2 2 2 2
10000000000000000000000110010111 5 41 2 2 2 2 2 2 2
10000000000000000000000110011001 3 2 2 2 2 2 2 2 2
10000000000000000000000110011011 7 23 2 2 2 2 2 2 2
10000000000000000000000110011111 3 2 2 2 2 2 2 2 2
10000000000000000000000110100001 5 7 2 2 2 2 2 2 2
10000000000000000000000110100011 67 2 2 2 2 2 2 2 2
10000000000000000000000110100101 3 2 2 2 2 2 2 2 2
10000000000000000000000110100111 239 17 2 2 2 2 2 2 2
10000000000000000000000110101001 7 2 2 2 2 2 2 2 2
10000000000000000000000110101011 3 103 2 2 2 2 2 2 2
10000000000000000000000110101101 61 5 2 2 2 2 2 2 2
10000000000000000000000110101111 13 2 2 2 2 2 2 2 2
10000000000000000000000110110001 3 2 2 2 2 2 2 2 2
10000000000000000000000110110101 5 139 2 2 2 2 2 2 2
10000000000000000000000110110111 3 2 2 2 2 2 2 2 2
10000000000000000000000110111001 283 83 2 2 2 2 2 2 2
10000000000000000000000110111011 29443 2 2 2 2 2 2 2 2
10000000000000000000000110111101 3 2 2 2 2 2 2 2 2
10000000000000000000000110111111 5 229 2 2 2 2 2 2 2
10000000000000000000000111000001 11 5 2 2 2 2 2 2 2
10000000000000000000000111000011 3 2 2 2 2 2 2 2 2
10000000000000000000000111000101 7 2 2 2 2 2 2 2 2
10000000000000000000000111000111 977 11 2 2 2 2 2 2 2
10000000000000000000000111001001 3 2 2 2 2 2 2 2 2
10000000000000000000000111001011 37 5 2 2 2 2 2 2 2
10000000000000000000000111001111 3 2 2 2 2 2 2 2 2
10000000000000000000000111010001 43 2 2 2 2 2 2 2 2
10000000000000000000000111010011 5 19 2 2 2 2 2 2 2
10000000000000000000000111010101 3 5 2 2 2 2 2 2 2
10000000000000000000000111010111 11 2 2 2 2 2 2 2 2
10000000000000000000000111011011 3 2 2 2 2 2 2 2 2
10000000000000000000000111011101 5 2 2 2 2 2 2 2 2
10000000000000000000000111011111 1051 5 2 2 2 2 2 2 2
10000000000000000000000111100001 3 2 2 2 2 2 2 2 2
10000000000000000000000111100011 13 2273 2 2 2 2 2 2 2
10000000000000000000000111100101 29 53 2 2 2 2 2 2 2
10000000000000000000000111100111 3 2 2 2 2 2 2 2 2
10000000000000000000000111101001 461 5 2 2 2 2 2 2 2
10000000000000000000000111101011 19 2 2 2 2 2 2 2 2
10000000000000000000000111101101 3 2 2 2 2 2 2 2 2
10000000000000000000000111101111 7 13 2 2 2 2 2 2 2
10000000000000000000000111110011 3 2 2 2 2 2 2 2 2
10000000000000000000000111110101 17 2 2 2 2 2 2 2 2
10000000000000000000000111110111 157 43 2 2 2 2 2 2 2
10000000000000000000000111111001 3 2 2 2 2 2 2 2 2
10000000000000000000000111111011 5 7 2 2 2 2 2 2 2
10000000000000000000000111111101 7 5 2 2 2 2 2 2 2
10000000000000000000000111111111 3 2 2 2 2 2 2 2 2
10000000000000000000001000000011 11 2 2 2 2 2 2 2 2
10000000000000000000001000000101 3 2 2 2 2 2 2 2 2
10000000000000000000001000001001 8849 2 2 2 2 2 2 2 2
10000000000000000000001000001011 3 17 2 2 2 2 2 2 2
10000000000000000000001000001101 31 11 2 2 2 2 2 2 2
10000000000000000000001000001111 5 2 2 2 2 2 2 2 2
10000000000000000000001000010001 3 2 2 2 2 2 2 2 2
10000000000000000000001000010011 131 5 2 2 2 2 2 2 2
10000000000000000000001000010101 37 43891 2 2 2 2 2 2 2
10000000000000000000001000010111 3 2 2 2 2 2 2 2 2
10000000000000000000001000011011 6421 2 2 2 2 2 2 2 2
10000000000000000000001000011101 3 2 2 2 2 2 2 2 2
10000000000000000000001000100001 631 2 2 2 2 2 2 2 2
10000000000000000000001000100011 3 31 2 2 2 2 2 2 2
10000000000000000000001000100111 7 2 2 2 2 2 2 2 2
10000000000000000000001000101001 3 7 2 2 2 2 2 2 2
10000000000000000000001000101101 5 2 2 2 2 2 2 2 2
10000000000000000000001000101111 3 131 2 2 2 2 2 2 2
10000000000000000000001000110001 13 5 2 2 2 2 2 2 2
10000000000000000000001000110011 1949 2 2 2 2 2 2 2 2
10000000000000000000001000110101 3 2 2 2 2 2 2 2 2
10000000000000000000001000110111 5 17 2 2 2 2 2 2 2
10000000000000000000001000111001 17 2 2 2 2 2 2 2 2
10000000000000000000001000111011 3 5 2 2 2 2 2 2 2
10000000000000000000001001000001 3 2 2 2 2 2 2 2 2
10000000000000000000001001000011 7 7 2 2 2 2 2 2 2
10000000000000000000001001000111 3 2 2 2 2 2 2 2 2
10000000000000000000001001001011 5 2 2 2 2 2 2 2 2
10000000000000000000001001001101 3 2 2 2 2 2 2 2 2
10000000000000000000001001010001 7 509 2 2 2 2 2 2 2
10000000000000000000001001010011 3 2 2 2 2 2 2 2 2
10000000000000000000001001010101 5 2 2 2 2 2 2 2 2
10000000000000000000001001010111 71 19 2 2 2 2 2 2 2
10000000000000000000001001011001 3 2 2 2 2 2 2 2 2
10000000000000000000001001011011 11 13 2 2 2 2 2 2 2
10000000000000000000001001011101 19 17 2 2 2 2 2 2 2
10000000000000000000001001011111 3 2 2 2 2 2 2 2 2
10000000000000000000001001100101 3 2 2 2 2 2 2 2 2
10000000000000000000001001100111 23 5 2 2 2 2 2 2 2
10000000000000000000001001101001 5 2 2 2 2 2 2 2 2
10000000000000000000001001101011 3 161753 2 2 2 2 2 2 2
10000000000000000000001001110001 3 2 2 2 2 2 2 2 2
10000000000000000000001001110011 5 1093 2 2 2 2 2 2 2
10000000000000000000001001110111 3 2 2 2 2 2 2 2 2
10000000000000000000001001111001 613 37 2 2 2 2 2 2 2
10000000000000000000001001111011 7 2 2 2 2 2 2 2 2
10000000000000000000001001111101 3 2 2 2 2 2 2 2 2
10000000000000000000001001111111 13 11 2 2 2 2 2 2 2
10000000000000000000001010000001 73 2 2 2 2 2 2 2 2
10000000000000000000001010000011 3 19 2 2 2 2 2 2 2
10000000000000000000001010000101 89 41 2 2 2 2 2 2 2
10000000000000000000001010000111 5 2 2 2 2 2 2 2 2
10000000000000000000001010001001 3 5 2 2 2 2 2 2 2
10000000000000000000001010001011 2579 2 2 2 2 2 2 2 2
10000000000000000000001010001101 59 2 2 2 2 2 2 2 2
10000000000000000000001010001111 3 115151 2 2 2 2 2 2 2
10000000000000000000001010010001 5 89 2 2 2 2 2 2 2
10000000000000000000001010010011 29 2 2 2 2 2 2 2 2
10000000000000000000001010010101 3 2 2 2 2 2 2 2 2
10000000000000000000001010010111 7 11 2 2 2 2 2 2 2
10000000000000000000001010011001 13 2 2 2 2 2 2 2 2
10000000000000000000001010011011 3 79 2 2 2 2 2 2 2
10000000000000000000001010011101 11 5 2 2 2 2 2 2 2
10000000000000000000001010011111 17 2 2 2 2 2 2 2 2
10000000000000000000001010100001 3 9643 2 2 2 2 2 2 2
10000000000000000000001010100011 37369 2 2 2 2 2 2 2 2
10000000000000000000001010100101 5 2 2 2 2 2 2 2 2
10000000000000000000001010100111 3 41 2 2 2 2 2 2 2
10000000000000000000001010101001 19 2 2 2 2 2 2 2 2
10000000000000000000001010101111 5 2 2 2 2 2 2 2 2
10000000000000000000001010110011 3 5 2 2 2 2 2 2 2
10000000000000000000001010110101 307 997 2 2 2 2 2 2 2
10000000000000000000001010110111 233 2 2 2 2 2 2 2 2
10000000000000000000001010111001 3 7 2 2 2 2 2 2 2
10000000000000000000001010111011 41 2 2 2 2 2 2 2 2
10000000000000000000001010111111 3 59 2 2 2 2 2 2 2
10000000000000000000001011000001 7 7 2 2 2 2 2 2 2
10000000000000000000001011000011 5 2 2 2 2 2 2 2 2
10000000000000000000001011000101 3 2 2 2 2 2 2 2 2
10000000000000000000001011000111 31 263 2 2 2 2 2 2 2
10000000000000000000001011001001 11 2 2 2 2 2 2 2 2
10000000000000000000001011001011 3 13 2 2 2 2 2 2 2
10000000000000000000001011001111 7 2 2 2 2 2 2 2 2
10000000000000000000001011010001 3 2 2 2 2 2 2 2 2
10000000000000000000001011010011 43 7 2 2 2 2 2 2 2
10000000000000000000001011010101 421 11 2 2 2 2 2 2 2
10000000000000000000001011010111 3 2 2 2 2 2 2 2 2
10000000000000000000001011011011 47 2 2 2 2 2 2 2 2
10000000000000000000001011011101 3 2 2 2 2 2 2 2 2
10000000000000000000001011011111 11 31 2 2 2 2 2 2 2
10000000000000000000001011100001 5 2 2 2 2 2 2 2 2
10000000000000000000001011100011 3 3402271 2 2 2 2 2 2 2
10000000000000000000001011100101 71 7 2 2 2 2 2 2 2
10000000000000000000001011100111 13 2 2 2 2 2 2 2 2
10000000000000000000001011101001 3 6173 2 2 2 2 2 2 2
10000000000000000000001011101011 5 2 2 2 2 2 2 2 2
10000000000000000000001011101101 8713 2 2 2 2 2 2 2 2
10000000000000000000001011101111 3 627559 2 2 2 2 2 2 2
10000000000000000000001011110001 23 617 2 2 2 2 2 2 2
10000000000000000000001011110011 37 2 2 2 2 2 2 2 2
10000000000000000000001011110101 3 2 2 2 2 2 2 2 2
10000000000000000000001011110111 1153 7 2 2 2 2 2 2 2
10000000000000000000001011111001 7 2 2 2 2 2 2 2 2
10000000000000000000001011111011 3 11 2 2 2 2 2 2 2
10000000000000000000001011111101 79 8354807 2 2 2 2 2 2 2
10000000000000000000001011111111 5 2 2 2 2 2 2 2 2
10000000000000000000001100000001 3 2 2 2 2 2 2 2 2
10000000000000000000001100000011 59 5 2 2 2 2 2 2 2
10000000000000000000001100000101 17 7 2 2 2 2 2 2 2
10000000000000000000001100000111 3 2 2 2 2 2 2 2 2
10000000000000000000001100001001 5 8779853 2 2 2 2 2 2 2
10000000000000000000001100001011 11 2 2 2 2 2 2 2 2
10000000000000000000001100001101 3 2 2 2 2 2 2 2 2
10000000000000000000001100001111 113 211 2 2 2 2 2 2 2
10000000000000000000001100010011 3 2 2 2 2 2 2 2 2
10000000000000000000001100010101 7 2 2 2 2 2 2 2 2
10000000000000000000001100011001 3 2 2 2 2 2 2 2 2
10000000000000000000001100011011 13 73 2 2 2 2 2 2 2
10000000000000000000001100011101 5 224669 2 2 2 2 2 2 2
10000000000000000000001100011111 3 2 2 2 2 2 2 2 2
10000000000000000000001100100001 11 5 2 2 2 2 2 2 2
10000000000000000000001100100011 7 2 2 2 2 2 2 2 2
10000000000000000000001100100101 3 2 2 2 2 2 2 2 2
10000000000000000000001100100111 5 5031833 2 2 2 2 2 2 2
10000000000000000000001100101001 43 2 2 2 2 2 2 2 2
10000000000000000000001100101011 3 5 2 2 2 2 2 2 2
10000000000000000000001100101111 373 2 2 2 2 2 2 2 2
10000000000000000000001100110001 3 2 2 2 2 2 2 2 2
10000000000000000000001100110011 877 4945103 2 2 2 2 2 2 2
10000000000000000000001100110101 13 5 2 2 2 2 2 2 2
10000000000000000000001100110111 3 2 2 2 2 2 2 2 2
10000000000000000000001100111001 47 139 2 2 2 2 2 2 2
10000000000000000000001100111011 5 2 2 2 2 2 2 2 2
10000000000000000000001100111101 3 2 2 2 2 2 2 2 2
10000000000000000000001100111111 7 5 2 2 2 2 2 2 2
10000000000000000000001101000001 19 229 2 2 2 2 2 2 2
10000000000000000000001101000011 3 2 2 2 2 2 2 2 2
10000000000000000000001101000101 5 2 2 2 2 2 2 2 2
10000000000000000000001101000111 271 359 2 2 2 2 2 2 2
10000000000000000000001101001001 3 2 2 2 2 2 2 2 2
10000000000000000000001101001101 7 7 2 2 2 2 2 2 2
10000000000000000000001101001111 3 2 2 2 2 2 2 2 2
10000000000000000000001101010001 30757 2 2 2 2 2 2 2 2
10000000000000000000001101010101 3 127 2 2 2 2 2 2 2
10000000000000000000001101010111 38903 2 2 2 2 2 2 2 2
10000000000000000000001101011001 5 7481531 2 2 2 2 2 2 2
10000000000000000000001101011011 3 2 2 2 2 2 2 2 2
10000000000000000000001101011101 359 2 2 2 2 2 2 2 2
10000000000000000000001101011111 41 7 2 2 2 2 2 2 2
10000000000000000000001101100001 3 2 2 2 2 2 2 2 2
10000000000000000000001101100011 5 7 2 2 2 2 2 2 2
10000000000000000000001101100111 3 2 2 2 2 2 2 2 2
10000000000000000000001101101001 7 11 2 2 2 2 2 2 2
10000000000000000000001101101011 17 2 2 2 2 2 2 2 2
10000000000000000000001101101101 3 2 2 2 2 2 2 2 2
10000000000000000000001101110001 127 5 2 2 2 2 2 2 2
10000000000000000000001101110011 3 2 2 2 2 2 2 2 2
10000000000000000000001101110101 4877 2 2 2 2 2 2 2 2
10000000000000000000001101110111 5 11 2 2 2 2 2 2 2
10000000000000000000001101111001 3 2 2 2 2 2 2 2 2
10000000000000000000001101111011 23 5 2 2 2 2 2 2 2
10000000000000000000001101111111 3 2 2 2 2 2 2 2 2
10000000000000000000001110000001 5 11 2 2 2 2 2 2 2
10000000000000000000001110000011 13 2 2 2 2 2 2 2 2
10000000000000000000001110000101 3 2 2 2 2 2 2 2 2
10000000000000000000001110000111 37 122833 2 2 2 2 2 2 2
10000000000000000000001110001011 3 62627 2 2 2 2 2 2 2
10000000000000000000001110001101 17 5 2 2 2 2 2 2 2
10000000000000000000001110001111 11 2 2 2 2 2 2 2 2
10000000000000000000001110010001 3 2 2 2 2 2 2 2 2
10000000000000000000001110010101 5 7 2 2 2 2 2 2 2
10000000000000000000001110010111 3 2 2 2 2 2 2 2 2
10000000000000000000001110011011 79 2 2 2 2 2 2 2 2
10000000000000000000001110011101 3 2 2 2 2 2 2 2 2
10000000000000000000001110100001 7 2 2 2 2 2 2 2 2
10000000000000000000001110100011 3 5 2 2 2 2 2 2 2
10000000000000000000001110100111 25031 2 2 2 2 2 2 2 2
10000000000000000000001110101011 457 2 2 2 2 2 2 2 2
10000000000000000000001110101101 197 2 2 2 2 2 2 2 2
10000000000000000000001110101111 3 13 2 2 2 2 2 2 2
10000000000000000000001110110001 41 37 2 2 2 2 2 2 2
10000000000000000000001110110011 5 2 2 2 2 2 2 2 2
10000000000000000000001110110101 3 2 2 2 2 2 2 2 2
10000000000000000000001110110111 13 5 2 2 2 2 2 2 2
10000000000000000000001110111011 3 24247 2 2 2 2 2 2 2
10000000000000000000001110111101 5 13 2 2 2 2 2 2 2
10000000000000000000001110111111 31 2 2 2 2 2 2 2 2
10000000000000000000001111000001 3 2 2 2 2 2 2 2 2
10000000000000000000001111000111 3 2 2 2 2 2 2 2 2
10000000000000000000001111001011 7 2 2 2 2 2 2 2 2
10000000000000000000001111001101 3 2 2 2 2 2 2 2 2
10000000000000000000001111001111 31379 17 2 2 2 2 2 2 2
10000000000000000000001111010001 5 5701 2 2 2 2 2 2 2
10000000000000000000001111010011 3 2 2 2 2 2 2 2 2
10000000000000000000001111010101 43 2 2 2 2 2 2 2 2
10000000000000000000001111010111 23 21787 2 2 2 2 2 2 2
10000000000000000000001111011001 3 2 2 2 2 2 2 2 2
10000000000000000000001111011011 5 101 2 2 2 2 2 2 2
10000000000000000000001111011101 28603 5 2 2 2 2 2 2 2
10000000000000000000001111011111 3 2 2 2 2 2 2 2 2
10000000000000000000001111100011 9941 2 2 2 2 2 2 2 2
10000000000000000000001111100101 3 2 2 2 2 2 2 2 2
10000000000000000000001111100111 7 13 2 2 2 2 2 2 2
10000000000000000000001111101001 89 2 2 2 2 2 2 2 2
10000000000000000000001111101111 5 2 2 2 2 2 2 2 2
10000000000000000000001111110001 3 2 2 2 2 2 2 2 2
10000000000000000000001111110011 17 5 2 2 2 2 2 2 2
10000000000000000000001111110101 7 13 2 2 2 2 2 2 2
10000000000000000000001111110111 3 2 2 2 2 2 2 2 2
10000000000000000000001111111001 5 19 2 2 2 2 2 2 2
10000000000000000000001111111011 2543 2 2 2 2 2 2 2 2
10000000000000000000001111111101 3 2 2 2 2 2 2 2 2
10000000000000000000001111111111 19 29 2 2 2 2 2 2 2
10000000000000000000010000000001 71 59 2 2 2 2 2 2 2
10000000000000000000010000000011 3 2 2 2 2 2 2 2 2
10000000000000000000010000000101 13 2 2 2 2 2 2 2 2
10000000000000000000010000001001 3 2 2 2 2 2 2 2 2
10000000000000000000010000001011 263 103 2 2 2 2 2 2 2
10000000000000000000010000001101 5 17 2 2 2 2 2 2 2
10000000000000000000010000001111 3 2 2 2 2 2 2 2 2
10000000000000000000010000010001 7 2 2 2 2 2 2 2 2
10000000000000000000010000010011 11 13 2 2 2 2 2 2 2
10000000000000000000010000010101 3 7 2 2 2 2 2 2 2
10000000000000000000010000010111 5 2 2 2 2 2 2 2 2
10000000000000000000010000011011 3 2 2 2 2 2 2 2 2
10000000000000000000010000011101 149 2 2 2 2 2 2 2 2
10000000000000000000010000011111 7 37 2 2 2 2 2 2 2
10000000000000000000010000100001 3 2 2 2 2 2 2 2 2
10000000000000000000010000100011 5869 359 2 2 2 2 2 2 2
10000000000000000000010000100101 19 1777 2 2 2 2 2 2 2
10000000000000000000010000100111 3 2 2 2 2 2 2 2 2
10000000000000000000010000101001 11 11 2 2 2 2 2 2 2
10000000000000000000010000101011 5 2 2 2 2 2 2 2 2
10000000000000000000010000101101 3 2 2 2 2 2 2 2 2
10000000000000000000010000101111 367 89 2 2 2 2 2 2 2
10000000000000000000010000110011 3 2 2 2 2 2 2 2 2
10000000000000000000010000110101 5 2 2 2 2 2 2 2 2
10000000000000000000010000110111 17 11 2 2 2 2 2 2 2
10000000000000000000010000111001 3 2 2 2 2 2 2 2 2
10000000000000000000010000111011 7 59 2 2 2 2 2 2 2
10000000000000000000010000111111 3 2 2 2 2 2 2 2 2
10000000000000000000010001000001 67 2 2 2 2 2 2 2 2
10000000000000000000010001000011 163 11 2 2 2 2 2 2 2
10000000000000000000010001000101 3 5 2 2 2 2 2 2 2
10000000000000000000010001000111 509 2 2 2 2 2 2 2 2
10000000000000000000010001001001 5 87517 2 2 2 2 2 2 2
10000000000000000000010001001011 3 2 2 2 2 2 2 2 2
10000000000000000000010001001101 571 2 2 2 2 2 2 2 2
10000000000000000000010001010001 3 71 2 2 2 2 2 2 2
10000000000000000000010001010011 5 2 2 2 2 2 2 2 2
10000000000000000000010001010101 11 2 2 2 2 2 2 2 2
10000000000000000000010001010111 3 2220671 2 2 2 2 2 2 2
10000000000000000000010001011001 17 2 2 2 2 2 2 2 2
10000000000000000000010001011011 22643 239 2 2 2 2 2 2 2
10000000000000000000010001011101 3 7 2 2 2 2 2 2 2
10000000000000000000010001011111 28859 2 2 2 2 2 2 2 2
10000000000000000000010001100001 23 7 2 2 2 2 2 2 2
10000000000000000000010001100011 3 2 2 2 2 2 2 2 2
10000000000000000000010001100101 7 2 2 2 2 2 2 2 2
10000000000000000000010001100111 5 57557 2 2 2 2 2 2 2
10000000000000000000010001101001 3 2 2 2 2 2 2 2 2
10000000000000000000010001101011 11 131 2 2 2 2 2 2 2
10000000000000000000010001101101 13 5 2 2 2 2 2 2 2
10000000000000000000010001101111 3 2 2 2 2 2 2 2 2
10000000000000000000010001110001 5 2 2 2 2 2 2 2 2
10000000000000000000010001110011 7 7 2 2 2 2 2 2 2
10000000000000000000010001110101 3 11 2 2 2 2 2 2 2
10000000000000000000010001111011 3 2 2 2 2 2 2 2 2
10000000000000000000010001111101 12829 2 2 2 2 2 2 2 2
10000000000000000000010001111111 347 791387 2 2 2 2 2 2 2
10000000000000000000010010000001 3 2 2 2 2 2 2 2 2
10000000000000000000010010000011 6203 7 2 2 2 2 2 2 2
10000000000000000000010010000101 5 53 2 2 2 2 2 2 2
10000000000000000000010010000111 3 2 2 2 2 2 2 2 2
10000000000000000000010010001001 61 491 2 2 2 2 2 2 2
10000000000000000000010010001011 173 2 2 2 2 2 2 2 2
10000000000000000000010010001101 3 2 2 2 2 2 2 2 2
10000000000000000000010010001111 5 13309 2 2 2 2 2 2 2
10000000000000000000010010010001 181 5 2 2 2 2 2 2 2